<?xml version="1.0" encoding="UTF-8"?>
<coverage generated="1731653797629" clover="3.2.0">
  <project timestamp="1731653797629" name="All files">
    <metrics statements="1286" coveredstatements="1145" conditionals="473" coveredconditionals="207" methods="364" coveredmethods="128" elements="2123" coveredelements="1480" complexity="0" loc="1286" ncloc="1286" packages="119" files="190" classes="190"/>
    <package name="construct.FileTimeCnstr">
      <metrics statements="16" coveredstatements="14" conditionals="6" coveredconditionals="0" methods="2" coveredmethods="0"/>
      <file name="FileTimeCnstr.styles.ts" path="/home/whoami/frontend/commerce-projects/df_boilerplate-main/src/construct/FileTimeCnstr/FileTimeCnstr.styles.ts">
        <metrics statements="3" coveredstatements="3" conditionals="6" coveredconditionals="0" methods="1" coveredmethods="0"/>
        <line num="1" count="1" type="stmt"/>
        <line num="3" count="1" type="stmt"/>
        <line num="5" count="1" type="stmt"/>
      </file>
      <file name="FileTimeCnstr.tsx" path="/home/whoami/frontend/commerce-projects/df_boilerplate-main/src/construct/FileTimeCnstr/FileTimeCnstr.tsx">
        <metrics statements="13" coveredstatements="11" conditionals="0" coveredconditionals="0" methods="1" coveredmethods="0"/>
        <line num="2" count="1" type="stmt"/>
        <line num="3" count="1" type="stmt"/>
        <line num="4" count="1" type="stmt"/>
        <line num="5" count="1" type="stmt"/>
        <line num="6" count="1" type="stmt"/>
        <line num="7" count="1" type="stmt"/>
        <line num="8" count="1" type="stmt"/>
        <line num="9" count="1" type="stmt"/>
        <line num="10" count="1" type="stmt"/>
        <line num="11" count="1" type="stmt"/>
        <line num="19" count="1" type="stmt"/>
        <line num="20" count="0" type="stmt"/>
        <line num="22" count="0" type="stmt"/>
      </file>
    </package>
    <package name="construct.FileTimeCnstr.FileTimeMdCnstr">
      <metrics statements="15" coveredstatements="13" conditionals="6" coveredconditionals="0" methods="2" coveredmethods="0"/>
      <file name="FileTimeMdCnstr.styles.ts" path="/home/whoami/frontend/commerce-projects/df_boilerplate-main/src/construct/FileTimeCnstr/FileTimeMdCnstr/FileTimeMdCnstr.styles.ts">
        <metrics statements="4" coveredstatements="4" conditionals="6" coveredconditionals="0" methods="1" coveredmethods="0"/>
        <line num="1" count="1" type="stmt"/>
        <line num="3" count="1" type="stmt"/>
        <line num="4" count="1" type="stmt"/>
        <line num="6" count="1" type="stmt"/>
      </file>
      <file name="FileTimeMdCnstr.tsx" path="/home/whoami/frontend/commerce-projects/df_boilerplate-main/src/construct/FileTimeCnstr/FileTimeMdCnstr/FileTimeMdCnstr.tsx">
        <metrics statements="11" coveredstatements="9" conditionals="0" coveredconditionals="0" methods="1" coveredmethods="0"/>
        <line num="2" count="1" type="stmt"/>
        <line num="3" count="1" type="stmt"/>
        <line num="4" count="1" type="stmt"/>
        <line num="5" count="1" type="stmt"/>
        <line num="6" count="1" type="stmt"/>
        <line num="7" count="1" type="stmt"/>
        <line num="8" count="1" type="stmt"/>
        <line num="9" count="1" type="stmt"/>
        <line num="17" count="1" type="stmt"/>
        <line num="18" count="0" type="stmt"/>
        <line num="19" count="0" type="stmt"/>
      </file>
    </package>
    <package name="construct.FileTimeCnstr.FileTimeSmCnstr">
      <metrics statements="14" coveredstatements="12" conditionals="6" coveredconditionals="0" methods="2" coveredmethods="0"/>
      <file name="FileTimeSmCnstr.styles.ts" path="/home/whoami/frontend/commerce-projects/df_boilerplate-main/src/construct/FileTimeCnstr/FileTimeSmCnstr/FileTimeSmCnstr.styles.ts">
        <metrics statements="3" coveredstatements="3" conditionals="6" coveredconditionals="0" methods="1" coveredmethods="0"/>
        <line num="1" count="1" type="stmt"/>
        <line num="3" count="1" type="stmt"/>
        <line num="5" count="1" type="stmt"/>
      </file>
      <file name="FileTimeSmCnstr.tsx" path="/home/whoami/frontend/commerce-projects/df_boilerplate-main/src/construct/FileTimeCnstr/FileTimeSmCnstr/FileTimeSmCnstr.tsx">
        <metrics statements="11" coveredstatements="9" conditionals="0" coveredconditionals="0" methods="1" coveredmethods="0"/>
        <line num="2" count="1" type="stmt"/>
        <line num="3" count="1" type="stmt"/>
        <line num="4" count="1" type="stmt"/>
        <line num="5" count="1" type="stmt"/>
        <line num="6" count="1" type="stmt"/>
        <line num="7" count="1" type="stmt"/>
        <line num="8" count="1" type="stmt"/>
        <line num="9" count="1" type="stmt"/>
        <line num="17" count="1" type="stmt"/>
        <line num="18" count="0" type="stmt"/>
        <line num="20" count="0" type="stmt"/>
      </file>
    </package>
    <package name="construct.FileWidgetCnstr">
      <metrics statements="16" coveredstatements="14" conditionals="8" coveredconditionals="0" methods="2" coveredmethods="0"/>
      <file name="FileWidgetCnstr.styles.ts" path="/home/whoami/frontend/commerce-projects/df_boilerplate-main/src/construct/FileWidgetCnstr/FileWidgetCnstr.styles.ts">
        <metrics statements="3" coveredstatements="3" conditionals="8" coveredconditionals="0" methods="1" coveredmethods="0"/>
        <line num="1" count="1" type="stmt"/>
        <line num="3" count="1" type="stmt"/>
        <line num="5" count="1" type="stmt"/>
      </file>
      <file name="FileWidgetCnstr.tsx" path="/home/whoami/frontend/commerce-projects/df_boilerplate-main/src/construct/FileWidgetCnstr/FileWidgetCnstr.tsx">
        <metrics statements="13" coveredstatements="11" conditionals="0" coveredconditionals="0" methods="1" coveredmethods="0"/>
        <line num="3" count="1" type="stmt"/>
        <line num="4" count="1" type="stmt"/>
        <line num="5" count="1" type="stmt"/>
        <line num="6" count="1" type="stmt"/>
        <line num="7" count="1" type="stmt"/>
        <line num="8" count="1" type="stmt"/>
        <line num="9" count="1" type="stmt"/>
        <line num="10" count="1" type="stmt"/>
        <line num="11" count="1" type="stmt"/>
        <line num="12" count="1" type="stmt"/>
        <line num="20" count="1" type="stmt"/>
        <line num="21" count="0" type="stmt"/>
        <line num="22" count="0" type="stmt"/>
      </file>
    </package>
    <package name="construct.FileWidgetCnstr.FileWidgetLgCnstr">
      <metrics statements="14" coveredstatements="12" conditionals="8" coveredconditionals="0" methods="2" coveredmethods="0"/>
      <file name="FileWidgetLgCnstr.styles.ts" path="/home/whoami/frontend/commerce-projects/df_boilerplate-main/src/construct/FileWidgetCnstr/FileWidgetLgCnstr/FileWidgetLgCnstr.styles.ts">
        <metrics statements="4" coveredstatements="4" conditionals="8" coveredconditionals="0" methods="1" coveredmethods="0"/>
        <line num="1" count="1" type="stmt"/>
        <line num="3" count="1" type="stmt"/>
        <line num="4" count="1" type="stmt"/>
        <line num="6" count="1" type="stmt"/>
      </file>
      <file name="FileWidgetLgCnstr.tsx" path="/home/whoami/frontend/commerce-projects/df_boilerplate-main/src/construct/FileWidgetCnstr/FileWidgetLgCnstr/FileWidgetLgCnstr.tsx">
        <metrics statements="10" coveredstatements="8" conditionals="0" coveredconditionals="0" methods="1" coveredmethods="0"/>
        <line num="2" count="1" type="stmt"/>
        <line num="4" count="1" type="stmt"/>
        <line num="5" count="1" type="stmt"/>
        <line num="6" count="1" type="stmt"/>
        <line num="7" count="1" type="stmt"/>
        <line num="8" count="1" type="stmt"/>
        <line num="9" count="1" type="stmt"/>
        <line num="17" count="1" type="stmt"/>
        <line num="18" count="0" type="stmt"/>
        <line num="20" count="0" type="stmt"/>
      </file>
    </package>
    <package name="construct.FileWidgetCnstr.FileWidgetMdCnstr">
      <metrics statements="14" coveredstatements="12" conditionals="8" coveredconditionals="0" methods="2" coveredmethods="0"/>
      <file name="FileWidgetMdCnstr.styles.ts" path="/home/whoami/frontend/commerce-projects/df_boilerplate-main/src/construct/FileWidgetCnstr/FileWidgetMdCnstr/FileWidgetMdCnstr.styles.ts">
        <metrics statements="4" coveredstatements="4" conditionals="8" coveredconditionals="0" methods="1" coveredmethods="0"/>
        <line num="1" count="1" type="stmt"/>
        <line num="3" count="1" type="stmt"/>
        <line num="4" count="1" type="stmt"/>
        <line num="6" count="1" type="stmt"/>
      </file>
      <file name="FileWidgetMdCnstr.tsx" path="/home/whoami/frontend/commerce-projects/df_boilerplate-main/src/construct/FileWidgetCnstr/FileWidgetMdCnstr/FileWidgetMdCnstr.tsx">
        <metrics statements="10" coveredstatements="8" conditionals="0" coveredconditionals="0" methods="1" coveredmethods="0"/>
        <line num="3" count="1" type="stmt"/>
        <line num="4" count="1" type="stmt"/>
        <line num="5" count="1" type="stmt"/>
        <line num="6" count="1" type="stmt"/>
        <line num="7" count="1" type="stmt"/>
        <line num="8" count="1" type="stmt"/>
        <line num="9" count="1" type="stmt"/>
        <line num="17" count="1" type="stmt"/>
        <line num="18" count="0" type="stmt"/>
        <line num="20" count="0" type="stmt"/>
      </file>
    </package>
    <package name="construct.FileWidgetCnstr.FileWidgetSmCnstr">
      <metrics statements="13" coveredstatements="11" conditionals="8" coveredconditionals="0" methods="2" coveredmethods="0"/>
      <file name="FileWidgetSmCnstr.styles.ts" path="/home/whoami/frontend/commerce-projects/df_boilerplate-main/src/construct/FileWidgetCnstr/FileWidgetSmCnstr/FileWidgetSmCnstr.styles.ts">
        <metrics statements="3" coveredstatements="3" conditionals="8" coveredconditionals="0" methods="1" coveredmethods="0"/>
        <line num="1" count="1" type="stmt"/>
        <line num="3" count="1" type="stmt"/>
        <line num="5" count="1" type="stmt"/>
      </file>
      <file name="FileWidgetSmCnstr.tsx" path="/home/whoami/frontend/commerce-projects/df_boilerplate-main/src/construct/FileWidgetCnstr/FileWidgetSmCnstr/FileWidgetSmCnstr.tsx">
        <metrics statements="10" coveredstatements="8" conditionals="0" coveredconditionals="0" methods="1" coveredmethods="0"/>
        <line num="1" count="1" type="stmt"/>
        <line num="3" count="1" type="stmt"/>
        <line num="4" count="1" type="stmt"/>
        <line num="6" count="1" type="stmt"/>
        <line num="7" count="1" type="stmt"/>
        <line num="8" count="1" type="stmt"/>
        <line num="9" count="1" type="stmt"/>
        <line num="17" count="1" type="stmt"/>
        <line num="18" count="0" type="stmt"/>
        <line num="20" count="0" type="stmt"/>
      </file>
    </package>
    <package name="construct.PersonRoleCnstr">
      <metrics statements="12" coveredstatements="10" conditionals="10" coveredconditionals="0" methods="2" coveredmethods="0"/>
      <file name="PersonRoleCnstr.styles.ts" path="/home/whoami/frontend/commerce-projects/df_boilerplate-main/src/construct/PersonRoleCnstr/PersonRoleCnstr.styles.ts">
        <metrics statements="3" coveredstatements="3" conditionals="10" coveredconditionals="0" methods="1" coveredmethods="0"/>
        <line num="1" count="1" type="stmt"/>
        <line num="3" count="1" type="stmt"/>
        <line num="5" count="1" type="stmt"/>
      </file>
      <file name="PersonRoleCnstr.tsx" path="/home/whoami/frontend/commerce-projects/df_boilerplate-main/src/construct/PersonRoleCnstr/PersonRoleCnstr.tsx">
        <metrics statements="9" coveredstatements="7" conditionals="0" coveredconditionals="0" methods="1" coveredmethods="0"/>
        <line num="2" count="1" type="stmt"/>
        <line num="3" count="1" type="stmt"/>
        <line num="4" count="1" type="stmt"/>
        <line num="5" count="1" type="stmt"/>
        <line num="6" count="1" type="stmt"/>
        <line num="7" count="1" type="stmt"/>
        <line num="14" count="1" type="stmt"/>
        <line num="15" count="0" type="stmt"/>
        <line num="17" count="0" type="stmt"/>
      </file>
    </package>
    <package name="construct.PersonRoleCnstr.PersonRoleMdCnstr">
      <metrics statements="11" coveredstatements="9" conditionals="10" coveredconditionals="0" methods="2" coveredmethods="0"/>
      <file name="PersonRoleMdCnstr.styles.ts" path="/home/whoami/frontend/commerce-projects/df_boilerplate-main/src/construct/PersonRoleCnstr/PersonRoleMdCnstr/PersonRoleMdCnstr.styles.ts">
        <metrics statements="3" coveredstatements="3" conditionals="10" coveredconditionals="0" methods="1" coveredmethods="0"/>
        <line num="1" count="1" type="stmt"/>
        <line num="3" count="1" type="stmt"/>
        <line num="5" count="1" type="stmt"/>
      </file>
      <file name="PersonRoleMdCnstr.tsx" path="/home/whoami/frontend/commerce-projects/df_boilerplate-main/src/construct/PersonRoleCnstr/PersonRoleMdCnstr/PersonRoleMdCnstr.tsx">
        <metrics statements="8" coveredstatements="6" conditionals="0" coveredconditionals="0" methods="1" coveredmethods="0"/>
        <line num="2" count="1" type="stmt"/>
        <line num="3" count="1" type="stmt"/>
        <line num="4" count="1" type="stmt"/>
        <line num="5" count="1" type="stmt"/>
        <line num="6" count="1" type="stmt"/>
        <line num="13" count="1" type="stmt"/>
        <line num="14" count="0" type="stmt"/>
        <line num="16" count="0" type="stmt"/>
      </file>
    </package>
    <package name="construct.PersonRoleTimeCnstr">
      <metrics statements="15" coveredstatements="13" conditionals="4" coveredconditionals="0" methods="2" coveredmethods="0"/>
      <file name="PersonRoleTimeCnstr.styles.ts" path="/home/whoami/frontend/commerce-projects/df_boilerplate-main/src/construct/PersonRoleTimeCnstr/PersonRoleTimeCnstr.styles.ts">
        <metrics statements="3" coveredstatements="3" conditionals="4" coveredconditionals="0" methods="1" coveredmethods="0"/>
        <line num="1" count="1" type="stmt"/>
        <line num="3" count="1" type="stmt"/>
        <line num="5" count="1" type="stmt"/>
      </file>
      <file name="PersonRoleTimeCnstr.tsx" path="/home/whoami/frontend/commerce-projects/df_boilerplate-main/src/construct/PersonRoleTimeCnstr/PersonRoleTimeCnstr.tsx">
        <metrics statements="12" coveredstatements="10" conditionals="0" coveredconditionals="0" methods="1" coveredmethods="0"/>
        <line num="2" count="1" type="stmt"/>
        <line num="3" count="1" type="stmt"/>
        <line num="4" count="1" type="stmt"/>
        <line num="5" count="1" type="stmt"/>
        <line num="6" count="1" type="stmt"/>
        <line num="7" count="1" type="stmt"/>
        <line num="8" count="1" type="stmt"/>
        <line num="9" count="1" type="stmt"/>
        <line num="10" count="1" type="stmt"/>
        <line num="18" count="1" type="stmt"/>
        <line num="19" count="0" type="stmt"/>
        <line num="21" count="0" type="stmt"/>
      </file>
    </package>
    <package name="construct.PersonRoleTimeCnstr.PersonRoleTimeMdCnstr">
      <metrics statements="14" coveredstatements="12" conditionals="4" coveredconditionals="0" methods="2" coveredmethods="0"/>
      <file name="PersonRoleTimeMdCnstr.styles.ts" path="/home/whoami/frontend/commerce-projects/df_boilerplate-main/src/construct/PersonRoleTimeCnstr/PersonRoleTimeMdCnstr/PersonRoleTimeMdCnstr.styles.ts">
        <metrics statements="4" coveredstatements="4" conditionals="4" coveredconditionals="0" methods="1" coveredmethods="0"/>
        <line num="1" count="1" type="stmt"/>
        <line num="3" count="1" type="stmt"/>
        <line num="4" count="1" type="stmt"/>
        <line num="6" count="1" type="stmt"/>
      </file>
      <file name="PersonRoleTimeMdCnstr.tsx" path="/home/whoami/frontend/commerce-projects/df_boilerplate-main/src/construct/PersonRoleTimeCnstr/PersonRoleTimeMdCnstr/PersonRoleTimeMdCnstr.tsx">
        <metrics statements="10" coveredstatements="8" conditionals="0" coveredconditionals="0" methods="1" coveredmethods="0"/>
        <line num="1" count="1" type="stmt"/>
        <line num="3" count="1" type="stmt"/>
        <line num="4" count="1" type="stmt"/>
        <line num="5" count="1" type="stmt"/>
        <line num="6" count="1" type="stmt"/>
        <line num="7" count="1" type="stmt"/>
        <line num="8" count="1" type="stmt"/>
        <line num="16" count="1" type="stmt"/>
        <line num="17" count="0" type="stmt"/>
        <line num="19" count="0" type="stmt"/>
      </file>
    </package>
    <package name="construct.PersonRoleTimeCnstr.PersonRoleTimeSmCnstr">
      <metrics statements="13" coveredstatements="11" conditionals="4" coveredconditionals="0" methods="2" coveredmethods="0"/>
      <file name="PersonRoleTimeSmCnstr.styles.ts" path="/home/whoami/frontend/commerce-projects/df_boilerplate-main/src/construct/PersonRoleTimeCnstr/PersonRoleTimeSmCnstr/PersonRoleTimeSmCnstr.styles.ts">
        <metrics statements="3" coveredstatements="3" conditionals="4" coveredconditionals="0" methods="1" coveredmethods="0"/>
        <line num="1" count="1" type="stmt"/>
        <line num="3" count="1" type="stmt"/>
        <line num="5" count="1" type="stmt"/>
      </file>
      <file name="PersonRoleTimeSmCnstr.tsx" path="/home/whoami/frontend/commerce-projects/df_boilerplate-main/src/construct/PersonRoleTimeCnstr/PersonRoleTimeSmCnstr/PersonRoleTimeSmCnstr.tsx">
        <metrics statements="10" coveredstatements="8" conditionals="0" coveredconditionals="0" methods="1" coveredmethods="0"/>
        <line num="1" count="1" type="stmt"/>
        <line num="3" count="1" type="stmt"/>
        <line num="4" count="1" type="stmt"/>
        <line num="5" count="1" type="stmt"/>
        <line num="6" count="1" type="stmt"/>
        <line num="7" count="1" type="stmt"/>
        <line num="8" count="1" type="stmt"/>
        <line num="16" count="1" type="stmt"/>
        <line num="17" count="0" type="stmt"/>
        <line num="19" count="0" type="stmt"/>
      </file>
    </package>
    <package name="construct.TaskCnstr">
      <metrics statements="8" coveredstatements="3" conditionals="0" coveredconditionals="0" methods="4" coveredmethods="0"/>
      <file name="TaskContextCnstr.tsx" path="/home/whoami/frontend/commerce-projects/df_boilerplate-main/src/construct/TaskCnstr/TaskContextCnstr.tsx">
        <metrics statements="8" coveredstatements="3" conditionals="0" coveredconditionals="0" methods="4" coveredmethods="0"/>
        <line num="1" count="1" type="stmt"/>
        <line num="15" count="1" type="stmt"/>
        <line num="22" count="1" type="stmt"/>
        <line num="23" count="0" type="stmt"/>
        <line num="24" count="0" type="stmt"/>
        <line num="26" count="0" type="stmt"/>
        <line num="27" count="0" type="stmt"/>
        <line num="36" count="0" type="stmt"/>
      </file>
    </package>
    <package name="construct.TextRangeTimeCnstr">
      <metrics statements="14" coveredstatements="12" conditionals="2" coveredconditionals="0" methods="2" coveredmethods="0"/>
      <file name="TextRangeTimeCnstr.styles.ts" path="/home/whoami/frontend/commerce-projects/df_boilerplate-main/src/construct/TextRangeTimeCnstr/TextRangeTimeCnstr.styles.ts">
        <metrics statements="3" coveredstatements="3" conditionals="2" coveredconditionals="0" methods="1" coveredmethods="0"/>
        <line num="1" count="1" type="stmt"/>
        <line num="3" count="1" type="stmt"/>
        <line num="5" count="1" type="stmt"/>
      </file>
      <file name="TextRangeTimeCnstr.tsx" path="/home/whoami/frontend/commerce-projects/df_boilerplate-main/src/construct/TextRangeTimeCnstr/TextRangeTimeCnstr.tsx">
        <metrics statements="11" coveredstatements="9" conditionals="0" coveredconditionals="0" methods="1" coveredmethods="0"/>
        <line num="2" count="1" type="stmt"/>
        <line num="3" count="1" type="stmt"/>
        <line num="4" count="1" type="stmt"/>
        <line num="5" count="1" type="stmt"/>
        <line num="6" count="1" type="stmt"/>
        <line num="7" count="1" type="stmt"/>
        <line num="8" count="1" type="stmt"/>
        <line num="9" count="1" type="stmt"/>
        <line num="17" count="1" type="stmt"/>
        <line num="18" count="0" type="stmt"/>
        <line num="20" count="0" type="stmt"/>
      </file>
    </package>
    <package name="construct.TextRangeTimeCnstr.TextRangeTimeLgCnstr">
      <metrics statements="12" coveredstatements="10" conditionals="4" coveredconditionals="0" methods="2" coveredmethods="0"/>
      <file name="TextRangeTimeLgCnstr.styles.ts" path="/home/whoami/frontend/commerce-projects/df_boilerplate-main/src/construct/TextRangeTimeCnstr/TextRangeTimeLgCnstr/TextRangeTimeLgCnstr.styles.ts">
        <metrics statements="4" coveredstatements="4" conditionals="4" coveredconditionals="0" methods="1" coveredmethods="0"/>
        <line num="1" count="1" type="stmt"/>
        <line num="3" count="1" type="stmt"/>
        <line num="4" count="1" type="stmt"/>
        <line num="6" count="1" type="stmt"/>
      </file>
      <file name="TextRangeTimeLgCnstr.tsx" path="/home/whoami/frontend/commerce-projects/df_boilerplate-main/src/construct/TextRangeTimeCnstr/TextRangeTimeLgCnstr/TextRangeTimeLgCnstr.tsx">
        <metrics statements="8" coveredstatements="6" conditionals="0" coveredconditionals="0" methods="1" coveredmethods="0"/>
        <line num="2" count="1" type="stmt"/>
        <line num="3" count="1" type="stmt"/>
        <line num="4" count="1" type="stmt"/>
        <line num="5" count="1" type="stmt"/>
        <line num="6" count="1" type="stmt"/>
        <line num="14" count="1" type="stmt"/>
        <line num="15" count="0" type="stmt"/>
        <line num="17" count="0" type="stmt"/>
      </file>
    </package>
    <package name="construct.TextRangeTimeCnstr.TextRangeTimeMdCnstr">
      <metrics statements="12" coveredstatements="10" conditionals="4" coveredconditionals="0" methods="2" coveredmethods="0"/>
      <file name="TextRangeTimeMdCnstr.styles.ts" path="/home/whoami/frontend/commerce-projects/df_boilerplate-main/src/construct/TextRangeTimeCnstr/TextRangeTimeMdCnstr/TextRangeTimeMdCnstr.styles.ts">
        <metrics statements="4" coveredstatements="4" conditionals="4" coveredconditionals="0" methods="1" coveredmethods="0"/>
        <line num="1" count="1" type="stmt"/>
        <line num="3" count="1" type="stmt"/>
        <line num="4" count="1" type="stmt"/>
        <line num="6" count="1" type="stmt"/>
      </file>
      <file name="TextRangeTimeMdCnstr.tsx" path="/home/whoami/frontend/commerce-projects/df_boilerplate-main/src/construct/TextRangeTimeCnstr/TextRangeTimeMdCnstr/TextRangeTimeMdCnstr.tsx">
        <metrics statements="8" coveredstatements="6" conditionals="0" coveredconditionals="0" methods="1" coveredmethods="0"/>
        <line num="2" count="1" type="stmt"/>
        <line num="3" count="1" type="stmt"/>
        <line num="4" count="1" type="stmt"/>
        <line num="5" count="1" type="stmt"/>
        <line num="6" count="1" type="stmt"/>
        <line num="14" count="1" type="stmt"/>
        <line num="15" count="0" type="stmt"/>
        <line num="17" count="0" type="stmt"/>
      </file>
    </package>
    <package name="construct.TextRangeTimeCnstr.TextRangeTimeSmCnstr">
      <metrics statements="11" coveredstatements="9" conditionals="2" coveredconditionals="0" methods="2" coveredmethods="0"/>
      <file name="TextRangeTimeSmCnstr.styles.ts" path="/home/whoami/frontend/commerce-projects/df_boilerplate-main/src/construct/TextRangeTimeCnstr/TextRangeTimeSmCnstr/TextRangeTimeSmCnstr.styles.ts">
        <metrics statements="3" coveredstatements="3" conditionals="2" coveredconditionals="0" methods="1" coveredmethods="0"/>
        <line num="1" count="1" type="stmt"/>
        <line num="3" count="1" type="stmt"/>
        <line num="5" count="1" type="stmt"/>
      </file>
      <file name="TextRangeTimeSmCnstr.tsx" path="/home/whoami/frontend/commerce-projects/df_boilerplate-main/src/construct/TextRangeTimeCnstr/TextRangeTimeSmCnstr/TextRangeTimeSmCnstr.tsx">
        <metrics statements="8" coveredstatements="6" conditionals="0" coveredconditionals="0" methods="1" coveredmethods="0"/>
        <line num="2" count="1" type="stmt"/>
        <line num="3" count="1" type="stmt"/>
        <line num="4" count="1" type="stmt"/>
        <line num="5" count="1" type="stmt"/>
        <line num="6" count="1" type="stmt"/>
        <line num="14" count="1" type="stmt"/>
        <line num="15" count="0" type="stmt"/>
        <line num="17" count="0" type="stmt"/>
      </file>
    </package>
    <package name="construct.TextTime1Cnstr">
      <metrics statements="15" coveredstatements="13" conditionals="4" coveredconditionals="0" methods="2" coveredmethods="0"/>
      <file name="TextTime1Cnstr.styles.ts" path="/home/whoami/frontend/commerce-projects/df_boilerplate-main/src/construct/TextTime1Cnstr/TextTime1Cnstr.styles.ts">
        <metrics statements="3" coveredstatements="3" conditionals="4" coveredconditionals="0" methods="1" coveredmethods="0"/>
        <line num="1" count="1" type="stmt"/>
        <line num="3" count="1" type="stmt"/>
        <line num="5" count="1" type="stmt"/>
      </file>
      <file name="TextTime1Cnstr.tsx" path="/home/whoami/frontend/commerce-projects/df_boilerplate-main/src/construct/TextTime1Cnstr/TextTime1Cnstr.tsx">
        <metrics statements="12" coveredstatements="10" conditionals="0" coveredconditionals="0" methods="1" coveredmethods="0"/>
        <line num="2" count="1" type="stmt"/>
        <line num="3" count="1" type="stmt"/>
        <line num="4" count="1" type="stmt"/>
        <line num="5" count="1" type="stmt"/>
        <line num="6" count="1" type="stmt"/>
        <line num="7" count="1" type="stmt"/>
        <line num="8" count="1" type="stmt"/>
        <line num="9" count="1" type="stmt"/>
        <line num="10" count="1" type="stmt"/>
        <line num="17" count="1" type="stmt"/>
        <line num="18" count="0" type="stmt"/>
        <line num="20" count="0" type="stmt"/>
      </file>
    </package>
    <package name="construct.TextTime1Cnstr.TextTime1LgCnstr">
      <metrics statements="14" coveredstatements="12" conditionals="4" coveredconditionals="0" methods="2" coveredmethods="0"/>
      <file name="TextTime1LgCnstr.styles.ts" path="/home/whoami/frontend/commerce-projects/df_boilerplate-main/src/construct/TextTime1Cnstr/TextTime1LgCnstr/TextTime1LgCnstr.styles.ts">
        <metrics statements="4" coveredstatements="4" conditionals="4" coveredconditionals="0" methods="1" coveredmethods="0"/>
        <line num="1" count="1" type="stmt"/>
        <line num="3" count="1" type="stmt"/>
        <line num="4" count="1" type="stmt"/>
        <line num="6" count="1" type="stmt"/>
      </file>
      <file name="TextTime1LgCnstr.tsx" path="/home/whoami/frontend/commerce-projects/df_boilerplate-main/src/construct/TextTime1Cnstr/TextTime1LgCnstr/TextTime1LgCnstr.tsx">
        <metrics statements="10" coveredstatements="8" conditionals="0" coveredconditionals="0" methods="1" coveredmethods="0"/>
        <line num="1" count="1" type="stmt"/>
        <line num="3" count="1" type="stmt"/>
        <line num="4" count="1" type="stmt"/>
        <line num="5" count="1" type="stmt"/>
        <line num="6" count="1" type="stmt"/>
        <line num="7" count="1" type="stmt"/>
        <line num="8" count="1" type="stmt"/>
        <line num="15" count="1" type="stmt"/>
        <line num="16" count="0" type="stmt"/>
        <line num="18" count="0" type="stmt"/>
      </file>
    </package>
    <package name="construct.TextTime1Cnstr.TextTime1SmCnstr">
      <metrics statements="13" coveredstatements="11" conditionals="4" coveredconditionals="0" methods="2" coveredmethods="0"/>
      <file name="TextTime1SmCnstr.styles.ts" path="/home/whoami/frontend/commerce-projects/df_boilerplate-main/src/construct/TextTime1Cnstr/TextTime1SmCnstr/TextTime1SmCnstr.styles.ts">
        <metrics statements="3" coveredstatements="3" conditionals="4" coveredconditionals="0" methods="1" coveredmethods="0"/>
        <line num="1" count="1" type="stmt"/>
        <line num="3" count="1" type="stmt"/>
        <line num="5" count="1" type="stmt"/>
      </file>
      <file name="TextTime1SmCnstr.tsx" path="/home/whoami/frontend/commerce-projects/df_boilerplate-main/src/construct/TextTime1Cnstr/TextTime1SmCnstr/TextTime1SmCnstr.tsx">
        <metrics statements="10" coveredstatements="8" conditionals="0" coveredconditionals="0" methods="1" coveredmethods="0"/>
        <line num="2" count="1" type="stmt"/>
        <line num="3" count="1" type="stmt"/>
        <line num="4" count="1" type="stmt"/>
        <line num="5" count="1" type="stmt"/>
        <line num="6" count="1" type="stmt"/>
        <line num="7" count="1" type="stmt"/>
        <line num="8" count="1" type="stmt"/>
        <line num="15" count="1" type="stmt"/>
        <line num="16" count="0" type="stmt"/>
        <line num="18" count="0" type="stmt"/>
      </file>
    </package>
    <package name="construct.TimeRangeWidgetCnstr">
      <metrics statements="13" coveredstatements="11" conditionals="2" coveredconditionals="0" methods="2" coveredmethods="0"/>
      <file name="TimeRangeWidgetCnstr.styles.ts" path="/home/whoami/frontend/commerce-projects/df_boilerplate-main/src/construct/TimeRangeWidgetCnstr/TimeRangeWidgetCnstr.styles.ts">
        <metrics statements="3" coveredstatements="3" conditionals="2" coveredconditionals="0" methods="1" coveredmethods="0"/>
        <line num="1" count="1" type="stmt"/>
        <line num="3" count="1" type="stmt"/>
        <line num="5" count="1" type="stmt"/>
      </file>
      <file name="TimeRangeWidgetCnstr.tsx" path="/home/whoami/frontend/commerce-projects/df_boilerplate-main/src/construct/TimeRangeWidgetCnstr/TimeRangeWidgetCnstr.tsx">
        <metrics statements="10" coveredstatements="8" conditionals="0" coveredconditionals="0" methods="1" coveredmethods="0"/>
        <line num="2" count="1" type="stmt"/>
        <line num="3" count="1" type="stmt"/>
        <line num="4" count="1" type="stmt"/>
        <line num="5" count="1" type="stmt"/>
        <line num="6" count="1" type="stmt"/>
        <line num="7" count="1" type="stmt"/>
        <line num="8" count="1" type="stmt"/>
        <line num="16" count="1" type="stmt"/>
        <line num="17" count="0" type="stmt"/>
        <line num="19" count="0" type="stmt"/>
      </file>
    </package>
    <package name="construct.TimeRangeWidgetCnstr.TimeRangeWidgetLgCnstr">
      <metrics statements="11" coveredstatements="9" conditionals="4" coveredconditionals="0" methods="2" coveredmethods="0"/>
      <file name="TimeRangeWidgetLgCnstr.styles.ts" path="/home/whoami/frontend/commerce-projects/df_boilerplate-main/src/construct/TimeRangeWidgetCnstr/TimeRangeWidgetLgCnstr/TimeRangeWidgetLgCnstr.styles.ts">
        <metrics statements="4" coveredstatements="4" conditionals="4" coveredconditionals="0" methods="1" coveredmethods="0"/>
        <line num="1" count="1" type="stmt"/>
        <line num="3" count="1" type="stmt"/>
        <line num="4" count="1" type="stmt"/>
        <line num="6" count="1" type="stmt"/>
      </file>
      <file name="TimeRangeWidgetLgCnstr.tsx" path="/home/whoami/frontend/commerce-projects/df_boilerplate-main/src/construct/TimeRangeWidgetCnstr/TimeRangeWidgetLgCnstr/TimeRangeWidgetLgCnstr.tsx">
        <metrics statements="7" coveredstatements="5" conditionals="0" coveredconditionals="0" methods="1" coveredmethods="0"/>
        <line num="2" count="1" type="stmt"/>
        <line num="3" count="1" type="stmt"/>
        <line num="4" count="1" type="stmt"/>
        <line num="5" count="1" type="stmt"/>
        <line num="13" count="1" type="stmt"/>
        <line num="14" count="0" type="stmt"/>
        <line num="16" count="0" type="stmt"/>
      </file>
    </package>
    <package name="construct.TimeRangeWidgetCnstr.TimeRangeWidgetMdCnstr">
      <metrics statements="11" coveredstatements="9" conditionals="4" coveredconditionals="0" methods="2" coveredmethods="0"/>
      <file name="TimeRangeWidgetMdCnstr.styles.ts" path="/home/whoami/frontend/commerce-projects/df_boilerplate-main/src/construct/TimeRangeWidgetCnstr/TimeRangeWidgetMdCnstr/TimeRangeWidgetMdCnstr.styles.ts">
        <metrics statements="4" coveredstatements="4" conditionals="4" coveredconditionals="0" methods="1" coveredmethods="0"/>
        <line num="1" count="1" type="stmt"/>
        <line num="3" count="1" type="stmt"/>
        <line num="4" count="1" type="stmt"/>
        <line num="6" count="1" type="stmt"/>
      </file>
      <file name="TimeRangeWidgetMdCnstr.tsx" path="/home/whoami/frontend/commerce-projects/df_boilerplate-main/src/construct/TimeRangeWidgetCnstr/TimeRangeWidgetMdCnstr/TimeRangeWidgetMdCnstr.tsx">
        <metrics statements="7" coveredstatements="5" conditionals="0" coveredconditionals="0" methods="1" coveredmethods="0"/>
        <line num="2" count="1" type="stmt"/>
        <line num="3" count="1" type="stmt"/>
        <line num="4" count="1" type="stmt"/>
        <line num="5" count="1" type="stmt"/>
        <line num="13" count="1" type="stmt"/>
        <line num="14" count="0" type="stmt"/>
        <line num="16" count="0" type="stmt"/>
      </file>
    </package>
    <package name="construct.TimeRangeWidgetCnstr.TimeRangeWidgetSmCnstr">
      <metrics statements="10" coveredstatements="8" conditionals="2" coveredconditionals="0" methods="2" coveredmethods="0"/>
      <file name="TimeRangeWidgetSmCnstr.styles.ts" path="/home/whoami/frontend/commerce-projects/df_boilerplate-main/src/construct/TimeRangeWidgetCnstr/TimeRangeWidgetSmCnstr/TimeRangeWidgetSmCnstr.styles.ts">
        <metrics statements="3" coveredstatements="3" conditionals="2" coveredconditionals="0" methods="1" coveredmethods="0"/>
        <line num="1" count="1" type="stmt"/>
        <line num="3" count="1" type="stmt"/>
        <line num="5" count="1" type="stmt"/>
      </file>
      <file name="TimeRangeWidgetSmCnstr.tsx" path="/home/whoami/frontend/commerce-projects/df_boilerplate-main/src/construct/TimeRangeWidgetCnstr/TimeRangeWidgetSmCnstr/TimeRangeWidgetSmCnstr.tsx">
        <metrics statements="7" coveredstatements="5" conditionals="0" coveredconditionals="0" methods="1" coveredmethods="0"/>
        <line num="2" count="1" type="stmt"/>
        <line num="3" count="1" type="stmt"/>
        <line num="4" count="1" type="stmt"/>
        <line num="5" count="1" type="stmt"/>
        <line num="13" count="1" type="stmt"/>
        <line num="14" count="0" type="stmt"/>
        <line num="16" count="0" type="stmt"/>
      </file>
    </package>
    <package name="construct.TimeWidgetCnstr">
      <metrics statements="15" coveredstatements="13" conditionals="4" coveredconditionals="0" methods="2" coveredmethods="0"/>
      <file name="TimeWidgetCnstr.styles.ts" path="/home/whoami/frontend/commerce-projects/df_boilerplate-main/src/construct/TimeWidgetCnstr/TimeWidgetCnstr.styles.ts">
        <metrics statements="3" coveredstatements="3" conditionals="4" coveredconditionals="0" methods="1" coveredmethods="0"/>
        <line num="1" count="1" type="stmt"/>
        <line num="3" count="1" type="stmt"/>
        <line num="5" count="1" type="stmt"/>
      </file>
      <file name="TimeWidgetCnstr.tsx" path="/home/whoami/frontend/commerce-projects/df_boilerplate-main/src/construct/TimeWidgetCnstr/TimeWidgetCnstr.tsx">
        <metrics statements="12" coveredstatements="10" conditionals="0" coveredconditionals="0" methods="1" coveredmethods="0"/>
        <line num="2" count="1" type="stmt"/>
        <line num="3" count="1" type="stmt"/>
        <line num="4" count="1" type="stmt"/>
        <line num="5" count="1" type="stmt"/>
        <line num="6" count="1" type="stmt"/>
        <line num="7" count="1" type="stmt"/>
        <line num="8" count="1" type="stmt"/>
        <line num="9" count="1" type="stmt"/>
        <line num="10" count="1" type="stmt"/>
        <line num="17" count="1" type="stmt"/>
        <line num="18" count="0" type="stmt"/>
        <line num="20" count="0" type="stmt"/>
      </file>
    </package>
    <package name="construct.TimeWidgetCnstr.TimeWidgetLgCnstr">
      <metrics statements="13" coveredstatements="11" conditionals="4" coveredconditionals="0" methods="2" coveredmethods="0"/>
      <file name="TimeWidgetLgCnstr.styles.ts" path="/home/whoami/frontend/commerce-projects/df_boilerplate-main/src/construct/TimeWidgetCnstr/TimeWidgetLgCnstr/TimeWidgetLgCnstr.styles.ts">
        <metrics statements="4" coveredstatements="4" conditionals="4" coveredconditionals="0" methods="1" coveredmethods="0"/>
        <line num="1" count="1" type="stmt"/>
        <line num="3" count="1" type="stmt"/>
        <line num="4" count="1" type="stmt"/>
        <line num="6" count="1" type="stmt"/>
      </file>
      <file name="TimeWidgetLgCnstr.tsx" path="/home/whoami/frontend/commerce-projects/df_boilerplate-main/src/construct/TimeWidgetCnstr/TimeWidgetLgCnstr/TimeWidgetLgCnstr.tsx">
        <metrics statements="9" coveredstatements="7" conditionals="0" coveredconditionals="0" methods="1" coveredmethods="0"/>
        <line num="2" count="1" type="stmt"/>
        <line num="3" count="1" type="stmt"/>
        <line num="4" count="1" type="stmt"/>
        <line num="5" count="1" type="stmt"/>
        <line num="6" count="1" type="stmt"/>
        <line num="7" count="1" type="stmt"/>
        <line num="14" count="1" type="stmt"/>
        <line num="15" count="0" type="stmt"/>
        <line num="17" count="0" type="stmt"/>
      </file>
    </package>
    <package name="construct.TimeWidgetCnstr.TimeWidgetMdCnstr">
      <metrics statements="13" coveredstatements="11" conditionals="4" coveredconditionals="0" methods="2" coveredmethods="0"/>
      <file name="TimeWidgetMdCnstr.styles.ts" path="/home/whoami/frontend/commerce-projects/df_boilerplate-main/src/construct/TimeWidgetCnstr/TimeWidgetMdCnstr/TimeWidgetMdCnstr.styles.ts">
        <metrics statements="4" coveredstatements="4" conditionals="4" coveredconditionals="0" methods="1" coveredmethods="0"/>
        <line num="1" count="1" type="stmt"/>
        <line num="3" count="1" type="stmt"/>
        <line num="4" count="1" type="stmt"/>
        <line num="6" count="1" type="stmt"/>
      </file>
      <file name="TimeWidgetMdCnstr.tsx" path="/home/whoami/frontend/commerce-projects/df_boilerplate-main/src/construct/TimeWidgetCnstr/TimeWidgetMdCnstr/TimeWidgetMdCnstr.tsx">
        <metrics statements="9" coveredstatements="7" conditionals="0" coveredconditionals="0" methods="1" coveredmethods="0"/>
        <line num="2" count="1" type="stmt"/>
        <line num="3" count="1" type="stmt"/>
        <line num="4" count="1" type="stmt"/>
        <line num="5" count="1" type="stmt"/>
        <line num="6" count="1" type="stmt"/>
        <line num="7" count="1" type="stmt"/>
        <line num="14" count="1" type="stmt"/>
        <line num="15" count="0" type="stmt"/>
        <line num="17" count="0" type="stmt"/>
      </file>
    </package>
    <package name="construct.TimeWidgetCnstr.TimeWidgetSmCnstr">
      <metrics statements="12" coveredstatements="10" conditionals="4" coveredconditionals="0" methods="2" coveredmethods="0"/>
      <file name="TimeWidgetSmCnstr.styles.ts" path="/home/whoami/frontend/commerce-projects/df_boilerplate-main/src/construct/TimeWidgetCnstr/TimeWidgetSmCnstr/TimeWidgetSmCnstr.styles.ts">
        <metrics statements="3" coveredstatements="3" conditionals="4" coveredconditionals="0" methods="1" coveredmethods="0"/>
        <line num="1" count="1" type="stmt"/>
        <line num="3" count="1" type="stmt"/>
        <line num="5" count="1" type="stmt"/>
      </file>
      <file name="TimeWidgetSmCnstr.tsx" path="/home/whoami/frontend/commerce-projects/df_boilerplate-main/src/construct/TimeWidgetCnstr/TimeWidgetSmCnstr/TimeWidgetSmCnstr.tsx">
        <metrics statements="9" coveredstatements="7" conditionals="0" coveredconditionals="0" methods="1" coveredmethods="0"/>
        <line num="2" count="1" type="stmt"/>
        <line num="3" count="1" type="stmt"/>
        <line num="4" count="1" type="stmt"/>
        <line num="5" count="1" type="stmt"/>
        <line num="6" count="1" type="stmt"/>
        <line num="7" count="1" type="stmt"/>
        <line num="14" count="1" type="stmt"/>
        <line num="15" count="0" type="stmt"/>
        <line num="17" count="0" type="stmt"/>
      </file>
    </package>
    <package name="primitives">
      <metrics statements="2" coveredstatements="2" conditionals="0" coveredconditionals="0" methods="1" coveredmethods="1"/>
      <file name="createStyles.ts" path="/home/whoami/frontend/commerce-projects/df_boilerplate-main/src/primitives/createStyles.ts">
        <metrics statements="2" coveredstatements="2" conditionals="0" coveredconditionals="0" methods="1" coveredmethods="1"/>
        <line num="1" count="1" type="stmt"/>
        <line num="2" count="28" type="stmt"/>
      </file>
    </package>
    <package name="primitives.AvatarPrmt">
      <metrics statements="3" coveredstatements="2" conditionals="0" coveredconditionals="0" methods="1" coveredmethods="0"/>
      <file name="AvatarPrmt.tsx" path="/home/whoami/frontend/commerce-projects/df_boilerplate-main/src/primitives/AvatarPrmt/AvatarPrmt.tsx">
        <metrics statements="3" coveredstatements="2" conditionals="0" coveredconditionals="0" methods="1" coveredmethods="0"/>
        <line num="2" count="1" type="stmt"/>
        <line num="10" count="1" type="stmt"/>
        <line num="11" count="0" type="stmt"/>
      </file>
    </package>
    <package name="primitives.BadgePrmt">
      <metrics statements="3" coveredstatements="3" conditionals="0" coveredconditionals="0" methods="1" coveredmethods="1"/>
      <file name="BadgePrmt.tsx" path="/home/whoami/frontend/commerce-projects/df_boilerplate-main/src/primitives/BadgePrmt/BadgePrmt.tsx">
        <metrics statements="3" coveredstatements="3" conditionals="0" coveredconditionals="0" methods="1" coveredmethods="1"/>
        <line num="1" count="1" type="stmt"/>
        <line num="8" count="20" type="stmt"/>
        <line num="9" count="20" type="stmt"/>
      </file>
    </package>
    <package name="primitives.CardPrmt">
      <metrics statements="16" coveredstatements="9" conditionals="14" coveredconditionals="0" methods="4" coveredmethods="0"/>
      <file name="CardPrmt.styles.ts" path="/home/whoami/frontend/commerce-projects/df_boilerplate-main/src/primitives/CardPrmt/CardPrmt.styles.ts">
        <metrics statements="2" coveredstatements="2" conditionals="10" coveredconditionals="0" methods="1" coveredmethods="0"/>
        <line num="1" count="1" type="stmt"/>
        <line num="3" count="1" type="stmt"/>
      </file>
      <file name="CardPrmt.tsx" path="/home/whoami/frontend/commerce-projects/df_boilerplate-main/src/primitives/CardPrmt/CardPrmt.tsx">
        <metrics statements="14" coveredstatements="7" conditionals="4" coveredconditionals="0" methods="3" coveredmethods="0"/>
        <line num="1" count="1" type="stmt"/>
        <line num="2" count="1" type="stmt"/>
        <line num="3" count="1" type="stmt"/>
        <line num="4" count="1" type="stmt"/>
        <line num="5" count="1" type="stmt"/>
        <line num="6" count="1" type="stmt"/>
        <line num="14" count="1" type="stmt"/>
        <line num="15" count="0" type="stmt"/>
        <line num="17" count="0" type="stmt"/>
        <line num="18" count="0" type="stmt"/>
        <line num="20" count="0" type="stmt"/>
        <line num="24" count="0" type="stmt"/>
        <line num="28" count="0" type="stmt"/>
        <line num="29" count="0" type="stmt"/>
      </file>
    </package>
    <package name="primitives.ColPrmt">
      <metrics statements="3" coveredstatements="3" conditionals="0" coveredconditionals="0" methods="1" coveredmethods="1"/>
      <file name="ColPrmt.tsx" path="/home/whoami/frontend/commerce-projects/df_boilerplate-main/src/primitives/ColPrmt/ColPrmt.tsx">
        <metrics statements="3" coveredstatements="3" conditionals="0" coveredconditionals="0" methods="1" coveredmethods="1"/>
        <line num="1" count="6" type="stmt"/>
        <line num="15" count="112" type="stmt"/>
        <line num="16" count="112" type="stmt"/>
      </file>
    </package>
    <package name="primitives.CustomClockPrmt">
      <metrics statements="7" coveredstatements="5" conditionals="2" coveredconditionals="0" methods="2" coveredmethods="0"/>
      <file name="CustomClockPrmt.styles.ts" path="/home/whoami/frontend/commerce-projects/df_boilerplate-main/src/primitives/CustomClockPrmt/CustomClockPrmt.styles.ts">
        <metrics statements="2" coveredstatements="2" conditionals="2" coveredconditionals="0" methods="1" coveredmethods="0"/>
        <line num="1" count="1" type="stmt"/>
        <line num="3" count="1" type="stmt"/>
      </file>
      <file name="CustomClockPrmt.tsx" path="/home/whoami/frontend/commerce-projects/df_boilerplate-main/src/primitives/CustomClockPrmt/CustomClockPrmt.tsx">
        <metrics statements="5" coveredstatements="3" conditionals="0" coveredconditionals="0" methods="1" coveredmethods="0"/>
        <line num="2" count="1" type="stmt"/>
        <line num="3" count="1" type="stmt"/>
        <line num="15" count="1" type="stmt"/>
        <line num="16" count="0" type="stmt"/>
        <line num="18" count="0" type="stmt"/>
      </file>
    </package>
    <package name="primitives.DateWithTimeBlockPrmt">
      <metrics statements="13" coveredstatements="5" conditionals="16" coveredconditionals="0" methods="5" coveredmethods="0"/>
      <file name="DateWithTimeBlockPrmt.styles.ts" path="/home/whoami/frontend/commerce-projects/df_boilerplate-main/src/primitives/DateWithTimeBlockPrmt/DateWithTimeBlockPrmt.styles.ts">
        <metrics statements="2" coveredstatements="2" conditionals="2" coveredconditionals="0" methods="1" coveredmethods="0"/>
        <line num="1" count="1" type="stmt"/>
        <line num="3" count="1" type="stmt"/>
      </file>
      <file name="DateWithTimeBlockPrmt.tsx" path="/home/whoami/frontend/commerce-projects/df_boilerplate-main/src/primitives/DateWithTimeBlockPrmt/DateWithTimeBlockPrmt.tsx">
        <metrics statements="11" coveredstatements="3" conditionals="14" coveredconditionals="0" methods="4" coveredmethods="0"/>
        <line num="2" count="1" type="stmt"/>
        <line num="3" count="1" type="stmt"/>
        <line num="9" count="1" type="stmt"/>
        <line num="10" count="0" type="stmt"/>
        <line num="12" count="0" type="stmt"/>
        <line num="14" count="0" type="cond" truecount="0" falsecount="6"/>
        <line num="15" count="0" type="cond" truecount="0" falsecount="6"/>
        <line num="17" count="0" type="stmt"/>
        <line num="22" count="0" type="stmt"/>
        <line num="29" count="0" type="stmt"/>
        <line num="38" count="0" type="stmt"/>
      </file>
    </package>
    <package name="primitives.DaysPanelPrmt">
      <metrics statements="2" coveredstatements="2" conditionals="0" coveredconditionals="0" methods="1" coveredmethods="0"/>
      <file name="DaysPanelPrmt.tsx" path="/home/whoami/frontend/commerce-projects/df_boilerplate-main/src/primitives/DaysPanelPrmt/DaysPanelPrmt.tsx">
        <metrics statements="2" coveredstatements="2" conditionals="0" coveredconditionals="0" methods="1" coveredmethods="0"/>
        <line num="2" count="1" type="stmt"/>
        <line num="11" count="1" type="stmt"/>
      </file>
    </package>
    <package name="primitives.FiltersSearchListPrmt">
      <metrics statements="12" coveredstatements="12" conditionals="26" coveredconditionals="26" methods="2" coveredmethods="2"/>
      <file name="FiltersSearchListPrmt.tsx" path="/home/whoami/frontend/commerce-projects/df_boilerplate-main/src/primitives/FiltersSearchListPrmt/FiltersSearchListPrmt.tsx">
        <metrics statements="7" coveredstatements="7" conditionals="0" coveredconditionals="0" methods="1" coveredmethods="1"/>
        <line num="2" count="1" type="stmt"/>
        <line num="3" count="1" type="stmt"/>
        <line num="4" count="1" type="stmt"/>
        <line num="5" count="1" type="stmt"/>
        <line num="11" count="4" type="stmt"/>
        <line num="12" count="4" type="stmt"/>
        <line num="14" count="4" type="stmt"/>
      </file>
      <file name="filtersSearchListPrmt.styles.ts" path="/home/whoami/frontend/commerce-projects/df_boilerplate-main/src/primitives/FiltersSearchListPrmt/filtersSearchListPrmt.styles.ts">
        <metrics statements="5" coveredstatements="5" conditionals="26" coveredconditionals="26" methods="1" coveredmethods="1"/>
        <line num="1" count="6" type="stmt"/>
        <line num="2" count="6" type="stmt"/>
        <line num="4" count="6" type="stmt"/>
        <line num="5" count="6" type="stmt"/>
        <line num="7" count="1872" type="stmt"/>
      </file>
    </package>
    <package name="primitives.FiltersSearchListPrmt.FiltersSearchListContainerPrmt">
      <metrics statements="8" coveredstatements="8" conditionals="2" coveredconditionals="1" methods="1" coveredmethods="1"/>
      <file name="FiltersSearchListContainerPrmt.tsx" path="/home/whoami/frontend/commerce-projects/df_boilerplate-main/src/primitives/FiltersSearchListPrmt/FiltersSearchListContainerPrmt/FiltersSearchListContainerPrmt.tsx">
        <metrics statements="8" coveredstatements="8" conditionals="2" coveredconditionals="1" methods="1" coveredmethods="1"/>
        <line num="1" count="1" type="stmt"/>
        <line num="2" count="1" type="stmt"/>
        <line num="3" count="1" type="stmt"/>
        <line num="4" count="1" type="stmt"/>
        <line num="10" count="4" type="stmt"/>
        <line num="11" count="4" type="stmt"/>
        <line num="12" count="4" type="stmt"/>
        <line num="14" count="4" type="stmt"/>
      </file>
    </package>
    <package name="primitives.FiltersSearchListPrmt.FiltersSearchListItemPrmt">
      <metrics statements="7" coveredstatements="7" conditionals="6" coveredconditionals="6" methods="1" coveredmethods="1"/>
      <file name="FiltersSearchListItemPrmt.tsx" path="/home/whoami/frontend/commerce-projects/df_boilerplate-main/src/primitives/FiltersSearchListPrmt/FiltersSearchListItemPrmt/FiltersSearchListItemPrmt.tsx">
        <metrics statements="7" coveredstatements="7" conditionals="6" coveredconditionals="6" methods="1" coveredmethods="1"/>
        <line num="2" count="1" type="stmt"/>
        <line num="3" count="1" type="stmt"/>
        <line num="4" count="1" type="stmt"/>
        <line num="5" count="1" type="stmt"/>
        <line num="6" count="1" type="stmt"/>
        <line num="7" count="1" type="stmt"/>
        <line num="13" count="17" type="stmt"/>
      </file>
    </package>
    <package name="primitives.FiltersSearchListPrmt.FiltersSearchListItemPrmt.FiltersSearchListItemGridsPrmt">
      <metrics statements="6" coveredstatements="6" conditionals="0" coveredconditionals="0" methods="1" coveredmethods="1"/>
      <file name="FiltersSearchListItemGridsPrmt.tsx" path="/home/whoami/frontend/commerce-projects/df_boilerplate-main/src/primitives/FiltersSearchListPrmt/FiltersSearchListItemPrmt/FiltersSearchListItemGridsPrmt/FiltersSearchListItemGridsPrmt.tsx">
        <metrics statements="6" coveredstatements="6" conditionals="0" coveredconditionals="0" methods="1" coveredmethods="1"/>
        <line num="1" count="1" type="stmt"/>
        <line num="3" count="1" type="stmt"/>
        <line num="4" count="1" type="stmt"/>
        <line num="10" count="12" type="stmt"/>
        <line num="11" count="12" type="stmt"/>
        <line num="13" count="12" type="stmt"/>
      </file>
    </package>
    <package name="primitives.FiltersSearchListPrmt.FiltersSearchListItemPrmt.FiltersSearchListItemMobilePrmt">
      <metrics statements="10" coveredstatements="10" conditionals="10" coveredconditionals="8" methods="2" coveredmethods="2"/>
      <file name="FiltersSearchListItemMobilePrmt.tsx" path="/home/whoami/frontend/commerce-projects/df_boilerplate-main/src/primitives/FiltersSearchListPrmt/FiltersSearchListItemPrmt/FiltersSearchListItemMobilePrmt/FiltersSearchListItemMobilePrmt.tsx">
        <metrics statements="10" coveredstatements="10" conditionals="10" coveredconditionals="8" methods="2" coveredmethods="2"/>
        <line num="2" count="1" type="stmt"/>
        <line num="3" count="1" type="stmt"/>
        <line num="4" count="1" type="stmt"/>
        <line num="5" count="1" type="stmt"/>
        <line num="6" count="1" type="stmt"/>
        <line num="7" count="1" type="stmt"/>
        <line num="13" count="15" type="stmt"/>
        <line num="14" count="15" type="stmt"/>
        <line num="16" count="15" type="stmt"/>
        <line num="20" count="10" type="cond" truecount="3" falsecount="1"/>
      </file>
    </package>
    <package name="primitives.FiltersSearchListPrmt.FiltersSearchListItemPrmt.FiltersSearchListItemMobilePrmt.FiltersSearchListItemMobileInfoStatusPrmt">
      <metrics statements="11" coveredstatements="11" conditionals="0" coveredconditionals="0" methods="2" coveredmethods="2"/>
      <file name="FiltersSearchListItemMobileInfoStatusPrmt.tsx" path="/home/whoami/frontend/commerce-projects/df_boilerplate-main/src/primitives/FiltersSearchListPrmt/FiltersSearchListItemPrmt/FiltersSearchListItemMobilePrmt/FiltersSearchListItemMobileInfoStatusPrmt/FiltersSearchListItemMobileInfoStatusPrmt.tsx">
        <metrics statements="11" coveredstatements="11" conditionals="0" coveredconditionals="0" methods="2" coveredmethods="2"/>
        <line num="1" count="6" type="stmt"/>
        <line num="2" count="6" type="stmt"/>
        <line num="3" count="6" type="stmt"/>
        <line num="9" count="756" type="stmt"/>
        <line num="10" count="756" type="stmt"/>
        <line num="12" count="756" type="stmt"/>
        <line num="13" count="666" type="stmt"/>
        <line num="14" count="666" type="stmt"/>
        <line num="15" count="666" type="stmt"/>
        <line num="18" count="756" type="stmt"/>
        <line num="20" count="756" type="stmt"/>
      </file>
    </package>
    <package name="primitives.FiltersSearchListPrmt.FiltersSearchListItemPrmt.FiltersSearchListItemUsersInfoPrmt">
      <metrics statements="10" coveredstatements="10" conditionals="6" coveredconditionals="6" methods="2" coveredmethods="2"/>
      <file name="FiltersSearchListItemUsersInfoPrmt.tsx" path="/home/whoami/frontend/commerce-projects/df_boilerplate-main/src/primitives/FiltersSearchListPrmt/FiltersSearchListItemPrmt/FiltersSearchListItemUsersInfoPrmt/FiltersSearchListItemUsersInfoPrmt.tsx">
        <metrics statements="10" coveredstatements="10" conditionals="6" coveredconditionals="6" methods="2" coveredmethods="2"/>
        <line num="2" count="6" type="stmt"/>
        <line num="3" count="6" type="stmt"/>
        <line num="4" count="6" type="stmt"/>
        <line num="5" count="6" type="stmt"/>
        <line num="6" count="6" type="stmt"/>
        <line num="7" count="6" type="stmt"/>
        <line num="13" count="201" type="stmt"/>
        <line num="14" count="201" type="stmt"/>
        <line num="16" count="201" type="stmt"/>
        <line num="20" count="597" type="cond" truecount="4" falsecount="0"/>
      </file>
    </package>
    <package name="primitives.FiltersSearchListPrmt.FiltersSearchListItemPrmt.FiltersSearchListItemUsersInfoPrmt.FiltersSearchListItemUsersInfoMobilePrmt">
      <metrics statements="9" coveredstatements="9" conditionals="6" coveredconditionals="6" methods="2" coveredmethods="2"/>
      <file name="FiltersSearchListItemUsersInfoMobilePrmt.tsx" path="/home/whoami/frontend/commerce-projects/df_boilerplate-main/src/primitives/FiltersSearchListPrmt/FiltersSearchListItemPrmt/FiltersSearchListItemUsersInfoPrmt/FiltersSearchListItemUsersInfoMobilePrmt/FiltersSearchListItemUsersInfoMobilePrmt.tsx">
        <metrics statements="9" coveredstatements="9" conditionals="6" coveredconditionals="6" methods="2" coveredmethods="2"/>
        <line num="2" count="6" type="stmt"/>
        <line num="3" count="6" type="stmt"/>
        <line num="4" count="6" type="stmt"/>
        <line num="5" count="6" type="stmt"/>
        <line num="6" count="6" type="stmt"/>
        <line num="12" count="201" type="stmt"/>
        <line num="13" count="201" type="stmt"/>
        <line num="15" count="201" type="stmt"/>
        <line num="18" count="597" type="cond" truecount="4" falsecount="0"/>
      </file>
    </package>
    <package name="primitives.FiltersSearchListPrmt.FiltersSearchListItemPrmt.FiltersSearchListItemUsersInfoPrmt.FiltersSearchListItemUsersInfoStatusPrmt">
      <metrics statements="10" coveredstatements="10" conditionals="0" coveredconditionals="0" methods="2" coveredmethods="2"/>
      <file name="FiltersSearchListItemUsersInfoStatusPrmt.tsx" path="/home/whoami/frontend/commerce-projects/df_boilerplate-main/src/primitives/FiltersSearchListPrmt/FiltersSearchListItemPrmt/FiltersSearchListItemUsersInfoPrmt/FiltersSearchListItemUsersInfoStatusPrmt/FiltersSearchListItemUsersInfoStatusPrmt.tsx">
        <metrics statements="10" coveredstatements="10" conditionals="0" coveredconditionals="0" methods="2" coveredmethods="2"/>
        <line num="1" count="6" type="stmt"/>
        <line num="2" count="6" type="stmt"/>
        <line num="3" count="6" type="stmt"/>
        <line num="4" count="6" type="stmt"/>
        <line num="10" count="765" type="stmt"/>
        <line num="11" count="765" type="stmt"/>
        <line num="13" count="765" type="stmt"/>
        <line num="14" count="765" type="stmt"/>
        <line num="17" count="765" type="stmt"/>
        <line num="19" count="765" type="stmt"/>
      </file>
    </package>
    <package name="primitives.FiltersSearchListPrmt.FiltersSearchListMobilePrmt">
      <metrics statements="18" coveredstatements="17" conditionals="0" coveredconditionals="0" methods="3" coveredmethods="2"/>
      <file name="FiltersSearchListMobilePrmt.tsx" path="/home/whoami/frontend/commerce-projects/df_boilerplate-main/src/primitives/FiltersSearchListPrmt/FiltersSearchListMobilePrmt/FiltersSearchListMobilePrmt.tsx">
        <metrics statements="17" coveredstatements="16" conditionals="0" coveredconditionals="0" methods="3" coveredmethods="2"/>
        <line num="1" count="1" type="stmt"/>
        <line num="2" count="1" type="stmt"/>
        <line num="3" count="1" type="stmt"/>
        <line num="4" count="1" type="stmt"/>
        <line num="5" count="1" type="stmt"/>
        <line num="6" count="1" type="stmt"/>
        <line num="8" count="1" type="stmt"/>
        <line num="9" count="4" type="stmt"/>
        <line num="10" count="4" type="stmt"/>
        <line num="11" count="4" type="stmt"/>
        <line num="13" count="4" type="stmt"/>
        <line num="14" count="4" type="stmt"/>
        <line num="15" count="4" type="stmt"/>
        <line num="17" count="4" type="stmt"/>
        <line num="19" count="4" type="stmt"/>
        <line num="22" count="20" type="stmt"/>
        <line num="25" count="0" type="stmt"/>
      </file>
      <file name="data.ts" path="/home/whoami/frontend/commerce-projects/df_boilerplate-main/src/primitives/FiltersSearchListPrmt/FiltersSearchListMobilePrmt/data.ts">
        <metrics statements="1" coveredstatements="1" conditionals="0" coveredconditionals="0" methods="0" coveredmethods="0"/>
        <line num="1" count="1" type="stmt"/>
      </file>
    </package>
    <package name="primitives.FlexPrmt">
      <metrics statements="3" coveredstatements="3" conditionals="0" coveredconditionals="0" methods="1" coveredmethods="1"/>
      <file name="FlexPrmt.tsx" path="/home/whoami/frontend/commerce-projects/df_boilerplate-main/src/primitives/FlexPrmt/FlexPrmt.tsx">
        <metrics statements="3" coveredstatements="3" conditionals="0" coveredconditionals="0" methods="1" coveredmethods="1"/>
        <line num="2" count="1" type="stmt"/>
        <line num="15" count="20" type="stmt"/>
        <line num="16" count="20" type="stmt"/>
      </file>
    </package>
    <package name="primitives.FooterPrmt">
      <metrics statements="2" coveredstatements="2" conditionals="0" coveredconditionals="0" methods="1" coveredmethods="1"/>
      <file name="FooterPrmt.tsx" path="/home/whoami/frontend/commerce-projects/df_boilerplate-main/src/primitives/FooterPrmt/FooterPrmt.tsx">
        <metrics statements="2" coveredstatements="2" conditionals="0" coveredconditionals="0" methods="1" coveredmethods="1"/>
        <line num="2" count="3" type="stmt"/>
        <line num="4" count="12" type="stmt"/>
      </file>
    </package>
    <package name="primitives.LayoutPrmt">
      <metrics statements="19" coveredstatements="19" conditionals="17" coveredconditionals="17" methods="4" coveredmethods="4"/>
      <file name="LayoutPrmt.styles.ts" path="/home/whoami/frontend/commerce-projects/df_boilerplate-main/src/primitives/LayoutPrmt/LayoutPrmt.styles.ts">
        <metrics statements="5" coveredstatements="5" conditionals="14" coveredconditionals="14" methods="1" coveredmethods="1"/>
        <line num="1" count="10" type="stmt"/>
        <line num="3" count="10" type="stmt"/>
        <line num="4" count="10" type="stmt"/>
        <line num="5" count="10" type="stmt"/>
        <line num="7" count="180" type="stmt"/>
      </file>
      <file name="LayoutPrmt.tsx" path="/home/whoami/frontend/commerce-projects/df_boilerplate-main/src/primitives/LayoutPrmt/LayoutPrmt.tsx">
        <metrics statements="14" coveredstatements="14" conditionals="3" coveredconditionals="3" methods="3" coveredmethods="3"/>
        <line num="1" count="10" type="stmt"/>
        <line num="2" count="10" type="stmt"/>
        <line num="3" count="10" type="stmt"/>
        <line num="4" count="10" type="stmt"/>
        <line num="5" count="10" type="stmt"/>
        <line num="6" count="10" type="stmt"/>
        <line num="17" count="40" type="stmt"/>
        <line num="18" count="80" type="stmt"/>
        <line num="19" count="40" type="stmt"/>
        <line num="21" count="40" type="stmt"/>
        <line num="23" count="40" type="stmt"/>
        <line num="24" count="40" type="cond" truecount="1" falsecount="0"/>
        <line num="25" count="40" type="stmt"/>
        <line num="28" count="40" type="stmt"/>
      </file>
    </package>
    <package name="primitives.LayoutPrmt.HomeHeaderPrmt">
      <metrics statements="19" coveredstatements="17" conditionals="3" coveredconditionals="1" methods="3" coveredmethods="2"/>
      <file name="HomeHeaderPrmt.tsx" path="/home/whoami/frontend/commerce-projects/df_boilerplate-main/src/primitives/LayoutPrmt/HomeHeaderPrmt/HomeHeaderPrmt.tsx">
        <metrics statements="19" coveredstatements="17" conditionals="3" coveredconditionals="1" methods="3" coveredmethods="2"/>
        <line num="1" count="10" type="stmt"/>
        <line num="2" count="10" type="stmt"/>
        <line num="3" count="10" type="stmt"/>
        <line num="4" count="10" type="stmt"/>
        <line num="5" count="10" type="stmt"/>
        <line num="6" count="10" type="stmt"/>
        <line num="7" count="10" type="stmt"/>
        <line num="8" count="10" type="stmt"/>
        <line num="16" count="40" type="stmt"/>
        <line num="17" count="40" type="stmt"/>
        <line num="19" count="40" type="stmt"/>
        <line num="20" count="40" type="cond" truecount="1" falsecount="0"/>
        <line num="21" count="4" type="stmt"/>
        <line num="25" count="40" type="stmt"/>
        <line num="26" count="0" type="cond" truecount="0" falsecount="2"/>
        <line num="27" count="0" type="stmt"/>
        <line num="30" count="40" type="stmt"/>
        <line num="31" count="40" type="stmt"/>
        <line num="33" count="40" type="stmt"/>
      </file>
    </package>
    <package name="primitives.LayoutPrmt.HomeHeaderPrmt.BurgerMenuPrmt">
      <metrics statements="3" coveredstatements="3" conditionals="0" coveredconditionals="0" methods="1" coveredmethods="1"/>
      <file name="BurgerMenuPrmt.tsx" path="/home/whoami/frontend/commerce-projects/df_boilerplate-main/src/primitives/LayoutPrmt/HomeHeaderPrmt/BurgerMenuPrmt/BurgerMenuPrmt.tsx">
        <metrics statements="3" coveredstatements="3" conditionals="0" coveredconditionals="0" methods="1" coveredmethods="1"/>
        <line num="1" count="10" type="stmt"/>
        <line num="2" count="10" type="stmt"/>
        <line num="5" count="10" type="stmt"/>
      </file>
    </package>
    <package name="primitives.LayoutPrmt.HomeHeaderPrmt.HomeHeaderMobilePrmt">
      <metrics statements="10" coveredstatements="10" conditionals="0" coveredconditionals="0" methods="1" coveredmethods="1"/>
      <file name="HomeHeaderMobilePrmt.tsx" path="/home/whoami/frontend/commerce-projects/df_boilerplate-main/src/primitives/LayoutPrmt/HomeHeaderPrmt/HomeHeaderMobilePrmt/HomeHeaderMobilePrmt.tsx">
        <metrics statements="10" coveredstatements="10" conditionals="0" coveredconditionals="0" methods="1" coveredmethods="1"/>
        <line num="2" count="10" type="stmt"/>
        <line num="3" count="10" type="stmt"/>
        <line num="4" count="10" type="stmt"/>
        <line num="5" count="10" type="stmt"/>
        <line num="6" count="10" type="stmt"/>
        <line num="7" count="10" type="stmt"/>
        <line num="13" count="40" type="stmt"/>
        <line num="14" count="40" type="stmt"/>
        <line num="15" count="40" type="stmt"/>
        <line num="17" count="40" type="stmt"/>
      </file>
    </package>
    <package name="primitives.LayoutPrmt.HomeHeaderPrmt.LogoPrmt">
      <metrics statements="2" coveredstatements="2" conditionals="0" coveredconditionals="0" methods="1" coveredmethods="1"/>
      <file name="LogoPrmt.tsx" path="/home/whoami/frontend/commerce-projects/df_boilerplate-main/src/primitives/LayoutPrmt/HomeHeaderPrmt/LogoPrmt/LogoPrmt.tsx">
        <metrics statements="2" coveredstatements="2" conditionals="0" coveredconditionals="0" methods="1" coveredmethods="1"/>
        <line num="2" count="10" type="stmt"/>
        <line num="8" count="30" type="stmt"/>
      </file>
    </package>
    <package name="primitives.LayoutPrmt.HomeSidebarPrmt">
      <metrics statements="23" coveredstatements="21" conditionals="3" coveredconditionals="2" methods="5" coveredmethods="3"/>
      <file name="HomeSidebarPrmt.tsx" path="/home/whoami/frontend/commerce-projects/df_boilerplate-main/src/primitives/LayoutPrmt/HomeSidebarPrmt/HomeSidebarPrmt.tsx">
        <metrics statements="23" coveredstatements="21" conditionals="3" coveredconditionals="2" methods="5" coveredmethods="3"/>
        <line num="1" count="10" type="stmt"/>
        <line num="2" count="10" type="stmt"/>
        <line num="3" count="10" type="stmt"/>
        <line num="4" count="10" type="stmt"/>
        <line num="5" count="10" type="stmt"/>
        <line num="11" count="40" type="stmt"/>
        <line num="12" count="40" type="stmt"/>
        <line num="13" count="40" type="stmt"/>
        <line num="15" count="40" type="stmt"/>
        <line num="16" count="0" type="stmt"/>
        <line num="19" count="40" type="stmt"/>
        <line num="20" count="0" type="stmt"/>
        <line num="23" count="40" type="stmt"/>
        <line num="24" count="40" type="stmt"/>
        <line num="25" count="40" type="cond" truecount="1" falsecount="0"/>
        <line num="26" count="20" type="stmt"/>
        <line num="27" count="20" type="stmt"/>
        <line num="28" count="20" type="stmt"/>
        <line num="29" count="20" type="stmt"/>
        <line num="30" count="20" type="stmt"/>
        <line num="35" count="40" type="stmt"/>
        <line num="36" count="40" type="stmt"/>
        <line num="38" count="40" type="stmt"/>
      </file>
    </package>
    <package name="primitives.LayoutPrmt.HomeSidebarPrmt.HomeSidebarNavigationPrmt">
      <metrics statements="7" coveredstatements="7" conditionals="2" coveredconditionals="1" methods="2" coveredmethods="2"/>
      <file name="HomeSidebarNavigationPrmt.tsx" path="/home/whoami/frontend/commerce-projects/df_boilerplate-main/src/primitives/LayoutPrmt/HomeSidebarPrmt/HomeSidebarNavigationPrmt/HomeSidebarNavigationPrmt.tsx">
        <metrics statements="7" coveredstatements="7" conditionals="2" coveredconditionals="1" methods="2" coveredmethods="2"/>
        <line num="2" count="10" type="stmt"/>
        <line num="3" count="10" type="stmt"/>
        <line num="4" count="10" type="stmt"/>
        <line num="11" count="20" type="stmt"/>
        <line num="12" count="20" type="stmt"/>
        <line num="14" count="20" type="stmt"/>
        <line num="16" count="60" type="stmt"/>
      </file>
    </package>
    <package name="primitives.OrderListPreviewPrmt">
      <metrics statements="5" coveredstatements="5" conditionals="16" coveredconditionals="16" methods="1" coveredmethods="1"/>
      <file name="OrdersListPreviewPrmt.styles.ts" path="/home/whoami/frontend/commerce-projects/df_boilerplate-main/src/primitives/OrderListPreviewPrmt/OrdersListPreviewPrmt.styles.ts">
        <metrics statements="5" coveredstatements="5" conditionals="16" coveredconditionals="16" methods="1" coveredmethods="1"/>
        <line num="1" count="5" type="stmt"/>
        <line num="2" count="5" type="stmt"/>
        <line num="4" count="5" type="stmt"/>
        <line num="5" count="5" type="stmt"/>
        <line num="7" count="276" type="stmt"/>
      </file>
    </package>
    <package name="primitives.OrderListPreviewPrmt.OrderListContainerPrmt">
      <metrics statements="7" coveredstatements="7" conditionals="2" coveredconditionals="1" methods="1" coveredmethods="1"/>
      <file name="OrderListContainerPrmt.tsx" path="/home/whoami/frontend/commerce-projects/df_boilerplate-main/src/primitives/OrderListPreviewPrmt/OrderListContainerPrmt/OrderListContainerPrmt.tsx">
        <metrics statements="7" coveredstatements="7" conditionals="2" coveredconditionals="1" methods="1" coveredmethods="1"/>
        <line num="1" count="3" type="stmt"/>
        <line num="2" count="3" type="stmt"/>
        <line num="3" count="3" type="stmt"/>
        <line num="8" count="16" type="stmt"/>
        <line num="9" count="16" type="stmt"/>
        <line num="10" count="16" type="stmt"/>
        <line num="12" count="16" type="cond" truecount="1" falsecount="1"/>
      </file>
    </package>
    <package name="primitives.OrderListPreviewPrmt.OrderListContainerPrmt.OrderListItemPrmt">
      <metrics statements="7" coveredstatements="7" conditionals="4" coveredconditionals="4" methods="1" coveredmethods="1"/>
      <file name="OrderListItemPrmt.tsx" path="/home/whoami/frontend/commerce-projects/df_boilerplate-main/src/primitives/OrderListPreviewPrmt/OrderListContainerPrmt/OrderListItemPrmt/OrderListItemPrmt.tsx">
        <metrics statements="7" coveredstatements="7" conditionals="4" coveredconditionals="4" methods="1" coveredmethods="1"/>
        <line num="2" count="5" type="stmt"/>
        <line num="3" count="5" type="stmt"/>
        <line num="4" count="5" type="stmt"/>
        <line num="5" count="5" type="stmt"/>
        <line num="11" count="212" type="stmt"/>
        <line num="12" count="212" type="stmt"/>
        <line num="13" count="212" type="stmt"/>
      </file>
    </package>
    <package name="primitives.OrderListPreviewPrmt.OrderListDiffContainerPrmt">
      <metrics statements="7" coveredstatements="7" conditionals="2" coveredconditionals="1" methods="1" coveredmethods="1"/>
      <file name="OrderListDiffContainerPrmt.tsx" path="/home/whoami/frontend/commerce-projects/df_boilerplate-main/src/primitives/OrderListPreviewPrmt/OrderListDiffContainerPrmt/OrderListDiffContainerPrmt.tsx">
        <metrics statements="7" coveredstatements="7" conditionals="2" coveredconditionals="1" methods="1" coveredmethods="1"/>
        <line num="1" count="2" type="stmt"/>
        <line num="2" count="2" type="stmt"/>
        <line num="3" count="2" type="stmt"/>
        <line num="9" count="16" type="stmt"/>
        <line num="10" count="16" type="stmt"/>
        <line num="11" count="16" type="stmt"/>
        <line num="13" count="16" type="cond" truecount="1" falsecount="1"/>
      </file>
    </package>
    <package name="primitives.OrderListPreviewPrmt.OrderListPreviewContainerPrmt">
      <metrics statements="2" coveredstatements="2" conditionals="0" coveredconditionals="0" methods="1" coveredmethods="1"/>
      <file name="OrderListPreviewContainerPrmt.tsx" path="/home/whoami/frontend/commerce-projects/df_boilerplate-main/src/primitives/OrderListPreviewPrmt/OrderListPreviewContainerPrmt/OrderListPreviewContainerPrmt.tsx">
        <metrics statements="2" coveredstatements="2" conditionals="0" coveredconditionals="0" methods="1" coveredmethods="1"/>
        <line num="2" count="5" type="stmt"/>
        <line num="8" count="32" type="stmt"/>
      </file>
    </package>
    <package name="primitives.OrderListPreviewPrmt.OrderListPreviewGridsPrmt">
      <metrics statements="5" coveredstatements="5" conditionals="0" coveredconditionals="0" methods="2" coveredmethods="2"/>
      <file name="OrderListPreviewGridsPrmt.tsx" path="/home/whoami/frontend/commerce-projects/df_boilerplate-main/src/primitives/OrderListPreviewPrmt/OrderListPreviewGridsPrmt/OrderListPreviewGridsPrmt.tsx">
        <metrics statements="5" coveredstatements="5" conditionals="0" coveredconditionals="0" methods="2" coveredmethods="2"/>
        <line num="2" count="5" type="stmt"/>
        <line num="3" count="5" type="stmt"/>
        <line num="4" count="5" type="stmt"/>
        <line num="10" count="184" type="stmt"/>
        <line num="12" count="368" type="stmt"/>
      </file>
    </package>
    <package name="primitives.OrderListPreviewPrmt.OrderPrmt">
      <metrics statements="5" coveredstatements="5" conditionals="0" coveredconditionals="0" methods="1" coveredmethods="1"/>
      <file name="OrderPrmt.tsx" path="/home/whoami/frontend/commerce-projects/df_boilerplate-main/src/primitives/OrderListPreviewPrmt/OrderPrmt/OrderPrmt.tsx">
        <metrics statements="5" coveredstatements="5" conditionals="0" coveredconditionals="0" methods="1" coveredmethods="1"/>
        <line num="2" count="5" type="stmt"/>
        <line num="3" count="5" type="stmt"/>
        <line num="5" count="5" type="stmt"/>
        <line num="6" count="32" type="stmt"/>
        <line num="8" count="32" type="stmt"/>
      </file>
    </package>
    <package name="primitives.OrderTabsPrmt">
      <metrics statements="7" coveredstatements="7" conditionals="6" coveredconditionals="6" methods="2" coveredmethods="2"/>
      <file name="OrderTabsPrmt.styles.ts" path="/home/whoami/frontend/commerce-projects/df_boilerplate-main/src/primitives/OrderTabsPrmt/OrderTabsPrmt.styles.ts">
        <metrics statements="2" coveredstatements="2" conditionals="6" coveredconditionals="6" methods="1" coveredmethods="1"/>
        <line num="1" count="1" type="stmt"/>
        <line num="3" count="16" type="stmt"/>
      </file>
      <file name="OrderTabsPrmt.tsx" path="/home/whoami/frontend/commerce-projects/df_boilerplate-main/src/primitives/OrderTabsPrmt/OrderTabsPrmt.tsx">
        <metrics statements="5" coveredstatements="5" conditionals="0" coveredconditionals="0" methods="1" coveredmethods="1"/>
        <line num="2" count="1" type="stmt"/>
        <line num="3" count="1" type="stmt"/>
        <line num="9" count="4" type="stmt"/>
        <line num="10" count="4" type="stmt"/>
        <line num="12" count="4" type="stmt"/>
      </file>
    </package>
    <package name="primitives.OrderTabsPrmt.OrderContainerPrmt">
      <metrics statements="4" coveredstatements="4" conditionals="0" coveredconditionals="0" methods="1" coveredmethods="1"/>
      <file name="OrderContainerPrmt.tsx" path="/home/whoami/frontend/commerce-projects/df_boilerplate-main/src/primitives/OrderTabsPrmt/OrderContainerPrmt/OrderContainerPrmt.tsx">
        <metrics statements="4" coveredstatements="4" conditionals="0" coveredconditionals="0" methods="1" coveredmethods="1"/>
        <line num="2" count="1" type="stmt"/>
        <line num="8" count="4" type="stmt"/>
        <line num="9" count="4" type="stmt"/>
        <line num="10" count="4" type="stmt"/>
      </file>
    </package>
    <package name="primitives.OrderTabsPrmt.OrderPreviewPrmt">
      <metrics statements="5" coveredstatements="5" conditionals="0" coveredconditionals="0" methods="1" coveredmethods="1"/>
      <file name="OrderPreviewPrmt.tsx" path="/home/whoami/frontend/commerce-projects/df_boilerplate-main/src/primitives/OrderTabsPrmt/OrderPreviewPrmt/OrderPreviewPrmt.tsx">
        <metrics statements="5" coveredstatements="5" conditionals="0" coveredconditionals="0" methods="1" coveredmethods="1"/>
        <line num="2" count="1" type="stmt"/>
        <line num="3" count="1" type="stmt"/>
        <line num="5" count="1" type="stmt"/>
        <line num="6" count="8" type="stmt"/>
        <line num="8" count="8" type="stmt"/>
      </file>
    </package>
    <package name="primitives.OrderTabsPrmt.OrderVersionPrmt">
      <metrics statements="2" coveredstatements="2" conditionals="0" coveredconditionals="0" methods="1" coveredmethods="1"/>
      <file name="OrderVersionPrmt.tsx" path="/home/whoami/frontend/commerce-projects/df_boilerplate-main/src/primitives/OrderTabsPrmt/OrderVersionPrmt/OrderVersionPrmt.tsx">
        <metrics statements="2" coveredstatements="2" conditionals="0" coveredconditionals="0" methods="1" coveredmethods="1"/>
        <line num="2" count="1" type="stmt"/>
        <line num="8" count="8" type="stmt"/>
      </file>
    </package>
    <package name="primitives.OrdersFilterPrmt">
      <metrics statements="10" coveredstatements="10" conditionals="0" coveredconditionals="0" methods="4" coveredmethods="2"/>
      <file name="OrdersFilterContextPrmt.tsx" path="/home/whoami/frontend/commerce-projects/df_boilerplate-main/src/primitives/OrdersFilterPrmt/OrdersFilterContextPrmt.tsx">
        <metrics statements="8" coveredstatements="8" conditionals="0" coveredconditionals="0" methods="4" coveredmethods="2"/>
        <line num="1" count="8" type="stmt"/>
        <line num="14" count="8" type="stmt"/>
        <line num="21" count="28" type="stmt"/>
        <line num="22" count="28" type="stmt"/>
        <line num="23" count="28" type="stmt"/>
        <line num="25" count="28" type="stmt"/>
        <line num="26" count="28" type="stmt"/>
        <line num="35" count="28" type="stmt"/>
      </file>
      <file name="data.ts" path="/home/whoami/frontend/commerce-projects/df_boilerplate-main/src/primitives/OrdersFilterPrmt/data.ts">
        <metrics statements="2" coveredstatements="2" conditionals="0" coveredconditionals="0" methods="0" coveredmethods="0"/>
        <line num="1" count="4" type="stmt"/>
        <line num="27" count="4" type="stmt"/>
      </file>
    </package>
    <package name="primitives.OrdersFilterPrmt.OrdersFilterCardsContainerPrmt">
      <metrics statements="7" coveredstatements="7" conditionals="0" coveredconditionals="0" methods="1" coveredmethods="1"/>
      <file name="OrdersFilterCardsContainerPrmt.tsx" path="/home/whoami/frontend/commerce-projects/df_boilerplate-main/src/primitives/OrdersFilterPrmt/OrdersFilterCardsContainerPrmt/OrdersFilterCardsContainerPrmt.tsx">
        <metrics statements="7" coveredstatements="7" conditionals="0" coveredconditionals="0" methods="1" coveredmethods="1"/>
        <line num="2" count="8" type="stmt"/>
        <line num="3" count="8" type="stmt"/>
[...]
        <line num="13" count="4" type="stmt"/>
      </file>
      <file name="data.ts" path="/home/whoami/frontend/commerce-projects/df_boilerplate-main/src/templates/OrderListPreviewPage/data.ts">
        <metrics statements="3" coveredstatements="3" conditionals="0" coveredconditionals="0" methods="3" coveredmethods="0"/>
        <line num="1" count="1" type="stmt"/>
        <line num="19" count="1" type="stmt"/>
        <line num="334" count="1" type="stmt"/>
      </file>
    </package>
    <package name="templates.OrderPage">
      <metrics statements="27" coveredstatements="27" conditionals="0" coveredconditionals="0" methods="4" coveredmethods="1"/>
      <file name="OrderPage.tsx" path="/home/whoami/frontend/commerce-projects/df_boilerplate-main/src/templates/OrderPage/OrderPage.tsx">
        <metrics statements="22" coveredstatements="22" conditionals="0" coveredconditionals="0" methods="1" coveredmethods="1"/>
        <line num="2" count="1" type="stmt"/>
        <line num="3" count="1" type="stmt"/>
        <line num="4" count="1" type="stmt"/>
        <line num="5" count="1" type="stmt"/>
        <line num="6" count="1" type="stmt"/>
        <line num="7" count="1" type="stmt"/>
        <line num="8" count="1" type="stmt"/>
        <line num="9" count="1" type="stmt"/>
        <line num="10" count="1" type="stmt"/>
        <line num="11" count="1" type="stmt"/>
        <line num="12" count="1" type="stmt"/>
        <line num="13" count="1" type="stmt"/>
        <line num="14" count="1" type="stmt"/>
        <line num="15" count="1" type="stmt"/>
        <line num="16" count="1" type="stmt"/>
        <line num="17" count="1" type="stmt"/>
        <line num="18" count="1" type="stmt"/>
        <line num="19" count="1" type="stmt"/>
        <line num="20" count="1" type="stmt"/>
        <line num="21" count="1" type="stmt"/>
        <line num="22" count="1" type="stmt"/>
        <line num="24" count="4" type="stmt"/>
      </file>
      <file name="data.tsx" path="/home/whoami/frontend/commerce-projects/df_boilerplate-main/src/templates/OrderPage/data.tsx">
        <metrics statements="5" coveredstatements="5" conditionals="0" coveredconditionals="0" methods="3" coveredmethods="0"/>
        <line num="1" count="1" type="stmt"/>
        <line num="3" count="1" type="stmt"/>
        <line num="5" count="1" type="stmt"/>
        <line num="23" count="1" type="stmt"/>
        <line num="50" count="1" type="stmt"/>
      </file>
    </package>
    <package name="templates.OrdersFilterClosedPage">
      <metrics statements="10" coveredstatements="10" conditionals="0" coveredconditionals="0" methods="4" coveredmethods="1"/>
      <file name="OrdersFilterClosedPage.tsx" path="/home/whoami/frontend/commerce-projects/df_boilerplate-main/src/templates/OrdersFilterClosedPage/OrdersFilterClosedPage.tsx">
        <metrics statements="7" coveredstatements="7" conditionals="0" coveredconditionals="0" methods="1" coveredmethods="1"/>
        <line num="2" count="1" type="stmt"/>
        <line num="3" count="1" type="stmt"/>
        <line num="4" count="1" type="stmt"/>
        <line num="5" count="1" type="stmt"/>
        <line num="6" count="1" type="stmt"/>
        <line num="7" count="1" type="stmt"/>
        <line num="9" count="4" type="stmt"/>
      </file>
      <file name="data.ts" path="/home/whoami/frontend/commerce-projects/df_boilerplate-main/src/templates/OrdersFilterClosedPage/data.ts">
        <metrics statements="3" coveredstatements="3" conditionals="0" coveredconditionals="0" methods="3" coveredmethods="0"/>
        <line num="1" count="1" type="stmt"/>
        <line num="19" count="1" type="stmt"/>
        <line num="166" count="1" type="stmt"/>
      </file>
    </package>
    <package name="templates.OrdersFilterClosedWithDialogPage">
      <metrics statements="27" coveredstatements="26" conditionals="0" coveredconditionals="0" methods="9" coveredmethods="5"/>
      <file name="OrdersFilterClosedWithDialogPage.tsx" path="/home/whoami/frontend/commerce-projects/df_boilerplate-main/src/templates/OrdersFilterClosedWithDialogPage/OrdersFilterClosedWithDialogPage.tsx">
        <metrics statements="24" coveredstatements="23" conditionals="0" coveredconditionals="0" methods="6" coveredmethods="5"/>
        <line num="2" count="1" type="stmt"/>
        <line num="3" count="1" type="stmt"/>
        <line num="4" count="1" type="stmt"/>
        <line num="5" count="1" type="stmt"/>
        <line num="6" count="1" type="stmt"/>
        <line num="7" count="1" type="stmt"/>
        <line num="8" count="1" type="stmt"/>
        <line num="9" count="1" type="stmt"/>
        <line num="10" count="1" type="stmt"/>
        <line num="11" count="1" type="stmt"/>
        <line num="12" count="1" type="stmt"/>
        <line num="13" count="1" type="stmt"/>
        <line num="15" count="1" type="stmt"/>
        <line num="17" count="4" type="stmt"/>
        <line num="43" count="1" type="stmt"/>
        <line num="44" count="1" type="stmt"/>
        <line num="47" count="4" type="stmt"/>
        <line num="51" count="1" type="stmt"/>
        <line num="52" count="1" type="stmt"/>
        <line num="55" count="0" type="stmt"/>
        <line num="59" count="1" type="stmt"/>
        <line num="61" count="1" type="stmt"/>
        <line num="65" count="1" type="stmt"/>
        <line num="67" count="4" type="stmt"/>
      </file>
      <file name="data.ts" path="/home/whoami/frontend/commerce-projects/df_boilerplate-main/src/templates/OrdersFilterClosedWithDialogPage/data.ts">
        <metrics statements="3" coveredstatements="3" conditionals="0" coveredconditionals="0" methods="3" coveredmethods="0"/>
        <line num="1" count="1" type="stmt"/>
        <line num="19" count="1" type="stmt"/>
        <line num="334" count="1" type="stmt"/>
      </file>
    </package>
    <package name="templates.OrdersFilterOpenedPage">
      <metrics statements="7" coveredstatements="7" conditionals="0" coveredconditionals="0" methods="4" coveredmethods="1"/>
      <file name="OrdersFilterOpenedPage.tsx" path="/home/whoami/frontend/commerce-projects/df_boilerplate-main/src/templates/OrdersFilterOpenedPage/OrdersFilterOpenedPage.tsx">
        <metrics statements="5" coveredstatements="5" conditionals="0" coveredconditionals="0" methods="1" coveredmethods="1"/>
        <line num="2" count="1" type="stmt"/>
        <line num="3" count="1" type="stmt"/>
        <line num="4" count="1" type="stmt"/>
        <line num="5" count="1" type="stmt"/>
        <line num="7" count="4" type="stmt"/>
      </file>
      <file name="data.ts" path="/home/whoami/frontend/commerce-projects/df_boilerplate-main/src/templates/OrdersFilterOpenedPage/data.ts">
        <metrics statements="2" coveredstatements="2" conditionals="0" coveredconditionals="0" methods="3" coveredmethods="0"/>
        <line num="1" count="1" type="stmt"/>
        <line num="19" count="1" type="stmt"/>
      </file>
    </package>
    <package name="templates.OrdersFilterOpenedWithDialogPage">
      <metrics statements="26" coveredstatements="24" conditionals="6" coveredconditionals="4" methods="9" coveredmethods="5"/>
      <file name="OrdersFilterOpenedWithDialogPage.tsx" path="/home/whoami/frontend/commerce-projects/df_boilerplate-main/src/templates/OrdersFilterOpenedWithDialogPage/OrdersFilterOpenedWithDialogPage.tsx">
        <metrics statements="24" coveredstatements="22" conditionals="6" coveredconditionals="4" methods="6" coveredmethods="5"/>
        <line num="2" count="1" type="stmt"/>
        <line num="3" count="1" type="stmt"/>
        <line num="4" count="1" type="stmt"/>
        <line num="5" count="1" type="stmt"/>
        <line num="6" count="1" type="stmt"/>
        <line num="7" count="1" type="stmt"/>
        <line num="8" count="1" type="stmt"/>
        <line num="9" count="1" type="stmt"/>
        <line num="10" count="1" type="stmt"/>
        <line num="12" count="1" type="stmt"/>
        <line num="14" count="4" type="stmt"/>
        <line num="15" count="4" type="cond" truecount="2" falsecount="0"/>
        <line num="30" count="1" type="stmt"/>
        <line num="31" count="1" type="stmt"/>
        <line num="34" count="4" type="stmt"/>
        <line num="35" count="4" type="stmt"/>
        <line num="45" count="1" type="stmt"/>
        <line num="46" count="1" type="stmt"/>
        <line num="49" count="0" type="stmt"/>
        <line num="50" count="0" type="cond" truecount="0" falsecount="2"/>
        <line num="66" count="1" type="stmt"/>
        <line num="68" count="1" type="stmt"/>
        <line num="72" count="1" type="stmt"/>
        <line num="74" count="4" type="stmt"/>
      </file>
      <file name="data.ts" path="/home/whoami/frontend/commerce-projects/df_boilerplate-main/src/templates/OrdersFilterOpenedWithDialogPage/data.ts">
        <metrics statements="2" coveredstatements="2" conditionals="0" coveredconditionals="0" methods="3" coveredmethods="0"/>
        <line num="1" count="1" type="stmt"/>
        <line num="19" count="1" type="stmt"/>
      </file>
    </package>
    <package name="templates.WelcomePages.WelcomePage1">
      <metrics statements="13" coveredstatements="13" conditionals="0" coveredconditionals="0" methods="6" coveredmethods="1"/>
      <file name="WelcomePage1.tsx" path="/home/whoami/frontend/commerce-projects/df_boilerplate-main/src/templates/WelcomePages/WelcomePage1/WelcomePage1.tsx">
        <metrics statements="6" coveredstatements="6" conditionals="0" coveredconditionals="0" methods="1" coveredmethods="1"/>
        <line num="2" count="1" type="stmt"/>
        <line num="3" count="1" type="stmt"/>
        <line num="4" count="1" type="stmt"/>
        <line num="5" count="1" type="stmt"/>
        <line num="6" count="1" type="stmt"/>
        <line num="8" count="4" type="stmt"/>
      </file>
      <file name="data.ts" path="/home/whoami/frontend/commerce-projects/df_boilerplate-main/src/templates/WelcomePages/WelcomePage1/data.ts">
        <metrics statements="7" coveredstatements="7" conditionals="0" coveredconditionals="0" methods="5" coveredmethods="0"/>
        <line num="1" count="1" type="stmt"/>
        <line num="2" count="1" type="stmt"/>
        <line num="3" count="1" type="stmt"/>
        <line num="4" count="1" type="stmt"/>
        <line num="17" count="1" type="stmt"/>
        <line num="24" count="1" type="stmt"/>
        <line num="42" count="1" type="stmt"/>
      </file>
    </package>
    <package name="templates.WelcomePages.WelcomePage2">
      <metrics statements="15" coveredstatements="15" conditionals="0" coveredconditionals="0" methods="14" coveredmethods="1"/>
      <file name="WelcomePage2.tsx" path="/home/whoami/frontend/commerce-projects/df_boilerplate-main/src/templates/WelcomePages/WelcomePage2/WelcomePage2.tsx">
        <metrics statements="8" coveredstatements="8" conditionals="0" coveredconditionals="0" methods="1" coveredmethods="1"/>
        <line num="2" count="1" type="stmt"/>
        <line num="3" count="1" type="stmt"/>
        <line num="4" count="1" type="stmt"/>
        <line num="5" count="1" type="stmt"/>
        <line num="6" count="1" type="stmt"/>
        <line num="7" count="1" type="stmt"/>
        <line num="8" count="1" type="stmt"/>
        <line num="10" count="4" type="stmt"/>
      </file>
      <file name="data.ts" path="/home/whoami/frontend/commerce-projects/df_boilerplate-main/src/templates/WelcomePages/WelcomePage2/data.ts">
        <metrics statements="7" coveredstatements="7" conditionals="0" coveredconditionals="0" methods="13" coveredmethods="0"/>
        <line num="1" count="1" type="stmt"/>
        <line num="2" count="1" type="stmt"/>
        <line num="3" count="1" type="stmt"/>
        <line num="4" count="1" type="stmt"/>
        <line num="17" count="1" type="stmt"/>
        <line num="24" count="1" type="stmt"/>
        <line num="42" count="1" type="stmt"/>
      </file>
    </package>
    <package name="templates.WelcomePages.WelcomePage3">
      <metrics statements="15" coveredstatements="15" conditionals="0" coveredconditionals="0" methods="14" coveredmethods="1"/>
      <file name="WelcomePage3.tsx" path="/home/whoami/frontend/commerce-projects/df_boilerplate-main/src/templates/WelcomePages/WelcomePage3/WelcomePage3.tsx">
        <metrics statements="8" coveredstatements="8" conditionals="0" coveredconditionals="0" methods="1" coveredmethods="1"/>
        <line num="2" count="1" type="stmt"/>
        <line num="3" count="1" type="stmt"/>
        <line num="4" count="1" type="stmt"/>
        <line num="5" count="1" type="stmt"/>
        <line num="6" count="1" type="stmt"/>
        <line num="7" count="1" type="stmt"/>
        <line num="8" count="1" type="stmt"/>
        <line num="10" count="4" type="stmt"/>
      </file>
      <file name="data.ts" path="/home/whoami/frontend/commerce-projects/df_boilerplate-main/src/templates/WelcomePages/WelcomePage3/data.ts">
        <metrics statements="7" coveredstatements="7" conditionals="0" coveredconditionals="0" methods="13" coveredmethods="0"/>
        <line num="1" count="1" type="stmt"/>
        <line num="2" count="1" type="stmt"/>
        <line num="3" count="1" type="stmt"/>
        <line num="4" count="1" type="stmt"/>
        <line num="17" count="1" type="stmt"/>
        <line num="24" count="1" type="stmt"/>
        <line num="42" count="1" type="stmt"/>
      </file>
    </package>
    <package name="templates.WelcomePages.WelcomePage4">
      <metrics statements="13" coveredstatements="13" conditionals="0" coveredconditionals="0" methods="14" coveredmethods="1"/>
      <file name="WelcomePage4.tsx" path="/home/whoami/frontend/commerce-projects/df_boilerplate-main/src/templates/WelcomePages/WelcomePage4/WelcomePage4.tsx">
        <metrics statements="6" coveredstatements="6" conditionals="0" coveredconditionals="0" methods="1" coveredmethods="1"/>
        <line num="2" count="1" type="stmt"/>
        <line num="3" count="1" type="stmt"/>
        <line num="4" count="1" type="stmt"/>
        <line num="5" count="1" type="stmt"/>
        <line num="6" count="1" type="stmt"/>
        <line num="8" count="4" type="stmt"/>
      </file>
      <file name="data.ts" path="/home/whoami/frontend/commerce-projects/df_boilerplate-main/src/templates/WelcomePages/WelcomePage4/data.ts">
        <metrics statements="7" coveredstatements="7" conditionals="0" coveredconditionals="0" methods="13" coveredmethods="0"/>
        <line num="1" count="1" type="stmt"/>
        <line num="2" count="1" type="stmt"/>
        <line num="3" count="1" type="stmt"/>
        <line num="4" count="1" type="stmt"/>
        <line num="17" count="1" type="stmt"/>
        <line num="24" count="1" type="stmt"/>
        <line num="42" count="1" type="stmt"/>
      </file>
    </package>
    <package name="templates.WelcomePages.WelcomePage5">
      <metrics statements="11" coveredstatements="11" conditionals="0" coveredconditionals="0" methods="6" coveredmethods="1"/>
      <file name="WelcomePage5.tsx" path="/home/whoami/frontend/commerce-projects/df_boilerplate-main/src/templates/WelcomePages/WelcomePage5/WelcomePage5.tsx">
        <metrics statements="9" coveredstatements="9" conditionals="0" coveredconditionals="0" methods="1" coveredmethods="1"/>
        <line num="2" count="1" type="stmt"/>
        <line num="3" count="1" type="stmt"/>
        <line num="4" count="1" type="stmt"/>
        <line num="5" count="1" type="stmt"/>
        <line num="6" count="1" type="stmt"/>
        <line num="7" count="1" type="stmt"/>
        <line num="8" count="1" type="stmt"/>
        <line num="9" count="1" type="stmt"/>
        <line num="11" count="4" type="stmt"/>
      </file>
      <file name="data.ts" path="/home/whoami/frontend/commerce-projects/df_boilerplate-main/src/templates/WelcomePages/WelcomePage5/data.ts">
        <metrics statements="2" coveredstatements="2" conditionals="0" coveredconditionals="0" methods="5" coveredmethods="0"/>
        <line num="7" count="1" type="stmt"/>
        <line num="25" count="1" type="stmt"/>
      </file>
    </package>
    <package name="templates.WelcomePages.WelcomePage6">
      <metrics statements="11" coveredstatements="11" conditionals="0" coveredconditionals="0" methods="14" coveredmethods="1"/>
      <file name="WelcomePage6.tsx" path="/home/whoami/frontend/commerce-projects/df_boilerplate-main/src/templates/WelcomePages/WelcomePage6/WelcomePage6.tsx">
        <metrics statements="9" coveredstatements="9" conditionals="0" coveredconditionals="0" methods="1" coveredmethods="1"/>
        <line num="2" count="1" type="stmt"/>
        <line num="3" count="1" type="stmt"/>
        <line num="4" count="1" type="stmt"/>
        <line num="5" count="1" type="stmt"/>
        <line num="6" count="1" type="stmt"/>
        <line num="7" count="1" type="stmt"/>
        <line num="8" count="1" type="stmt"/>
        <line num="9" count="1" type="stmt"/>
        <line num="11" count="4" type="stmt"/>
      </file>
      <file name="data.ts" path="/home/whoami/frontend/commerce-projects/df_boilerplate-main/src/templates/WelcomePages/WelcomePage6/data.ts">
        <metrics statements="2" coveredstatements="2" conditionals="0" coveredconditionals="0" methods="13" coveredmethods="0"/>
        <line num="7" count="1" type="stmt"/>
        <line num="25" count="1" type="stmt"/>
      </file>
    </package>
    <package name="templates.WelcomePages.WelcomePage7">
      <metrics statements="11" coveredstatements="11" conditionals="0" coveredconditionals="0" methods="14" coveredmethods="1"/>
      <file name="WelcomePage7.tsx" path="/home/whoami/frontend/commerce-projects/df_boilerplate-main/src/templates/WelcomePages/WelcomePage7/WelcomePage7.tsx">
        <metrics statements="9" coveredstatements="9" conditionals="0" coveredconditionals="0" methods="1" coveredmethods="1"/>
        <line num="2" count="1" type="stmt"/>
        <line num="3" count="1" type="stmt"/>
        <line num="4" count="1" type="stmt"/>
        <line num="5" count="1" type="stmt"/>
        <line num="6" count="1" type="stmt"/>
        <line num="7" count="1" type="stmt"/>
        <line num="8" count="1" type="stmt"/>
        <line num="9" count="1" type="stmt"/>
        <line num="11" count="4" type="stmt"/>
      </file>
      <file name="data.ts" path="/home/whoami/frontend/commerce-projects/df_boilerplate-main/src/templates/WelcomePages/WelcomePage7/data.ts">
        <metrics statements="2" coveredstatements="2" conditionals="0" coveredconditionals="0" methods="13" coveredmethods="0"/>
        <line num="7" count="1" type="stmt"/>
        <line num="25" count="1" type="stmt"/>
      </file>
    </package>
    <package name="templates.WelcomePages.WelcomePage8">
      <metrics statements="9" coveredstatements="9" conditionals="0" coveredconditionals="0" methods="14" coveredmethods="1"/>
      <file name="WelcomePage8.tsx" path="/home/whoami/frontend/commerce-projects/df_boilerplate-main/src/templates/WelcomePages/WelcomePage8/WelcomePage8.tsx">
        <metrics statements="7" coveredstatements="7" conditionals="0" coveredconditionals="0" methods="1" coveredmethods="1"/>
        <line num="2" count="1" type="stmt"/>
        <line num="3" count="1" type="stmt"/>
        <line num="4" count="1" type="stmt"/>
        <line num="5" count="1" type="stmt"/>
        <line num="6" count="1" type="stmt"/>
        <line num="7" count="1" type="stmt"/>
        <line num="9" count="4" type="stmt"/>
      </file>
      <file name="data.ts" path="/home/whoami/frontend/commerce-projects/df_boilerplate-main/src/templates/WelcomePages/WelcomePage8/data.ts">
        <metrics statements="2" coveredstatements="2" conditionals="0" coveredconditionals="0" methods="13" coveredmethods="0"/>
        <line num="7" count="1" type="stmt"/>
        <line num="25" count="1" type="stmt"/>
      </file>
    </package>
  </project>
</coverage>
