{"/home/whoami/frontend/commerce-projects/df_boilerplate-main/src/construct/FileTimeCnstr/FileTimeCnstr.styles.ts": {"path":"/home/whoami/frontend/commerce-projects/df_boilerplate-main/src/construct/FileTimeCnstr/FileTimeCnstr.styles.ts","statementMap":{"0":{"start":{"line":1,"column":0},"end":{"line":1,"column":57}},"1":{"start":{"line":3,"column":13},"end":{"line":3,"column":36}},"2":{"start":{"line":5,"column":13},"end":{"line":17,"column":4}},"3":{"start":{"line":5,"column":46},"end":{"line":5,"column":48}},"4":{"start":{"line":5,"column":51},"end":{"line":5,"column":53}},"5":{"start":{"line":5,"column":58},"end":{"line":17,"column":3}}},"fnMap":{"0":{"name":"(anonymous_1)","decl":{"start":{"line":5,"column":38},"end":{"line":5,"column":39}},"loc":{"start":{"line":5,"column":53},"end":{"line":5,"column":59}}}},"branchMap":{"0":{"loc":{"start":{"line":6,"column":15},"end":{"line":9,"column":null}},"type":"binary-expr","locations":[{"start":{"line":6,"column":15},"end":{"line":6,"column":null}},{"start":{"line":6,"column":15},"end":{"line":9,"column":null}}]},"1":{"loc":{"start":{"line":10,"column":12},"end":{"line":13,"column":null}},"type":"binary-expr","locations":[{"start":{"line":10,"column":12},"end":{"line":10,"column":null}},{"start":{"line":10,"column":12},"end":{"line":13,"column":null}}]},"2":{"loc":{"start":{"line":14,"column":13},"end":{"line":16,"column":null}},"type":"binary-expr","locations":[{"start":{"line":14,"column":13},"end":{"line":14,"column":null}},{"start":{"line":14,"column":13},"end":{"line":16,"column":null}}]}},"s":{"0":1,"1":1,"2":1,"3":0,"4":0,"5":0},"f":{"0":0},"b":{"0":[0,0],"1":[0,0],"2":[0,0]}}
,"/home/whoami/frontend/commerce-projects/df_boilerplate-main/src/construct/FileTimeCnstr/FileTimeCnstr.tsx": {"path":"/home/whoami/frontend/commerce-projects/df_boilerplate-main/src/construct/FileTimeCnstr/FileTimeCnstr.tsx","statementMap":{"0":{"start":{"line":2,"column":0},"end":{"line":2,"column":42}},"1":{"start":{"line":3,"column":0},"end":{"line":3,"column":64}},"2":{"start":{"line":4,"column":0},"end":{"line":4,"column":58}},"3":{"start":{"line":5,"column":0},"end":{"line":5,"column":97}},"4":{"start":{"line":6,"column":0},"end":{"line":6,"column":100}},"5":{"start":{"line":7,"column":0},"end":{"line":7,"column":79}},"6":{"start":{"line":8,"column":0},"end":{"line":8,"column":64}},"7":{"start":{"line":9,"column":0},"end":{"line":9,"column":58}},"8":{"start":{"line":10,"column":0},"end":{"line":10,"column":68}},"9":{"start":{"line":11,"column":0},"end":{"line":11,"column":68}},"10":{"start":{"line":19,"column":54},"end":{"line":41,"column":1}},"11":{"start":{"line":19,"column":60},"end":{"line":19,"column":62}},"12":{"start":{"line":19,"column":70},"end":{"line":19,"column":72}},"13":{"start":{"line":19,"column":85},"end":{"line":19,"column":87}},"14":{"start":{"line":20,"column":20},"end":{"line":20,"column":32}},"15":{"start":{"line":22,"column":1},"end":{"line":40,"column":3}},"16":{"start":{"line":19,"column":13},"end":{"line":19,"column":54}}},"fnMap":{"0":{"name":"(anonymous_1)","decl":{"start":{"line":19,"column":54},"end":{"line":19,"column":55}},"loc":{"start":{"line":19,"column":87},"end":{"line":41,"column":1}}}},"branchMap":{},"s":{"0":1,"1":1,"2":1,"3":1,"4":1,"5":1,"6":1,"7":1,"8":1,"9":1,"10":1,"11":0,"12":0,"13":0,"14":0,"15":0,"16":1},"f":{"0":0},"b":{}}
,"/home/whoami/frontend/commerce-projects/df_boilerplate-main/src/construct/FileTimeCnstr/FileTimeMdCnstr/FileTimeMdCnstr.styles.ts": {"path":"/home/whoami/frontend/commerce-projects/df_boilerplate-main/src/construct/FileTimeCnstr/FileTimeMdCnstr/FileTimeMdCnstr.styles.ts","statementMap":{"0":{"start":{"line":1,"column":0},"end":{"line":1,"column":57}},"1":{"start":{"line":3,"column":13},"end":{"line":3,"column":35}},"2":{"start":{"line":4,"column":13},"end":{"line":4,"column":36}},"3":{"start":{"line":6,"column":13},"end":{"line":18,"column":4}},"4":{"start":{"line":6,"column":46},"end":{"line":6,"column":48}},"5":{"start":{"line":6,"column":51},"end":{"line":6,"column":53}},"6":{"start":{"line":6,"column":58},"end":{"line":18,"column":3}}},"fnMap":{"0":{"name":"(anonymous_1)","decl":{"start":{"line":6,"column":38},"end":{"line":6,"column":39}},"loc":{"start":{"line":6,"column":53},"end":{"line":6,"column":59}}}},"branchMap":{"0":{"loc":{"start":{"line":7,"column":15},"end":{"line":10,"column":null}},"type":"binary-expr","locations":[{"start":{"line":7,"column":15},"end":{"line":7,"column":null}},{"start":{"line":7,"column":15},"end":{"line":10,"column":null}}]},"1":{"loc":{"start":{"line":11,"column":12},"end":{"line":14,"column":null}},"type":"binary-expr","locations":[{"start":{"line":11,"column":12},"end":{"line":11,"column":null}},{"start":{"line":11,"column":12},"end":{"line":14,"column":null}}]},"2":{"loc":{"start":{"line":15,"column":13},"end":{"line":17,"column":null}},"type":"binary-expr","locations":[{"start":{"line":15,"column":13},"end":{"line":15,"column":null}},{"start":{"line":15,"column":13},"end":{"line":17,"column":null}}]}},"s":{"0":1,"1":1,"2":1,"3":1,"4":0,"5":0,"6":0},"f":{"0":0},"b":{"0":[0,0],"1":[0,0],"2":[0,0]}}
,"/home/whoami/frontend/commerce-projects/df_boilerplate-main/src/construct/FileTimeCnstr/FileTimeMdCnstr/FileTimeMdCnstr.tsx": {"path":"/home/whoami/frontend/commerce-projects/df_boilerplate-main/src/construct/FileTimeCnstr/FileTimeMdCnstr/FileTimeMdCnstr.tsx","statementMap":{"0":{"start":{"line":2,"column":0},"end":{"line":2,"column":42}},"1":{"start":{"line":3,"column":0},"end":{"line":3,"column":79}},"2":{"start":{"line":4,"column":0},"end":{"line":4,"column":58}},"3":{"start":{"line":5,"column":0},"end":{"line":5,"column":100}},"4":{"start":{"line":6,"column":0},"end":{"line":6,"column":79}},"5":{"start":{"line":7,"column":0},"end":{"line":7,"column":64}},"6":{"start":{"line":8,"column":0},"end":{"line":8,"column":58}},"7":{"start":{"line":9,"column":0},"end":{"line":9,"column":97}},"8":{"start":{"line":17,"column":58},"end":{"line":34,"column":1}},"9":{"start":{"line":17,"column":64},"end":{"line":17,"column":66}},"10":{"start":{"line":17,"column":74},"end":{"line":17,"column":76}},"11":{"start":{"line":17,"column":89},"end":{"line":17,"column":91}},"12":{"start":{"line":18,"column":20},"end":{"line":18,"column":32}},"13":{"start":{"line":19,"column":1},"end":{"line":33,"column":3}},"14":{"start":{"line":17,"column":13},"end":{"line":17,"column":58}}},"fnMap":{"0":{"name":"(anonymous_1)","decl":{"start":{"line":17,"column":58},"end":{"line":17,"column":59}},"loc":{"start":{"line":17,"column":91},"end":{"line":34,"column":1}}}},"branchMap":{},"s":{"0":1,"1":1,"2":1,"3":1,"4":1,"5":1,"6":1,"7":1,"8":1,"9":0,"10":0,"11":0,"12":0,"13":0,"14":1},"f":{"0":0},"b":{}}
,"/home/whoami/frontend/commerce-projects/df_boilerplate-main/src/construct/FileTimeCnstr/FileTimeSmCnstr/FileTimeSmCnstr.styles.ts": {"path":"/home/whoami/frontend/commerce-projects/df_boilerplate-main/src/construct/FileTimeCnstr/FileTimeSmCnstr/FileTimeSmCnstr.styles.ts","statementMap":{"0":{"start":{"line":1,"column":0},"end":{"line":1,"column":57}},"1":{"start":{"line":3,"column":13},"end":{"line":3,"column":35}},"2":{"start":{"line":5,"column":13},"end":{"line":17,"column":4}},"3":{"start":{"line":5,"column":46},"end":{"line":5,"column":48}},"4":{"start":{"line":5,"column":51},"end":{"line":5,"column":53}},"5":{"start":{"line":5,"column":58},"end":{"line":17,"column":3}}},"fnMap":{"0":{"name":"(anonymous_1)","decl":{"start":{"line":5,"column":38},"end":{"line":5,"column":39}},"loc":{"start":{"line":5,"column":53},"end":{"line":5,"column":59}}}},"branchMap":{"0":{"loc":{"start":{"line":6,"column":15},"end":{"line":9,"column":null}},"type":"binary-expr","locations":[{"start":{"line":6,"column":15},"end":{"line":6,"column":null}},{"start":{"line":6,"column":15},"end":{"line":9,"column":null}}]},"1":{"loc":{"start":{"line":10,"column":12},"end":{"line":13,"column":null}},"type":"binary-expr","locations":[{"start":{"line":10,"column":12},"end":{"line":10,"column":null}},{"start":{"line":10,"column":12},"end":{"line":13,"column":null}}]},"2":{"loc":{"start":{"line":14,"column":13},"end":{"line":16,"column":null}},"type":"binary-expr","locations":[{"start":{"line":14,"column":13},"end":{"line":14,"column":null}},{"start":{"line":14,"column":13},"end":{"line":16,"column":null}}]}},"s":{"0":1,"1":1,"2":1,"3":0,"4":0,"5":0},"f":{"0":0},"b":{"0":[0,0],"1":[0,0],"2":[0,0]}}
,"/home/whoami/frontend/commerce-projects/df_boilerplate-main/src/construct/FileTimeCnstr/FileTimeSmCnstr/FileTimeSmCnstr.tsx": {"path":"/home/whoami/frontend/commerce-projects/df_boilerplate-main/src/construct/FileTimeCnstr/FileTimeSmCnstr/FileTimeSmCnstr.tsx","statementMap":{"0":{"start":{"line":2,"column":0},"end":{"line":2,"column":66}},"1":{"start":{"line":3,"column":0},"end":{"line":3,"column":42}},"2":{"start":{"line":4,"column":0},"end":{"line":4,"column":58}},"3":{"start":{"line":5,"column":0},"end":{"line":5,"column":97}},"4":{"start":{"line":6,"column":0},"end":{"line":6,"column":100}},"5":{"start":{"line":7,"column":0},"end":{"line":7,"column":79}},"6":{"start":{"line":8,"column":0},"end":{"line":8,"column":58}},"7":{"start":{"line":9,"column":0},"end":{"line":9,"column":64}},"8":{"start":{"line":17,"column":58},"end":{"line":35,"column":1}},"9":{"start":{"line":17,"column":64},"end":{"line":17,"column":66}},"10":{"start":{"line":17,"column":74},"end":{"line":17,"column":76}},"11":{"start":{"line":17,"column":89},"end":{"line":17,"column":91}},"12":{"start":{"line":18,"column":20},"end":{"line":18,"column":32}},"13":{"start":{"line":20,"column":1},"end":{"line":34,"column":3}},"14":{"start":{"line":17,"column":13},"end":{"line":17,"column":58}}},"fnMap":{"0":{"name":"(anonymous_1)","decl":{"start":{"line":17,"column":58},"end":{"line":17,"column":59}},"loc":{"start":{"line":17,"column":91},"end":{"line":35,"column":1}}}},"branchMap":{},"s":{"0":1,"1":1,"2":1,"3":1,"4":1,"5":1,"6":1,"7":1,"8":1,"9":0,"10":0,"11":0,"12":0,"13":0,"14":1},"f":{"0":0},"b":{}}
,"/home/whoami/frontend/commerce-projects/df_boilerplate-main/src/construct/FileWidgetCnstr/FileWidgetCnstr.styles.ts": {"path":"/home/whoami/frontend/commerce-projects/df_boilerplate-main/src/construct/FileWidgetCnstr/FileWidgetCnstr.styles.ts","statementMap":{"0":{"start":{"line":1,"column":0},"end":{"line":1,"column":57}},"1":{"start":{"line":3,"column":13},"end":{"line":3,"column":36}},"2":{"start":{"line":5,"column":13},"end":{"line":20,"column":4}},"3":{"start":{"line":5,"column":46},"end":{"line":5,"column":48}},"4":{"start":{"line":5,"column":51},"end":{"line":5,"column":53}},"5":{"start":{"line":5,"column":58},"end":{"line":20,"column":3}}},"fnMap":{"0":{"name":"(anonymous_1)","decl":{"start":{"line":5,"column":38},"end":{"line":5,"column":39}},"loc":{"start":{"line":5,"column":53},"end":{"line":5,"column":59}}}},"branchMap":{"0":{"loc":{"start":{"line":6,"column":15},"end":{"line":9,"column":null}},"type":"binary-expr","locations":[{"start":{"line":6,"column":15},"end":{"line":6,"column":null}},{"start":{"line":6,"column":15},"end":{"line":9,"column":null}}]},"1":{"loc":{"start":{"line":10,"column":12},"end":{"line":13,"column":null}},"type":"binary-expr","locations":[{"start":{"line":10,"column":12},"end":{"line":10,"column":null}},{"start":{"line":10,"column":12},"end":{"line":13,"column":null}}]},"2":{"loc":{"start":{"line":14,"column":13},"end":{"line":16,"column":null}},"type":"binary-expr","locations":[{"start":{"line":14,"column":13},"end":{"line":14,"column":null}},{"start":{"line":14,"column":13},"end":{"line":16,"column":null}}]},"3":{"loc":{"start":{"line":17,"column":14},"end":{"line":19,"column":null}},"type":"binary-expr","locations":[{"start":{"line":17,"column":14},"end":{"line":17,"column":null}},{"start":{"line":17,"column":14},"end":{"line":19,"column":null}}]}},"s":{"0":1,"1":1,"2":1,"3":0,"4":0,"5":0},"f":{"0":0},"b":{"0":[0,0],"1":[0,0],"2":[0,0],"3":[0,0]}}
,"/home/whoami/frontend/commerce-projects/df_boilerplate-main/src/construct/FileWidgetCnstr/FileWidgetCnstr.tsx": {"path":"/home/whoami/frontend/commerce-projects/df_boilerplate-main/src/construct/FileWidgetCnstr/FileWidgetCnstr.tsx","statementMap":{"0":{"start":{"line":3,"column":0},"end":{"line":3,"column":42}},"1":{"start":{"line":4,"column":0},"end":{"line":4,"column":66}},"2":{"start":{"line":5,"column":0},"end":{"line":5,"column":97}},"3":{"start":{"line":6,"column":0},"end":{"line":6,"column":58}},"4":{"start":{"line":7,"column":0},"end":{"line":7,"column":100}},"5":{"start":{"line":8,"column":0},"end":{"line":8,"column":79}},"6":{"start":{"line":9,"column":0},"end":{"line":9,"column":64}},"7":{"start":{"line":10,"column":0},"end":{"line":10,"column":74}},"8":{"start":{"line":11,"column":0},"end":{"line":11,"column":74}},"9":{"start":{"line":12,"column":0},"end":{"line":12,"column":74}},"10":{"start":{"line":20,"column":58},"end":{"line":48,"column":1}},"11":{"start":{"line":20,"column":74},"end":{"line":20,"column":76}},"12":{"start":{"line":20,"column":79},"end":{"line":20,"column":81}},"13":{"start":{"line":20,"column":89},"end":{"line":20,"column":91}},"14":{"start":{"line":21,"column":20},"end":{"line":21,"column":32}},"15":{"start":{"line":22,"column":1},"end":{"line":47,"column":3}},"16":{"start":{"line":20,"column":13},"end":{"line":20,"column":58}}},"fnMap":{"0":{"name":"(anonymous_1)","decl":{"start":{"line":20,"column":58},"end":{"line":20,"column":59}},"loc":{"start":{"line":20,"column":91},"end":{"line":48,"column":1}}}},"branchMap":{},"s":{"0":1,"1":1,"2":1,"3":1,"4":1,"5":1,"6":1,"7":1,"8":1,"9":1,"10":1,"11":0,"12":0,"13":0,"14":0,"15":0,"16":1},"f":{"0":0},"b":{}}
,"/home/whoami/frontend/commerce-projects/df_boilerplate-main/src/construct/FileWidgetCnstr/FileWidgetLgCnstr/FileWidgetLgCnstr.styles.ts": {"path":"/home/whoami/frontend/commerce-projects/df_boilerplate-main/src/construct/FileWidgetCnstr/FileWidgetLgCnstr/FileWidgetLgCnstr.styles.ts","statementMap":{"0":{"start":{"line":1,"column":0},"end":{"line":1,"column":57}},"1":{"start":{"line":3,"column":13},"end":{"line":3,"column":36}},"2":{"start":{"line":4,"column":13},"end":{"line":4,"column":35}},"3":{"start":{"line":6,"column":13},"end":{"line":22,"column":4}},"4":{"start":{"line":6,"column":46},"end":{"line":6,"column":48}},"5":{"start":{"line":6,"column":51},"end":{"line":6,"column":53}},"6":{"start":{"line":6,"column":58},"end":{"line":22,"column":3}}},"fnMap":{"0":{"name":"(anonymous_1)","decl":{"start":{"line":6,"column":38},"end":{"line":6,"column":39}},"loc":{"start":{"line":6,"column":53},"end":{"line":6,"column":59}}}},"branchMap":{"0":{"loc":{"start":{"line":7,"column":15},"end":{"line":10,"column":null}},"type":"binary-expr","locations":[{"start":{"line":7,"column":15},"end":{"line":7,"column":null}},{"start":{"line":7,"column":15},"end":{"line":10,"column":null}}]},"1":{"loc":{"start":{"line":11,"column":12},"end":{"line":14,"column":null}},"type":"binary-expr","locations":[{"start":{"line":11,"column":12},"end":{"line":11,"column":null}},{"start":{"line":11,"column":12},"end":{"line":14,"column":null}}]},"2":{"loc":{"start":{"line":15,"column":13},"end":{"line":17,"column":null}},"type":"binary-expr","locations":[{"start":{"line":15,"column":13},"end":{"line":15,"column":null}},{"start":{"line":15,"column":13},"end":{"line":17,"column":null}}]},"3":{"loc":{"start":{"line":18,"column":14},"end":{"line":21,"column":null}},"type":"binary-expr","locations":[{"start":{"line":18,"column":14},"end":{"line":18,"column":null}},{"start":{"line":18,"column":14},"end":{"line":21,"column":null}}]}},"s":{"0":1,"1":1,"2":1,"3":1,"4":0,"5":0,"6":0},"f":{"0":0},"b":{"0":[0,0],"1":[0,0],"2":[0,0],"3":[0,0]}}
,"/home/whoami/frontend/commerce-projects/df_boilerplate-main/src/construct/FileWidgetCnstr/FileWidgetLgCnstr/FileWidgetLgCnstr.tsx": {"path":"/home/whoami/frontend/commerce-projects/df_boilerplate-main/src/construct/FileWidgetCnstr/FileWidgetLgCnstr/FileWidgetLgCnstr.tsx","statementMap":{"0":{"start":{"line":2,"column":0},"end":{"line":2,"column":81}},"1":{"start":{"line":4,"column":0},"end":{"line":4,"column":42}},"2":{"start":{"line":5,"column":0},"end":{"line":5,"column":58}},"3":{"start":{"line":6,"column":0},"end":{"line":6,"column":100}},"4":{"start":{"line":7,"column":0},"end":{"line":7,"column":79}},"5":{"start":{"line":8,"column":0},"end":{"line":8,"column":64}},"6":{"start":{"line":9,"column":0},"end":{"line":9,"column":97}},"7":{"start":{"line":17,"column":62},"end":{"line":35,"column":1}},"8":{"start":{"line":17,"column":78},"end":{"line":17,"column":80}},"9":{"start":{"line":17,"column":83},"end":{"line":17,"column":85}},"10":{"start":{"line":17,"column":93},"end":{"line":17,"column":95}},"11":{"start":{"line":18,"column":20},"end":{"line":18,"column":32}},"12":{"start":{"line":20,"column":1},"end":{"line":34,"column":3}},"13":{"start":{"line":17,"column":13},"end":{"line":17,"column":62}}},"fnMap":{"0":{"name":"(anonymous_1)","decl":{"start":{"line":17,"column":62},"end":{"line":17,"column":63}},"loc":{"start":{"line":17,"column":95},"end":{"line":35,"column":1}}}},"branchMap":{},"s":{"0":1,"1":1,"2":1,"3":1,"4":1,"5":1,"6":1,"7":1,"8":0,"9":0,"10":0,"11":0,"12":0,"13":1},"f":{"0":0},"b":{}}
,"/home/whoami/frontend/commerce-projects/df_boilerplate-main/src/construct/FileWidgetCnstr/FileWidgetMdCnstr/FileWidgetMdCnstr.styles.ts": {"path":"/home/whoami/frontend/commerce-projects/df_boilerplate-main/src/construct/FileWidgetCnstr/FileWidgetMdCnstr/FileWidgetMdCnstr.styles.ts","statementMap":{"0":{"start":{"line":1,"column":0},"end":{"line":1,"column":57}},"1":{"start":{"line":3,"column":13},"end":{"line":3,"column":35}},"2":{"start":{"line":4,"column":13},"end":{"line":4,"column":35}},"3":{"start":{"line":6,"column":13},"end":{"line":22,"column":4}},"4":{"start":{"line":6,"column":46},"end":{"line":6,"column":48}},"5":{"start":{"line":6,"column":51},"end":{"line":6,"column":53}},"6":{"start":{"line":6,"column":58},"end":{"line":22,"column":3}}},"fnMap":{"0":{"name":"(anonymous_1)","decl":{"start":{"line":6,"column":38},"end":{"line":6,"column":39}},"loc":{"start":{"line":6,"column":53},"end":{"line":6,"column":59}}}},"branchMap":{"0":{"loc":{"start":{"line":7,"column":15},"end":{"line":10,"column":null}},"type":"binary-expr","locations":[{"start":{"line":7,"column":15},"end":{"line":7,"column":null}},{"start":{"line":7,"column":15},"end":{"line":10,"column":null}}]},"1":{"loc":{"start":{"line":11,"column":12},"end":{"line":14,"column":null}},"type":"binary-expr","locations":[{"start":{"line":11,"column":12},"end":{"line":11,"column":null}},{"start":{"line":11,"column":12},"end":{"line":14,"column":null}}]},"2":{"loc":{"start":{"line":15,"column":13},"end":{"line":17,"column":null}},"type":"binary-expr","locations":[{"start":{"line":15,"column":13},"end":{"line":15,"column":null}},{"start":{"line":15,"column":13},"end":{"line":17,"column":null}}]},"3":{"loc":{"start":{"line":18,"column":14},"end":{"line":21,"column":null}},"type":"binary-expr","locations":[{"start":{"line":18,"column":14},"end":{"line":18,"column":null}},{"start":{"line":18,"column":14},"end":{"line":21,"column":null}}]}},"s":{"0":1,"1":1,"2":1,"3":1,"4":0,"5":0,"6":0},"f":{"0":0},"b":{"0":[0,0],"1":[0,0],"2":[0,0],"3":[0,0]}}
,"/home/whoami/frontend/commerce-projects/df_boilerplate-main/src/construct/FileWidgetCnstr/FileWidgetMdCnstr/FileWidgetMdCnstr.tsx": {"path":"/home/whoami/frontend/commerce-projects/df_boilerplate-main/src/construct/FileWidgetCnstr/FileWidgetMdCnstr/FileWidgetMdCnstr.tsx","statementMap":{"0":{"start":{"line":3,"column":0},"end":{"line":3,"column":81}},"1":{"start":{"line":4,"column":0},"end":{"line":4,"column":42}},"2":{"start":{"line":5,"column":0},"end":{"line":5,"column":58}},"3":{"start":{"line":6,"column":0},"end":{"line":6,"column":79}},"4":{"start":{"line":7,"column":0},"end":{"line":7,"column":100}},"5":{"start":{"line":8,"column":0},"end":{"line":8,"column":64}},"6":{"start":{"line":9,"column":0},"end":{"line":9,"column":97}},"7":{"start":{"line":17,"column":62},"end":{"line":39,"column":1}},"8":{"start":{"line":17,"column":78},"end":{"line":17,"column":80}},"9":{"start":{"line":17,"column":83},"end":{"line":17,"column":85}},"10":{"start":{"line":17,"column":93},"end":{"line":17,"column":95}},"11":{"start":{"line":18,"column":20},"end":{"line":18,"column":32}},"12":{"start":{"line":20,"column":1},"end":{"line":38,"column":3}},"13":{"start":{"line":17,"column":13},"end":{"line":17,"column":62}}},"fnMap":{"0":{"name":"(anonymous_1)","decl":{"start":{"line":17,"column":62},"end":{"line":17,"column":63}},"loc":{"start":{"line":17,"column":95},"end":{"line":39,"column":1}}}},"branchMap":{},"s":{"0":1,"1":1,"2":1,"3":1,"4":1,"5":1,"6":1,"7":1,"8":0,"9":0,"10":0,"11":0,"12":0,"13":1},"f":{"0":0},"b":{}}
,"/home/whoami/frontend/commerce-projects/df_boilerplate-main/src/construct/FileWidgetCnstr/FileWidgetSmCnstr/FileWidgetSmCnstr.styles.ts": {"path":"/home/whoami/frontend/commerce-projects/df_boilerplate-main/src/construct/FileWidgetCnstr/FileWidgetSmCnstr/FileWidgetSmCnstr.styles.ts","statementMap":{"0":{"start":{"line":1,"column":0},"end":{"line":1,"column":57}},"1":{"start":{"line":3,"column":13},"end":{"line":3,"column":35}},"2":{"start":{"line":5,"column":13},"end":{"line":20,"column":4}},"3":{"start":{"line":5,"column":46},"end":{"line":5,"column":48}},"4":{"start":{"line":5,"column":51},"end":{"line":5,"column":53}},"5":{"start":{"line":5,"column":58},"end":{"line":20,"column":3}}},"fnMap":{"0":{"name":"(anonymous_1)","decl":{"start":{"line":5,"column":38},"end":{"line":5,"column":39}},"loc":{"start":{"line":5,"column":53},"end":{"line":5,"column":59}}}},"branchMap":{"0":{"loc":{"start":{"line":6,"column":15},"end":{"line":9,"column":null}},"type":"binary-expr","locations":[{"start":{"line":6,"column":15},"end":{"line":6,"column":null}},{"start":{"line":6,"column":15},"end":{"line":9,"column":null}}]},"1":{"loc":{"start":{"line":10,"column":12},"end":{"line":13,"column":null}},"type":"binary-expr","locations":[{"start":{"line":10,"column":12},"end":{"line":10,"column":null}},{"start":{"line":10,"column":12},"end":{"line":13,"column":null}}]},"2":{"loc":{"start":{"line":14,"column":13},"end":{"line":16,"column":null}},"type":"binary-expr","locations":[{"start":{"line":14,"column":13},"end":{"line":14,"column":null}},{"start":{"line":14,"column":13},"end":{"line":16,"column":null}}]},"3":{"loc":{"start":{"line":17,"column":14},"end":{"line":19,"column":null}},"type":"binary-expr","locations":[{"start":{"line":17,"column":14},"end":{"line":17,"column":null}},{"start":{"line":17,"column":14},"end":{"line":19,"column":null}}]}},"s":{"0":1,"1":1,"2":1,"3":0,"4":0,"5":0},"f":{"0":0},"b":{"0":[0,0],"1":[0,0],"2":[0,0],"3":[0,0]}}
,"/home/whoami/frontend/commerce-projects/df_boilerplate-main/src/construct/FileWidgetCnstr/FileWidgetSmCnstr/FileWidgetSmCnstr.tsx": {"path":"/home/whoami/frontend/commerce-projects/df_boilerplate-main/src/construct/FileWidgetCnstr/FileWidgetSmCnstr/FileWidgetSmCnstr.tsx","statementMap":{"0":{"start":{"line":1,"column":0},"end":{"line":1,"column":58}},"1":{"start":{"line":3,"column":0},"end":{"line":3,"column":42}},"2":{"start":{"line":4,"column":0},"end":{"line":4,"column":68}},"3":{"start":{"line":6,"column":0},"end":{"line":6,"column":79}},"4":{"start":{"line":7,"column":0},"end":{"line":7,"column":100}},"5":{"start":{"line":8,"column":0},"end":{"line":8,"column":64}},"6":{"start":{"line":9,"column":0},"end":{"line":9,"column":97}},"7":{"start":{"line":17,"column":62},"end":{"line":43,"column":1}},"8":{"start":{"line":17,"column":78},"end":{"line":17,"column":80}},"9":{"start":{"line":17,"column":83},"end":{"line":17,"column":85}},"10":{"start":{"line":17,"column":93},"end":{"line":17,"column":95}},"11":{"start":{"line":18,"column":20},"end":{"line":18,"column":32}},"12":{"start":{"line":20,"column":1},"end":{"line":42,"column":3}},"13":{"start":{"line":17,"column":13},"end":{"line":17,"column":62}}},"fnMap":{"0":{"name":"(anonymous_1)","decl":{"start":{"line":17,"column":62},"end":{"line":17,"column":63}},"loc":{"start":{"line":17,"column":95},"end":{"line":43,"column":1}}}},"branchMap":{},"s":{"0":1,"1":1,"2":1,"3":1,"4":1,"5":1,"6":1,"7":1,"8":0,"9":0,"10":0,"11":0,"12":0,"13":1},"f":{"0":0},"b":{}}
,"/home/whoami/frontend/commerce-projects/df_boilerplate-main/src/construct/PersonRoleCnstr/PersonRoleCnstr.styles.ts": {"path":"/home/whoami/frontend/commerce-projects/df_boilerplate-main/src/construct/PersonRoleCnstr/PersonRoleCnstr.styles.ts","statementMap":{"0":{"start":{"line":1,"column":0},"end":{"line":1,"column":57}},"1":{"start":{"line":3,"column":13},"end":{"line":3,"column":35}},"2":{"start":{"line":5,"column":13},"end":{"line":29,"column":4}},"3":{"start":{"line":5,"column":46},"end":{"line":5,"column":48}},"4":{"start":{"line":5,"column":51},"end":{"line":5,"column":53}},"5":{"start":{"line":5,"column":58},"end":{"line":29,"column":3}}},"fnMap":{"0":{"name":"(anonymous_1)","decl":{"start":{"line":5,"column":38},"end":{"line":5,"column":39}},"loc":{"start":{"line":5,"column":53},"end":{"line":5,"column":59}}}},"branchMap":{"0":{"loc":{"start":{"line":6,"column":15},"end":{"line":9,"column":null}},"type":"binary-expr","locations":[{"start":{"line":6,"column":15},"end":{"line":6,"column":null}},{"start":{"line":6,"column":15},"end":{"line":9,"column":null}}]},"1":{"loc":{"start":{"line":10,"column":13},"end":{"line":14,"column":null}},"type":"binary-expr","locations":[{"start":{"line":10,"column":13},"end":{"line":10,"column":null}},{"start":{"line":10,"column":13},"end":{"line":14,"column":null}}]},"2":{"loc":{"start":{"line":15,"column":10},"end":{"line":20,"column":null}},"type":"binary-expr","locations":[{"start":{"line":15,"column":10},"end":{"line":15,"column":null}},{"start":{"line":15,"column":10},"end":{"line":20,"column":null}}]},"3":{"loc":{"start":{"line":21,"column":12},"end":{"line":25,"column":null}},"type":"binary-expr","locations":[{"start":{"line":21,"column":12},"end":{"line":21,"column":null}},{"start":{"line":21,"column":12},"end":{"line":25,"column":null}}]},"4":{"loc":{"start":{"line":26,"column":16},"end":{"line":28,"column":null}},"type":"binary-expr","locations":[{"start":{"line":26,"column":16},"end":{"line":26,"column":null}},{"start":{"line":26,"column":16},"end":{"line":28,"column":null}}]}},"s":{"0":1,"1":1,"2":1,"3":0,"4":0,"5":0},"f":{"0":0},"b":{"0":[0,0],"1":[0,0],"2":[0,0],"3":[0,0],"4":[0,0]}}
,"/home/whoami/frontend/commerce-projects/df_boilerplate-main/src/construct/PersonRoleCnstr/PersonRoleCnstr.tsx": {"path":"/home/whoami/frontend/commerce-projects/df_boilerplate-main/src/construct/PersonRoleCnstr/PersonRoleCnstr.tsx","statementMap":{"0":{"start":{"line":2,"column":0},"end":{"line":2,"column":42}},"1":{"start":{"line":3,"column":0},"end":{"line":3,"column":66}},"2":{"start":{"line":4,"column":0},"end":{"line":4,"column":74}},"3":{"start":{"line":5,"column":0},"end":{"line":5,"column":58}},"4":{"start":{"line":6,"column":0},"end":{"line":6,"column":88}},"5":{"start":{"line":7,"column":0},"end":{"line":7,"column":64}},"6":{"start":{"line":14,"column":58},"end":{"line":34,"column":1}},"7":{"start":{"line":14,"column":69},"end":{"line":14,"column":71}},"8":{"start":{"line":14,"column":74},"end":{"line":14,"column":76}},"9":{"start":{"line":15,"column":20},"end":{"line":15,"column":32}},"10":{"start":{"line":17,"column":1},"end":{"line":33,"column":3}},"11":{"start":{"line":14,"column":13},"end":{"line":14,"column":58}}},"fnMap":{"0":{"name":"(anonymous_1)","decl":{"start":{"line":14,"column":58},"end":{"line":14,"column":59}},"loc":{"start":{"line":14,"column":76},"end":{"line":34,"column":1}}}},"branchMap":{},"s":{"0":1,"1":1,"2":1,"3":1,"4":1,"5":1,"6":1,"7":0,"8":0,"9":0,"10":0,"11":1},"f":{"0":0},"b":{}}
,"/home/whoami/frontend/commerce-projects/df_boilerplate-main/src/construct/PersonRoleCnstr/PersonRoleMdCnstr/PersonRoleMdCnstr.styles.ts": {"path":"/home/whoami/frontend/commerce-projects/df_boilerplate-main/src/construct/PersonRoleCnstr/PersonRoleMdCnstr/PersonRoleMdCnstr.styles.ts","statementMap":{"0":{"start":{"line":1,"column":0},"end":{"line":1,"column":57}},"1":{"start":{"line":3,"column":13},"end":{"line":3,"column":35}},"2":{"start":{"line":5,"column":13},"end":{"line":30,"column":4}},"3":{"start":{"line":5,"column":46},"end":{"line":5,"column":48}},"4":{"start":{"line":5,"column":51},"end":{"line":5,"column":53}},"5":{"start":{"line":5,"column":58},"end":{"line":30,"column":3}}},"fnMap":{"0":{"name":"(anonymous_1)","decl":{"start":{"line":5,"column":38},"end":{"line":5,"column":39}},"loc":{"start":{"line":5,"column":53},"end":{"line":5,"column":59}}}},"branchMap":{"0":{"loc":{"start":{"line":6,"column":15},"end":{"line":9,"column":null}},"type":"binary-expr","locations":[{"start":{"line":6,"column":15},"end":{"line":6,"column":null}},{"start":{"line":6,"column":15},"end":{"line":9,"column":null}}]},"1":{"loc":{"start":{"line":10,"column":13},"end":{"line":15,"column":null}},"type":"binary-expr","locations":[{"start":{"line":10,"column":13},"end":{"line":10,"column":null}},{"start":{"line":10,"column":13},"end":{"line":15,"column":null}}]},"2":{"loc":{"start":{"line":16,"column":10},"end":{"line":21,"column":null}},"type":"binary-expr","locations":[{"start":{"line":16,"column":10},"end":{"line":16,"column":null}},{"start":{"line":16,"column":10},"end":{"line":21,"column":null}}]},"3":{"loc":{"start":{"line":22,"column":12},"end":{"line":26,"column":null}},"type":"binary-expr","locations":[{"start":{"line":22,"column":12},"end":{"line":22,"column":null}},{"start":{"line":22,"column":12},"end":{"line":26,"column":null}}]},"4":{"loc":{"start":{"line":27,"column":16},"end":{"line":29,"column":null}},"type":"binary-expr","locations":[{"start":{"line":27,"column":16},"end":{"line":27,"column":null}},{"start":{"line":27,"column":16},"end":{"line":29,"column":null}}]}},"s":{"0":1,"1":1,"2":1,"3":0,"4":0,"5":0},"f":{"0":0},"b":{"0":[0,0],"1":[0,0],"2":[0,0],"3":[0,0],"4":[0,0]}}
,"/home/whoami/frontend/commerce-projects/df_boilerplate-main/src/construct/PersonRoleCnstr/PersonRoleMdCnstr/PersonRoleMdCnstr.tsx": {"path":"/home/whoami/frontend/commerce-projects/df_boilerplate-main/src/construct/PersonRoleCnstr/PersonRoleMdCnstr/PersonRoleMdCnstr.tsx","statementMap":{"0":{"start":{"line":2,"column":0},"end":{"line":2,"column":68}},"1":{"start":{"line":3,"column":0},"end":{"line":3,"column":42}},"2":{"start":{"line":4,"column":0},"end":{"line":4,"column":58}},"3":{"start":{"line":5,"column":0},"end":{"line":5,"column":64}},"4":{"start":{"line":6,"column":0},"end":{"line":6,"column":88}},"5":{"start":{"line":13,"column":62},"end":{"line":30,"column":1}},"6":{"start":{"line":13,"column":73},"end":{"line":13,"column":75}},"7":{"start":{"line":13,"column":78},"end":{"line":13,"column":80}},"8":{"start":{"line":14,"column":20},"end":{"line":14,"column":32}},"9":{"start":{"line":16,"column":1},"end":{"line":29,"column":3}},"10":{"start":{"line":13,"column":13},"end":{"line":13,"column":62}}},"fnMap":{"0":{"name":"(anonymous_1)","decl":{"start":{"line":13,"column":62},"end":{"line":13,"column":63}},"loc":{"start":{"line":13,"column":80},"end":{"line":30,"column":1}}}},"branchMap":{},"s":{"0":1,"1":1,"2":1,"3":1,"4":1,"5":1,"6":0,"7":0,"8":0,"9":0,"10":1},"f":{"0":0},"b":{}}
,"/home/whoami/frontend/commerce-projects/df_boilerplate-main/src/construct/PersonRoleTimeCnstr/PersonRoleTimeCnstr.styles.ts": {"path":"/home/whoami/frontend/commerce-projects/df_boilerplate-main/src/construct/PersonRoleTimeCnstr/PersonRoleTimeCnstr.styles.ts","statementMap":{"0":{"start":{"line":1,"column":0},"end":{"line":1,"column":57}},"1":{"start":{"line":3,"column":13},"end":{"line":3,"column":36}},"2":{"start":{"line":5,"column":13},"end":{"line":13,"column":4}},"3":{"start":{"line":5,"column":46},"end":{"line":5,"column":48}},"4":{"start":{"line":5,"column":51},"end":{"line":5,"column":53}},"5":{"start":{"line":5,"column":58},"end":{"line":13,"column":3}}},"fnMap":{"0":{"name":"(anonymous_1)","decl":{"start":{"line":5,"column":38},"end":{"line":5,"column":39}},"loc":{"start":{"line":5,"column":53},"end":{"line":5,"column":59}}}},"branchMap":{"0":{"loc":{"start":{"line":6,"column":15},"end":{"line":9,"column":null}},"type":"binary-expr","locations":[{"start":{"line":6,"column":15},"end":{"line":6,"column":null}},{"start":{"line":6,"column":15},"end":{"line":9,"column":null}}]},"1":{"loc":{"start":{"line":10,"column":21},"end":{"line":12,"column":null}},"type":"binary-expr","locations":[{"start":{"line":10,"column":21},"end":{"line":10,"column":null}},{"start":{"line":10,"column":21},"end":{"line":12,"column":null}}]}},"s":{"0":1,"1":1,"2":1,"3":0,"4":0,"5":0},"f":{"0":0},"b":{"0":[0,0],"1":[0,0]}}
,"/home/whoami/frontend/commerce-projects/df_boilerplate-main/src/construct/PersonRoleTimeCnstr/PersonRoleTimeCnstr.tsx": {"path":"/home/whoami/frontend/commerce-projects/df_boilerplate-main/src/construct/PersonRoleTimeCnstr/PersonRoleTimeCnstr.tsx","statementMap":{"0":{"start":{"line":2,"column":0},"end":{"line":2,"column":42}},"1":{"start":{"line":3,"column":0},"end":{"line":3,"column":83}},"2":{"start":{"line":4,"column":0},"end":{"line":4,"column":104}},"3":{"start":{"line":5,"column":0},"end":{"line":5,"column":70}},"4":{"start":{"line":6,"column":0},"end":{"line":6,"column":78}},"5":{"start":{"line":7,"column":0},"end":{"line":7,"column":58}},"6":{"start":{"line":8,"column":0},"end":{"line":8,"column":97}},"7":{"start":{"line":9,"column":0},"end":{"line":9,"column":86}},"8":{"start":{"line":10,"column":0},"end":{"line":10,"column":86}},"9":{"start":{"line":18,"column":66},"end":{"line":39,"column":1}},"10":{"start":{"line":18,"column":82},"end":{"line":18,"column":84}},"11":{"start":{"line":18,"column":92},"end":{"line":18,"column":94}},"12":{"start":{"line":18,"column":97},"end":{"line":18,"column":99}},"13":{"start":{"line":19,"column":20},"end":{"line":19,"column":32}},"14":{"start":{"line":21,"column":1},"end":{"line":38,"column":3}},"15":{"start":{"line":18,"column":13},"end":{"line":18,"column":66}}},"fnMap":{"0":{"name":"(anonymous_1)","decl":{"start":{"line":18,"column":66},"end":{"line":18,"column":67}},"loc":{"start":{"line":18,"column":99},"end":{"line":39,"column":1}}}},"branchMap":{},"s":{"0":1,"1":1,"2":1,"3":1,"4":1,"5":1,"6":1,"7":1,"8":1,"9":1,"10":0,"11":0,"12":0,"13":0,"14":0,"15":1},"f":{"0":0},"b":{}}
,"/home/whoami/frontend/commerce-projects/df_boilerplate-main/src/construct/PersonRoleTimeCnstr/PersonRoleTimeMdCnstr/PersonRoleTimeMdCnstr.styles.ts": {"path":"/home/whoami/frontend/commerce-projects/df_boilerplate-main/src/construct/PersonRoleTimeCnstr/PersonRoleTimeMdCnstr/PersonRoleTimeMdCnstr.styles.ts","statementMap":{"0":{"start":{"line":1,"column":0},"end":{"line":1,"column":57}},"1":{"start":{"line":3,"column":13},"end":{"line":3,"column":35}},"2":{"start":{"line":4,"column":13},"end":{"line":4,"column":36}},"3":{"start":{"line":6,"column":13},"end":{"line":14,"column":4}},"4":{"start":{"line":6,"column":46},"end":{"line":6,"column":48}},"5":{"start":{"line":6,"column":51},"end":{"line":6,"column":53}},"6":{"start":{"line":6,"column":58},"end":{"line":14,"column":3}}},"fnMap":{"0":{"name":"(anonymous_1)","decl":{"start":{"line":6,"column":38},"end":{"line":6,"column":39}},"loc":{"start":{"line":6,"column":53},"end":{"line":6,"column":59}}}},"branchMap":{"0":{"loc":{"start":{"line":7,"column":15},"end":{"line":10,"column":null}},"type":"binary-expr","locations":[{"start":{"line":7,"column":15},"end":{"line":7,"column":null}},{"start":{"line":7,"column":15},"end":{"line":10,"column":null}}]},"1":{"loc":{"start":{"line":11,"column":21},"end":{"line":13,"column":null}},"type":"binary-expr","locations":[{"start":{"line":11,"column":21},"end":{"line":11,"column":null}},{"start":{"line":11,"column":21},"end":{"line":13,"column":null}}]}},"s":{"0":1,"1":1,"2":1,"3":1,"4":0,"5":0,"6":0},"f":{"0":0},"b":{"0":[0,0],"1":[0,0]}}
,"/home/whoami/frontend/commerce-projects/df_boilerplate-main/src/construct/PersonRoleTimeCnstr/PersonRoleTimeMdCnstr/PersonRoleTimeMdCnstr.tsx": {"path":"/home/whoami/frontend/commerce-projects/df_boilerplate-main/src/construct/PersonRoleTimeCnstr/PersonRoleTimeMdCnstr/PersonRoleTimeMdCnstr.tsx","statementMap":{"0":{"start":{"line":1,"column":0},"end":{"line":1,"column":42}},"1":{"start":{"line":3,"column":0},"end":{"line":3,"column":86}},"2":{"start":{"line":4,"column":0},"end":{"line":4,"column":107}},"3":{"start":{"line":5,"column":0},"end":{"line":5,"column":85}},"4":{"start":{"line":6,"column":0},"end":{"line":6,"column":78}},"5":{"start":{"line":7,"column":0},"end":{"line":7,"column":58}},"6":{"start":{"line":8,"column":0},"end":{"line":8,"column":97}},"7":{"start":{"line":16,"column":70},"end":{"line":33,"column":1}},"8":{"start":{"line":16,"column":86},"end":{"line":16,"column":88}},"9":{"start":{"line":16,"column":96},"end":{"line":16,"column":98}},"10":{"start":{"line":16,"column":101},"end":{"line":16,"column":103}},"11":{"start":{"line":17,"column":20},"end":{"line":17,"column":32}},"12":{"start":{"line":19,"column":1},"end":{"line":32,"column":3}},"13":{"start":{"line":16,"column":13},"end":{"line":16,"column":70}}},"fnMap":{"0":{"name":"(anonymous_1)","decl":{"start":{"line":16,"column":70},"end":{"line":16,"column":71}},"loc":{"start":{"line":16,"column":103},"end":{"line":33,"column":1}}}},"branchMap":{},"s":{"0":1,"1":1,"2":1,"3":1,"4":1,"5":1,"6":1,"7":1,"8":0,"9":0,"10":0,"11":0,"12":0,"13":1},"f":{"0":0},"b":{}}
,"/home/whoami/frontend/commerce-projects/df_boilerplate-main/src/construct/PersonRoleTimeCnstr/PersonRoleTimeSmCnstr/PersonRoleTimeSmCnstr.styles.ts": {"path":"/home/whoami/frontend/commerce-projects/df_boilerplate-main/src/construct/PersonRoleTimeCnstr/PersonRoleTimeSmCnstr/PersonRoleTimeSmCnstr.styles.ts","statementMap":{"0":{"start":{"line":1,"column":0},"end":{"line":1,"column":57}},"1":{"start":{"line":3,"column":13},"end":{"line":3,"column":35}},"2":{"start":{"line":5,"column":13},"end":{"line":13,"column":4}},"3":{"start":{"line":5,"column":46},"end":{"line":5,"column":48}},"4":{"start":{"line":5,"column":51},"end":{"line":5,"column":53}},"5":{"start":{"line":5,"column":58},"end":{"line":13,"column":3}}},"fnMap":{"0":{"name":"(anonymous_1)","decl":{"start":{"line":5,"column":38},"end":{"line":5,"column":39}},"loc":{"start":{"line":5,"column":53},"end":{"line":5,"column":59}}}},"branchMap":{"0":{"loc":{"start":{"line":6,"column":15},"end":{"line":9,"column":null}},"type":"binary-expr","locations":[{"start":{"line":6,"column":15},"end":{"line":6,"column":null}},{"start":{"line":6,"column":15},"end":{"line":9,"column":null}}]},"1":{"loc":{"start":{"line":10,"column":21},"end":{"line":12,"column":null}},"type":"binary-expr","locations":[{"start":{"line":10,"column":21},"end":{"line":10,"column":null}},{"start":{"line":10,"column":21},"end":{"line":12,"column":null}}]}},"s":{"0":1,"1":1,"2":1,"3":0,"4":0,"5":0},"f":{"0":0},"b":{"0":[0,0],"1":[0,0]}}
,"/home/whoami/frontend/commerce-projects/df_boilerplate-main/src/construct/PersonRoleTimeCnstr/PersonRoleTimeSmCnstr/PersonRoleTimeSmCnstr.tsx": {"path":"/home/whoami/frontend/commerce-projects/df_boilerplate-main/src/construct/PersonRoleTimeCnstr/PersonRoleTimeSmCnstr/PersonRoleTimeSmCnstr.tsx","statementMap":{"0":{"start":{"line":1,"column":0},"end":{"line":1,"column":42}},"1":{"start":{"line":3,"column":0},"end":{"line":3,"column":86}},"2":{"start":{"line":4,"column":0},"end":{"line":4,"column":107}},"3":{"start":{"line":5,"column":0},"end":{"line":5,"column":72}},"4":{"start":{"line":6,"column":0},"end":{"line":6,"column":78}},"5":{"start":{"line":7,"column":0},"end":{"line":7,"column":58}},"6":{"start":{"line":8,"column":0},"end":{"line":8,"column":97}},"7":{"start":{"line":16,"column":70},"end":{"line":33,"column":1}},"8":{"start":{"line":16,"column":86},"end":{"line":16,"column":88}},"9":{"start":{"line":16,"column":96},"end":{"line":16,"column":98}},"10":{"start":{"line":16,"column":101},"end":{"line":16,"column":103}},"11":{"start":{"line":17,"column":20},"end":{"line":17,"column":32}},"12":{"start":{"line":19,"column":1},"end":{"line":32,"column":3}},"13":{"start":{"line":16,"column":13},"end":{"line":16,"column":70}}},"fnMap":{"0":{"name":"(anonymous_1)","decl":{"start":{"line":16,"column":70},"end":{"line":16,"column":71}},"loc":{"start":{"line":16,"column":103},"end":{"line":33,"column":1}}}},"branchMap":{},"s":{"0":1,"1":1,"2":1,"3":1,"4":1,"5":1,"6":1,"7":1,"8":0,"9":0,"10":0,"11":0,"12":0,"13":1},"f":{"0":0},"b":{}}
,"/home/whoami/frontend/commerce-projects/df_boilerplate-main/src/construct/TaskCnstr/TaskContextCnstr.tsx": {"path":"/home/whoami/frontend/commerce-projects/df_boilerplate-main/src/construct/TaskCnstr/TaskContextCnstr.tsx","statementMap":{"0":{"start":{"line":1,"column":0},"end":{"line":1,"column":79}},"1":{"start":{"line":15,"column":13},"end":{"line":20,"column":3}},"2":{"start":{"line":22,"column":62},"end":{"line":37,"column":1}},"3":{"start":{"line":22,"column":73},"end":{"line":22,"column":75}},"4":{"start":{"line":23,"column":53},"end":{"line":23,"column":69}},"5":{"start":{"line":23,"column":26},"end":{"line":23,"column":28}},"6":{"start":{"line":23,"column":49},"end":{"line":23,"column":53}},"7":{"start":{"line":24,"column":27},"end":{"line":24,"column":48}},"8":{"start":{"line":24,"column":13},"end":{"line":24,"column":15}},"9":{"start":{"line":24,"column":23},"end":{"line":24,"column":27}},"10":{"start":{"line":26,"column":15},"end":{"line":33,"column":null}},"11":{"start":{"line":27,"column":8},"end":{"line":32,"column":null}},"12":{"start":{"line":36,"column":1},"end":{"line":36,"column":88}},"13":{"start":{"line":22,"column":13},"end":{"line":22,"column":62}}},"fnMap":{"0":{"name":"(anonymous_0)","decl":{"start":{"line":17,"column":24},"end":{"line":17,"column":31}},"loc":{"start":{"line":17,"column":24},"end":{"line":17,"column":32}}},"1":{"name":"(anonymous_1)","decl":{"start":{"line":19,"column":11},"end":{"line":19,"column":18}},"loc":{"start":{"line":19,"column":11},"end":{"line":19,"column":19}}},"2":{"name":"(anonymous_2)","decl":{"start":{"line":22,"column":62},"end":{"line":22,"column":63}},"loc":{"start":{"line":22,"column":75},"end":{"line":37,"column":1}}},"3":{"name":"(anonymous_3)","decl":{"start":{"line":27,"column":2},"end":{"line":27,"column":8}},"loc":{"start":{"line":27,"column":2},"end":{"line":27,"column":9}}}},"branchMap":{},"s":{"0":1,"1":1,"2":1,"3":0,"4":0,"5":0,"6":0,"7":0,"8":0,"9":0,"10":0,"11":0,"12":0,"13":1},"f":{"0":0,"1":0,"2":0,"3":0},"b":{}}
,"/home/whoami/frontend/commerce-projects/df_boilerplate-main/src/construct/TextRangeTimeCnstr/TextRangeTimeCnstr.styles.ts": {"path":"/home/whoami/frontend/commerce-projects/df_boilerplate-main/src/construct/TextRangeTimeCnstr/TextRangeTimeCnstr.styles.ts","statementMap":{"0":{"start":{"line":1,"column":0},"end":{"line":1,"column":57}},"1":{"start":{"line":3,"column":13},"end":{"line":3,"column":36}},"2":{"start":{"line":5,"column":13},"end":{"line":10,"column":4}},"3":{"start":{"line":5,"column":46},"end":{"line":5,"column":48}},"4":{"start":{"line":5,"column":51},"end":{"line":5,"column":53}},"5":{"start":{"line":5,"column":58},"end":{"line":10,"column":3}}},"fnMap":{"0":{"name":"(anonymous_1)","decl":{"start":{"line":5,"column":38},"end":{"line":5,"column":39}},"loc":{"start":{"line":5,"column":53},"end":{"line":5,"column":59}}}},"branchMap":{"0":{"loc":{"start":{"line":6,"column":15},"end":{"line":9,"column":null}},"type":"binary-expr","locations":[{"start":{"line":6,"column":15},"end":{"line":6,"column":null}},{"start":{"line":6,"column":15},"end":{"line":9,"column":null}}]}},"s":{"0":1,"1":1,"2":1,"3":0,"4":0,"5":0},"f":{"0":0},"b":{"0":[0,0]}}
,"/home/whoami/frontend/commerce-projects/df_boilerplate-main/src/construct/TextRangeTimeCnstr/TextRangeTimeCnstr.tsx": {"path":"/home/whoami/frontend/commerce-projects/df_boilerplate-main/src/construct/TextRangeTimeCnstr/TextRangeTimeCnstr.tsx","statementMap":{"0":{"start":{"line":2,"column":0},"end":{"line":2,"column":42}},"1":{"start":{"line":3,"column":0},"end":{"line":3,"column":83}},"2":{"start":{"line":4,"column":0},"end":{"line":4,"column":83}},"3":{"start":{"line":5,"column":0},"end":{"line":5,"column":62}},"4":{"start":{"line":6,"column":0},"end":{"line":6,"column":83}},"5":{"start":{"line":7,"column":0},"end":{"line":7,"column":69}},"6":{"start":{"line":8,"column":0},"end":{"line":8,"column":76}},"7":{"start":{"line":9,"column":0},"end":{"line":9,"column":58}},"8":{"start":{"line":17,"column":64},"end":{"line":33,"column":1}},"9":{"start":{"line":17,"column":71},"end":{"line":17,"column":73}},"10":{"start":{"line":17,"column":81},"end":{"line":17,"column":83}},"11":{"start":{"line":18,"column":20},"end":{"line":18,"column":32}},"12":{"start":{"line":20,"column":1},"end":{"line":32,"column":3}},"13":{"start":{"line":17,"column":13},"end":{"line":17,"column":64}}},"fnMap":{"0":{"name":"(anonymous_1)","decl":{"start":{"line":17,"column":64},"end":{"line":17,"column":65}},"loc":{"start":{"line":17,"column":83},"end":{"line":33,"column":1}}}},"branchMap":{},"s":{"0":1,"1":1,"2":1,"3":1,"4":1,"5":1,"6":1,"7":1,"8":1,"9":0,"10":0,"11":0,"12":0,"13":1},"f":{"0":0},"b":{}}
,"/home/whoami/frontend/commerce-projects/df_boilerplate-main/src/construct/TextRangeTimeCnstr/TextRangeTimeLgCnstr/TextRangeTimeLgCnstr.styles.ts": {"path":"/home/whoami/frontend/commerce-projects/df_boilerplate-main/src/construct/TextRangeTimeCnstr/TextRangeTimeLgCnstr/TextRangeTimeLgCnstr.styles.ts","statementMap":{"0":{"start":{"line":1,"column":0},"end":{"line":1,"column":57}},"1":{"start":{"line":3,"column":13},"end":{"line":3,"column":36}},"2":{"start":{"line":4,"column":13},"end":{"line":4,"column":35}},"3":{"start":{"line":6,"column":13},"end":{"line":15,"column":4}},"4":{"start":{"line":6,"column":46},"end":{"line":6,"column":48}},"5":{"start":{"line":6,"column":51},"end":{"line":6,"column":53}},"6":{"start":{"line":6,"column":58},"end":{"line":15,"column":3}}},"fnMap":{"0":{"name":"(anonymous_1)","decl":{"start":{"line":6,"column":38},"end":{"line":6,"column":39}},"loc":{"start":{"line":6,"column":53},"end":{"line":6,"column":59}}}},"branchMap":{"0":{"loc":{"start":{"line":7,"column":15},"end":{"line":10,"column":null}},"type":"binary-expr","locations":[{"start":{"line":7,"column":15},"end":{"line":7,"column":null}},{"start":{"line":7,"column":15},"end":{"line":10,"column":null}}]},"1":{"loc":{"start":{"line":11,"column":13},"end":{"line":14,"column":null}},"type":"binary-expr","locations":[{"start":{"line":11,"column":13},"end":{"line":11,"column":null}},{"start":{"line":11,"column":13},"end":{"line":14,"column":null}}]}},"s":{"0":1,"1":1,"2":1,"3":1,"4":0,"5":0,"6":0},"f":{"0":0},"b":{"0":[0,0],"1":[0,0]}}
,"/home/whoami/frontend/commerce-projects/df_boilerplate-main/src/construct/TextRangeTimeCnstr/TextRangeTimeLgCnstr/TextRangeTimeLgCnstr.tsx": {"path":"/home/whoami/frontend/commerce-projects/df_boilerplate-main/src/construct/TextRangeTimeCnstr/TextRangeTimeLgCnstr/TextRangeTimeLgCnstr.tsx","statementMap":{"0":{"start":{"line":2,"column":0},"end":{"line":2,"column":42}},"1":{"start":{"line":3,"column":0},"end":{"line":3,"column":58}},"2":{"start":{"line":4,"column":0},"end":{"line":4,"column":84}},"3":{"start":{"line":5,"column":0},"end":{"line":5,"column":76}},"4":{"start":{"line":6,"column":0},"end":{"line":6,"column":58}},"5":{"start":{"line":14,"column":68},"end":{"line":27,"column":1}},"6":{"start":{"line":14,"column":75},"end":{"line":14,"column":77}},"7":{"start":{"line":14,"column":85},"end":{"line":14,"column":87}},"8":{"start":{"line":15,"column":20},"end":{"line":15,"column":32}},"9":{"start":{"line":17,"column":1},"end":{"line":26,"column":3}},"10":{"start":{"line":14,"column":13},"end":{"line":14,"column":68}}},"fnMap":{"0":{"name":"(anonymous_1)","decl":{"start":{"line":14,"column":68},"end":{"line":14,"column":69}},"loc":{"start":{"line":14,"column":87},"end":{"line":27,"column":1}}}},"branchMap":{},"s":{"0":1,"1":1,"2":1,"3":1,"4":1,"5":1,"6":0,"7":0,"8":0,"9":0,"10":1},"f":{"0":0},"b":{}}
,"/home/whoami/frontend/commerce-projects/df_boilerplate-main/src/construct/TextRangeTimeCnstr/TextRangeTimeMdCnstr/TextRangeTimeMdCnstr.styles.ts": {"path":"/home/whoami/frontend/commerce-projects/df_boilerplate-main/src/construct/TextRangeTimeCnstr/TextRangeTimeMdCnstr/TextRangeTimeMdCnstr.styles.ts","statementMap":{"0":{"start":{"line":1,"column":0},"end":{"line":1,"column":57}},"1":{"start":{"line":3,"column":13},"end":{"line":3,"column":35}},"2":{"start":{"line":4,"column":13},"end":{"line":4,"column":35}},"3":{"start":{"line":6,"column":13},"end":{"line":15,"column":4}},"4":{"start":{"line":6,"column":46},"end":{"line":6,"column":48}},"5":{"start":{"line":6,"column":51},"end":{"line":6,"column":53}},"6":{"start":{"line":6,"column":58},"end":{"line":15,"column":3}}},"fnMap":{"0":{"name":"(anonymous_1)","decl":{"start":{"line":6,"column":38},"end":{"line":6,"column":39}},"loc":{"start":{"line":6,"column":53},"end":{"line":6,"column":59}}}},"branchMap":{"0":{"loc":{"start":{"line":7,"column":15},"end":{"line":10,"column":null}},"type":"binary-expr","locations":[{"start":{"line":7,"column":15},"end":{"line":7,"column":null}},{"start":{"line":7,"column":15},"end":{"line":10,"column":null}}]},"1":{"loc":{"start":{"line":11,"column":13},"end":{"line":14,"column":null}},"type":"binary-expr","locations":[{"start":{"line":11,"column":13},"end":{"line":11,"column":null}},{"start":{"line":11,"column":13},"end":{"line":14,"column":null}}]}},"s":{"0":1,"1":1,"2":1,"3":1,"4":0,"5":0,"6":0},"f":{"0":0},"b":{"0":[0,0],"1":[0,0]}}
,"/home/whoami/frontend/commerce-projects/df_boilerplate-main/src/construct/TextRangeTimeCnstr/TextRangeTimeMdCnstr/TextRangeTimeMdCnstr.tsx": {"path":"/home/whoami/frontend/commerce-projects/df_boilerplate-main/src/construct/TextRangeTimeCnstr/TextRangeTimeMdCnstr/TextRangeTimeMdCnstr.tsx","statementMap":{"0":{"start":{"line":2,"column":0},"end":{"line":2,"column":42}},"1":{"start":{"line":3,"column":0},"end":{"line":3,"column":58}},"2":{"start":{"line":4,"column":0},"end":{"line":4,"column":84}},"3":{"start":{"line":5,"column":0},"end":{"line":5,"column":76}},"4":{"start":{"line":6,"column":0},"end":{"line":6,"column":58}},"5":{"start":{"line":14,"column":68},"end":{"line":27,"column":1}},"6":{"start":{"line":14,"column":75},"end":{"line":14,"column":77}},"7":{"start":{"line":14,"column":85},"end":{"line":14,"column":87}},"8":{"start":{"line":15,"column":20},"end":{"line":15,"column":32}},"9":{"start":{"line":17,"column":1},"end":{"line":26,"column":3}},"10":{"start":{"line":14,"column":13},"end":{"line":14,"column":68}}},"fnMap":{"0":{"name":"(anonymous_1)","decl":{"start":{"line":14,"column":68},"end":{"line":14,"column":69}},"loc":{"start":{"line":14,"column":87},"end":{"line":27,"column":1}}}},"branchMap":{},"s":{"0":1,"1":1,"2":1,"3":1,"4":1,"5":1,"6":0,"7":0,"8":0,"9":0,"10":1},"f":{"0":0},"b":{}}
,"/home/whoami/frontend/commerce-projects/df_boilerplate-main/src/construct/TextRangeTimeCnstr/TextRangeTimeSmCnstr/TextRangeTimeSmCnstr.styles.ts": {"path":"/home/whoami/frontend/commerce-projects/df_boilerplate-main/src/construct/TextRangeTimeCnstr/TextRangeTimeSmCnstr/TextRangeTimeSmCnstr.styles.ts","statementMap":{"0":{"start":{"line":1,"column":0},"end":{"line":1,"column":57}},"1":{"start":{"line":3,"column":13},"end":{"line":3,"column":35}},"2":{"start":{"line":5,"column":13},"end":{"line":10,"column":4}},"3":{"start":{"line":5,"column":46},"end":{"line":5,"column":48}},"4":{"start":{"line":5,"column":51},"end":{"line":5,"column":53}},"5":{"start":{"line":5,"column":58},"end":{"line":10,"column":3}}},"fnMap":{"0":{"name":"(anonymous_1)","decl":{"start":{"line":5,"column":38},"end":{"line":5,"column":39}},"loc":{"start":{"line":5,"column":53},"end":{"line":5,"column":59}}}},"branchMap":{"0":{"loc":{"start":{"line":6,"column":15},"end":{"line":9,"column":null}},"type":"binary-expr","locations":[{"start":{"line":6,"column":15},"end":{"line":6,"column":null}},{"start":{"line":6,"column":15},"end":{"line":9,"column":null}}]}},"s":{"0":1,"1":1,"2":1,"3":0,"4":0,"5":0},"f":{"0":0},"b":{"0":[0,0]}}
,"/home/whoami/frontend/commerce-projects/df_boilerplate-main/src/construct/TextRangeTimeCnstr/TextRangeTimeSmCnstr/TextRangeTimeSmCnstr.tsx": {"path":"/home/whoami/frontend/commerce-projects/df_boilerplate-main/src/construct/TextRangeTimeCnstr/TextRangeTimeSmCnstr/TextRangeTimeSmCnstr.tsx","statementMap":{"0":{"start":{"line":2,"column":0},"end":{"line":2,"column":42}},"1":{"start":{"line":3,"column":0},"end":{"line":3,"column":65}},"2":{"start":{"line":4,"column":0},"end":{"line":4,"column":71}},"3":{"start":{"line":5,"column":0},"end":{"line":5,"column":76}},"4":{"start":{"line":6,"column":0},"end":{"line":6,"column":58}},"5":{"start":{"line":14,"column":68},"end":{"line":25,"column":1}},"6":{"start":{"line":14,"column":75},"end":{"line":14,"column":77}},"7":{"start":{"line":14,"column":85},"end":{"line":14,"column":87}},"8":{"start":{"line":15,"column":20},"end":{"line":15,"column":32}},"9":{"start":{"line":17,"column":1},"end":{"line":24,"column":3}},"10":{"start":{"line":14,"column":13},"end":{"line":14,"column":68}}},"fnMap":{"0":{"name":"(anonymous_1)","decl":{"start":{"line":14,"column":68},"end":{"line":14,"column":69}},"loc":{"start":{"line":14,"column":87},"end":{"line":25,"column":1}}}},"branchMap":{},"s":{"0":1,"1":1,"2":1,"3":1,"4":1,"5":1,"6":0,"7":0,"8":0,"9":0,"10":1},"f":{"0":0},"b":{}}
,"/home/whoami/frontend/commerce-projects/df_boilerplate-main/src/construct/TextTime1Cnstr/TextTime1Cnstr.styles.ts": {"path":"/home/whoami/frontend/commerce-projects/df_boilerplate-main/src/construct/TextTime1Cnstr/TextTime1Cnstr.styles.ts","statementMap":{"0":{"start":{"line":1,"column":0},"end":{"line":1,"column":57}},"1":{"start":{"line":3,"column":13},"end":{"line":3,"column":36}},"2":{"start":{"line":5,"column":13},"end":{"line":14,"column":4}},"3":{"start":{"line":5,"column":46},"end":{"line":5,"column":48}},"4":{"start":{"line":5,"column":51},"end":{"line":5,"column":53}},"5":{"start":{"line":5,"column":58},"end":{"line":14,"column":3}}},"fnMap":{"0":{"name":"(anonymous_1)","decl":{"start":{"line":5,"column":38},"end":{"line":5,"column":39}},"loc":{"start":{"line":5,"column":53},"end":{"line":5,"column":59}}}},"branchMap":{"0":{"loc":{"start":{"line":6,"column":15},"end":{"line":9,"column":null}},"type":"binary-expr","locations":[{"start":{"line":6,"column":15},"end":{"line":6,"column":null}},{"start":{"line":6,"column":15},"end":{"line":9,"column":null}}]},"1":{"loc":{"start":{"line":10,"column":13},"end":{"line":13,"column":null}},"type":"binary-expr","locations":[{"start":{"line":10,"column":13},"end":{"line":10,"column":null}},{"start":{"line":10,"column":13},"end":{"line":13,"column":null}}]}},"s":{"0":1,"1":1,"2":1,"3":0,"4":0,"5":0},"f":{"0":0},"b":{"0":[0,0],"1":[0,0]}}
,"/home/whoami/frontend/commerce-projects/df_boilerplate-main/src/construct/TextTime1Cnstr/TextTime1Cnstr.tsx": {"path":"/home/whoami/frontend/commerce-projects/df_boilerplate-main/src/construct/TextTime1Cnstr/TextTime1Cnstr.tsx","statementMap":{"0":{"start":{"line":2,"column":0},"end":{"line":2,"column":42}},"1":{"start":{"line":3,"column":0},"end":{"line":3,"column":71}},"2":{"start":{"line":4,"column":0},"end":{"line":4,"column":71}},"3":{"start":{"line":5,"column":0},"end":{"line":5,"column":65}},"4":{"start":{"line":6,"column":0},"end":{"line":6,"column":58}},"5":{"start":{"line":7,"column":0},"end":{"line":7,"column":97}},"6":{"start":{"line":8,"column":0},"end":{"line":8,"column":100}},"7":{"start":{"line":9,"column":0},"end":{"line":9,"column":79}},"8":{"start":{"line":10,"column":0},"end":{"line":10,"column":58}},"9":{"start":{"line":17,"column":56},"end":{"line":38,"column":1}},"10":{"start":{"line":17,"column":63},"end":{"line":17,"column":65}},"11":{"start":{"line":17,"column":78},"end":{"line":17,"column":80}},"12":{"start":{"line":18,"column":20},"end":{"line":18,"column":32}},"13":{"start":{"line":20,"column":1},"end":{"line":37,"column":3}},"14":{"start":{"line":17,"column":13},"end":{"line":17,"column":56}}},"fnMap":{"0":{"name":"(anonymous_1)","decl":{"start":{"line":17,"column":56},"end":{"line":17,"column":57}},"loc":{"start":{"line":17,"column":80},"end":{"line":38,"column":1}}}},"branchMap":{},"s":{"0":1,"1":1,"2":1,"3":1,"4":1,"5":1,"6":1,"7":1,"8":1,"9":1,"10":0,"11":0,"12":0,"13":0,"14":1},"f":{"0":0},"b":{}}
,"/home/whoami/frontend/commerce-projects/df_boilerplate-main/src/construct/TextTime1Cnstr/TextTime1LgCnstr/TextTime1LgCnstr.styles.ts": {"path":"/home/whoami/frontend/commerce-projects/df_boilerplate-main/src/construct/TextTime1Cnstr/TextTime1LgCnstr/TextTime1LgCnstr.styles.ts","statementMap":{"0":{"start":{"line":1,"column":0},"end":{"line":1,"column":57}},"1":{"start":{"line":3,"column":13},"end":{"line":3,"column":36}},"2":{"start":{"line":4,"column":13},"end":{"line":4,"column":35}},"3":{"start":{"line":6,"column":13},"end":{"line":15,"column":4}},"4":{"start":{"line":6,"column":46},"end":{"line":6,"column":48}},"5":{"start":{"line":6,"column":51},"end":{"line":6,"column":53}},"6":{"start":{"line":6,"column":58},"end":{"line":15,"column":3}}},"fnMap":{"0":{"name":"(anonymous_1)","decl":{"start":{"line":6,"column":38},"end":{"line":6,"column":39}},"loc":{"start":{"line":6,"column":53},"end":{"line":6,"column":59}}}},"branchMap":{"0":{"loc":{"start":{"line":7,"column":15},"end":{"line":10,"column":null}},"type":"binary-expr","locations":[{"start":{"line":7,"column":15},"end":{"line":7,"column":null}},{"start":{"line":7,"column":15},"end":{"line":10,"column":null}}]},"1":{"loc":{"start":{"line":11,"column":13},"end":{"line":14,"column":null}},"type":"binary-expr","locations":[{"start":{"line":11,"column":13},"end":{"line":11,"column":null}},{"start":{"line":11,"column":13},"end":{"line":14,"column":null}}]}},"s":{"0":1,"1":1,"2":1,"3":1,"4":0,"5":0,"6":0},"f":{"0":0},"b":{"0":[0,0],"1":[0,0]}}
,"/home/whoami/frontend/commerce-projects/df_boilerplate-main/src/construct/TextTime1Cnstr/TextTime1LgCnstr/TextTime1LgCnstr.tsx": {"path":"/home/whoami/frontend/commerce-projects/df_boilerplate-main/src/construct/TextTime1Cnstr/TextTime1LgCnstr/TextTime1LgCnstr.tsx","statementMap":{"0":{"start":{"line":1,"column":0},"end":{"line":1,"column":42}},"1":{"start":{"line":3,"column":0},"end":{"line":3,"column":65}},"2":{"start":{"line":4,"column":0},"end":{"line":4,"column":80}},"3":{"start":{"line":5,"column":0},"end":{"line":5,"column":100}},"4":{"start":{"line":6,"column":0},"end":{"line":6,"column":79}},"5":{"start":{"line":7,"column":0},"end":{"line":7,"column":97}},"6":{"start":{"line":8,"column":0},"end":{"line":8,"column":58}},"7":{"start":{"line":15,"column":60},"end":{"line":34,"column":1}},"8":{"start":{"line":15,"column":67},"end":{"line":15,"column":69}},"9":{"start":{"line":15,"column":82},"end":{"line":15,"column":84}},"10":{"start":{"line":16,"column":20},"end":{"line":16,"column":32}},"11":{"start":{"line":18,"column":1},"end":{"line":33,"column":3}},"12":{"start":{"line":15,"column":13},"end":{"line":15,"column":60}}},"fnMap":{"0":{"name":"(anonymous_1)","decl":{"start":{"line":15,"column":60},"end":{"line":15,"column":61}},"loc":{"start":{"line":15,"column":84},"end":{"line":34,"column":1}}}},"branchMap":{},"s":{"0":1,"1":1,"2":1,"3":1,"4":1,"5":1,"6":1,"7":1,"8":0,"9":0,"10":0,"11":0,"12":1},"f":{"0":0},"b":{}}
,"/home/whoami/frontend/commerce-projects/df_boilerplate-main/src/construct/TextTime1Cnstr/TextTime1SmCnstr/TextTime1SmCnstr.styles.ts": {"path":"/home/whoami/frontend/commerce-projects/df_boilerplate-main/src/construct/TextTime1Cnstr/TextTime1SmCnstr/TextTime1SmCnstr.styles.ts","statementMap":{"0":{"start":{"line":1,"column":0},"end":{"line":1,"column":57}},"1":{"start":{"line":3,"column":13},"end":{"line":3,"column":35}},"2":{"start":{"line":5,"column":13},"end":{"line":14,"column":4}},"3":{"start":{"line":5,"column":46},"end":{"line":5,"column":48}},"4":{"start":{"line":5,"column":51},"end":{"line":5,"column":53}},"5":{"start":{"line":5,"column":58},"end":{"line":14,"column":3}}},"fnMap":{"0":{"name":"(anonymous_1)","decl":{"start":{"line":5,"column":38},"end":{"line":5,"column":39}},"loc":{"start":{"line":5,"column":53},"end":{"line":5,"column":59}}}},"branchMap":{"0":{"loc":{"start":{"line":6,"column":15},"end":{"line":9,"column":null}},"type":"binary-expr","locations":[{"start":{"line":6,"column":15},"end":{"line":6,"column":null}},{"start":{"line":6,"column":15},"end":{"line":9,"column":null}}]},"1":{"loc":{"start":{"line":10,"column":13},"end":{"line":13,"column":null}},"type":"binary-expr","locations":[{"start":{"line":10,"column":13},"end":{"line":10,"column":null}},{"start":{"line":10,"column":13},"end":{"line":13,"column":null}}]}},"s":{"0":1,"1":1,"2":1,"3":0,"4":0,"5":0},"f":{"0":0},"b":{"0":[0,0],"1":[0,0]}}
,"/home/whoami/frontend/commerce-projects/df_boilerplate-main/src/construct/TextTime1Cnstr/TextTime1SmCnstr/TextTime1SmCnstr.tsx": {"path":"/home/whoami/frontend/commerce-projects/df_boilerplate-main/src/construct/TextTime1Cnstr/TextTime1SmCnstr/TextTime1SmCnstr.tsx","statementMap":{"0":{"start":{"line":2,"column":0},"end":{"line":2,"column":42}},"1":{"start":{"line":3,"column":0},"end":{"line":3,"column":65}},"2":{"start":{"line":4,"column":0},"end":{"line":4,"column":67}},"3":{"start":{"line":5,"column":0},"end":{"line":5,"column":97}},"4":{"start":{"line":6,"column":0},"end":{"line":6,"column":100}},"5":{"start":{"line":7,"column":0},"end":{"line":7,"column":79}},"6":{"start":{"line":8,"column":0},"end":{"line":8,"column":58}},"7":{"start":{"line":15,"column":60},"end":{"line":32,"column":1}},"8":{"start":{"line":15,"column":67},"end":{"line":15,"column":69}},"9":{"start":{"line":15,"column":82},"end":{"line":15,"column":84}},"10":{"start":{"line":16,"column":20},"end":{"line":16,"column":32}},"11":{"start":{"line":18,"column":1},"end":{"line":31,"column":3}},"12":{"start":{"line":15,"column":13},"end":{"line":15,"column":60}}},"fnMap":{"0":{"name":"(anonymous_1)","decl":{"start":{"line":15,"column":60},"end":{"line":15,"column":61}},"loc":{"start":{"line":15,"column":84},"end":{"line":32,"column":1}}}},"branchMap":{},"s":{"0":1,"1":1,"2":1,"3":1,"4":1,"5":1,"6":1,"7":1,"8":0,"9":0,"10":0,"11":0,"12":1},"f":{"0":0},"b":{}}
,"/home/whoami/frontend/commerce-projects/df_boilerplate-main/src/construct/TimeRangeWidgetCnstr/TimeRangeWidgetCnstr.styles.ts": {"path":"/home/whoami/frontend/commerce-projects/df_boilerplate-main/src/construct/TimeRangeWidgetCnstr/TimeRangeWidgetCnstr.styles.ts","statementMap":{"0":{"start":{"line":1,"column":0},"end":{"line":1,"column":57}},"1":{"start":{"line":3,"column":13},"end":{"line":3,"column":36}},"2":{"start":{"line":5,"column":13},"end":{"line":10,"column":4}},"3":{"start":{"line":5,"column":46},"end":{"line":5,"column":48}},"4":{"start":{"line":5,"column":51},"end":{"line":5,"column":53}},"5":{"start":{"line":5,"column":58},"end":{"line":10,"column":3}}},"fnMap":{"0":{"name":"(anonymous_1)","decl":{"start":{"line":5,"column":38},"end":{"line":5,"column":39}},"loc":{"start":{"line":5,"column":53},"end":{"line":5,"column":59}}}},"branchMap":{"0":{"loc":{"start":{"line":6,"column":15},"end":{"line":9,"column":null}},"type":"binary-expr","locations":[{"start":{"line":6,"column":15},"end":{"line":6,"column":null}},{"start":{"line":6,"column":15},"end":{"line":9,"column":null}}]}},"s":{"0":1,"1":1,"2":1,"3":0,"4":0,"5":0},"f":{"0":0},"b":{"0":[0,0]}}
,"/home/whoami/frontend/commerce-projects/df_boilerplate-main/src/construct/TimeRangeWidgetCnstr/TimeRangeWidgetCnstr.tsx": {"path":"/home/whoami/frontend/commerce-projects/df_boilerplate-main/src/construct/TimeRangeWidgetCnstr/TimeRangeWidgetCnstr.tsx","statementMap":{"0":{"start":{"line":2,"column":0},"end":{"line":2,"column":42}},"1":{"start":{"line":3,"column":0},"end":{"line":3,"column":89}},"2":{"start":{"line":4,"column":0},"end":{"line":4,"column":89}},"3":{"start":{"line":5,"column":0},"end":{"line":5,"column":89}},"4":{"start":{"line":6,"column":0},"end":{"line":6,"column":71}},"5":{"start":{"line":7,"column":0},"end":{"line":7,"column":76}},"6":{"start":{"line":8,"column":0},"end":{"line":8,"column":58}},"7":{"start":{"line":16,"column":68},"end":{"line":32,"column":1}},"8":{"start":{"line":16,"column":79},"end":{"line":16,"column":81}},"9":{"start":{"line":16,"column":89},"end":{"line":16,"column":91}},"10":{"start":{"line":17,"column":20},"end":{"line":17,"column":32}},"11":{"start":{"line":19,"column":1},"end":{"line":31,"column":3}},"12":{"start":{"line":16,"column":13},"end":{"line":16,"column":68}}},"fnMap":{"0":{"name":"(anonymous_1)","decl":{"start":{"line":16,"column":68},"end":{"line":16,"column":69}},"loc":{"start":{"line":16,"column":91},"end":{"line":32,"column":1}}}},"branchMap":{},"s":{"0":1,"1":1,"2":1,"3":1,"4":1,"5":1,"6":1,"7":1,"8":0,"9":0,"10":0,"11":0,"12":1},"f":{"0":0},"b":{}}
,"/home/whoami/frontend/commerce-projects/df_boilerplate-main/src/construct/TimeRangeWidgetCnstr/TimeRangeWidgetLgCnstr/TimeRangeWidgetLgCnstr.styles.ts": {"path":"/home/whoami/frontend/commerce-projects/df_boilerplate-main/src/construct/TimeRangeWidgetCnstr/TimeRangeWidgetLgCnstr/TimeRangeWidgetLgCnstr.styles.ts","statementMap":{"0":{"start":{"line":1,"column":0},"end":{"line":1,"column":57}},"1":{"start":{"line":3,"column":13},"end":{"line":3,"column":36}},"2":{"start":{"line":4,"column":13},"end":{"line":4,"column":35}},"3":{"start":{"line":6,"column":13},"end":{"line":14,"column":4}},"4":{"start":{"line":6,"column":46},"end":{"line":6,"column":48}},"5":{"start":{"line":6,"column":51},"end":{"line":6,"column":53}},"6":{"start":{"line":6,"column":58},"end":{"line":14,"column":3}}},"fnMap":{"0":{"name":"(anonymous_1)","decl":{"start":{"line":6,"column":38},"end":{"line":6,"column":39}},"loc":{"start":{"line":6,"column":53},"end":{"line":6,"column":59}}}},"branchMap":{"0":{"loc":{"start":{"line":7,"column":15},"end":{"line":10,"column":null}},"type":"binary-expr","locations":[{"start":{"line":7,"column":15},"end":{"line":7,"column":null}},{"start":{"line":7,"column":15},"end":{"line":10,"column":null}}]},"1":{"loc":{"start":{"line":11,"column":13},"end":{"line":13,"column":null}},"type":"binary-expr","locations":[{"start":{"line":11,"column":13},"end":{"line":11,"column":null}},{"start":{"line":11,"column":13},"end":{"line":13,"column":null}}]}},"s":{"0":1,"1":1,"2":1,"3":1,"4":0,"5":0,"6":0},"f":{"0":0},"b":{"0":[0,0],"1":[0,0]}}
,"/home/whoami/frontend/commerce-projects/df_boilerplate-main/src/construct/TimeRangeWidgetCnstr/TimeRangeWidgetLgCnstr/TimeRangeWidgetLgCnstr.tsx": {"path":"/home/whoami/frontend/commerce-projects/df_boilerplate-main/src/construct/TimeRangeWidgetCnstr/TimeRangeWidgetLgCnstr/TimeRangeWidgetLgCnstr.tsx","statementMap":{"0":{"start":{"line":2,"column":0},"end":{"line":2,"column":42}},"1":{"start":{"line":3,"column":0},"end":{"line":3,"column":86}},"2":{"start":{"line":4,"column":0},"end":{"line":4,"column":76}},"3":{"start":{"line":5,"column":0},"end":{"line":5,"column":58}},"4":{"start":{"line":13,"column":72},"end":{"line":24,"column":1}},"5":{"start":{"line":13,"column":83},"end":{"line":13,"column":85}},"6":{"start":{"line":13,"column":93},"end":{"line":13,"column":95}},"7":{"start":{"line":14,"column":20},"end":{"line":14,"column":32}},"8":{"start":{"line":16,"column":1},"end":{"line":23,"column":3}},"9":{"start":{"line":13,"column":13},"end":{"line":13,"column":72}}},"fnMap":{"0":{"name":"(anonymous_1)","decl":{"start":{"line":13,"column":72},"end":{"line":13,"column":73}},"loc":{"start":{"line":13,"column":95},"end":{"line":24,"column":1}}}},"branchMap":{},"s":{"0":1,"1":1,"2":1,"3":1,"4":1,"5":0,"6":0,"7":0,"8":0,"9":1},"f":{"0":0},"b":{}}
,"/home/whoami/frontend/commerce-projects/df_boilerplate-main/src/construct/TimeRangeWidgetCnstr/TimeRangeWidgetMdCnstr/TimeRangeWidgetMdCnstr.styles.ts": {"path":"/home/whoami/frontend/commerce-projects/df_boilerplate-main/src/construct/TimeRangeWidgetCnstr/TimeRangeWidgetMdCnstr/TimeRangeWidgetMdCnstr.styles.ts","statementMap":{"0":{"start":{"line":1,"column":0},"end":{"line":1,"column":57}},"1":{"start":{"line":3,"column":13},"end":{"line":3,"column":35}},"2":{"start":{"line":4,"column":13},"end":{"line":4,"column":35}},"3":{"start":{"line":6,"column":13},"end":{"line":14,"column":4}},"4":{"start":{"line":6,"column":46},"end":{"line":6,"column":48}},"5":{"start":{"line":6,"column":51},"end":{"line":6,"column":53}},"6":{"start":{"line":6,"column":58},"end":{"line":14,"column":3}}},"fnMap":{"0":{"name":"(anonymous_1)","decl":{"start":{"line":6,"column":38},"end":{"line":6,"column":39}},"loc":{"start":{"line":6,"column":53},"end":{"line":6,"column":59}}}},"branchMap":{"0":{"loc":{"start":{"line":7,"column":15},"end":{"line":10,"column":null}},"type":"binary-expr","locations":[{"start":{"line":7,"column":15},"end":{"line":7,"column":null}},{"start":{"line":7,"column":15},"end":{"line":10,"column":null}}]},"1":{"loc":{"start":{"line":11,"column":13},"end":{"line":13,"column":null}},"type":"binary-expr","locations":[{"start":{"line":11,"column":13},"end":{"line":11,"column":null}},{"start":{"line":11,"column":13},"end":{"line":13,"column":null}}]}},"s":{"0":1,"1":1,"2":1,"3":1,"4":0,"5":0,"6":0},"f":{"0":0},"b":{"0":[0,0],"1":[0,0]}}
,"/home/whoami/frontend/commerce-projects/df_boilerplate-main/src/construct/TimeRangeWidgetCnstr/TimeRangeWidgetMdCnstr/TimeRangeWidgetMdCnstr.tsx": {"path":"/home/whoami/frontend/commerce-projects/df_boilerplate-main/src/construct/TimeRangeWidgetCnstr/TimeRangeWidgetMdCnstr/TimeRangeWidgetMdCnstr.tsx","statementMap":{"0":{"start":{"line":2,"column":0},"end":{"line":2,"column":42}},"1":{"start":{"line":3,"column":0},"end":{"line":3,"column":86}},"2":{"start":{"line":4,"column":0},"end":{"line":4,"column":76}},"3":{"start":{"line":5,"column":0},"end":{"line":5,"column":58}},"4":{"start":{"line":13,"column":72},"end":{"line":24,"column":1}},"5":{"start":{"line":13,"column":83},"end":{"line":13,"column":85}},"6":{"start":{"line":13,"column":93},"end":{"line":13,"column":95}},"7":{"start":{"line":14,"column":20},"end":{"line":14,"column":32}},"8":{"start":{"line":16,"column":1},"end":{"line":23,"column":3}},"9":{"start":{"line":13,"column":13},"end":{"line":13,"column":72}}},"fnMap":{"0":{"name":"(anonymous_1)","decl":{"start":{"line":13,"column":72},"end":{"line":13,"column":73}},"loc":{"start":{"line":13,"column":95},"end":{"line":24,"column":1}}}},"branchMap":{},"s":{"0":1,"1":1,"2":1,"3":1,"4":1,"5":0,"6":0,"7":0,"8":0,"9":1},"f":{"0":0},"b":{}}
,"/home/whoami/frontend/commerce-projects/df_boilerplate-main/src/construct/TimeRangeWidgetCnstr/TimeRangeWidgetSmCnstr/TimeRangeWidgetSmCnstr.styles.ts": {"path":"/home/whoami/frontend/commerce-projects/df_boilerplate-main/src/construct/TimeRangeWidgetCnstr/TimeRangeWidgetSmCnstr/TimeRangeWidgetSmCnstr.styles.ts","statementMap":{"0":{"start":{"line":1,"column":0},"end":{"line":1,"column":57}},"1":{"start":{"line":3,"column":13},"end":{"line":3,"column":35}},"2":{"start":{"line":5,"column":13},"end":{"line":10,"column":4}},"3":{"start":{"line":5,"column":46},"end":{"line":5,"column":48}},"4":{"start":{"line":5,"column":51},"end":{"line":5,"column":53}},"5":{"start":{"line":5,"column":58},"end":{"line":10,"column":3}}},"fnMap":{"0":{"name":"(anonymous_1)","decl":{"start":{"line":5,"column":38},"end":{"line":5,"column":39}},"loc":{"start":{"line":5,"column":53},"end":{"line":5,"column":59}}}},"branchMap":{"0":{"loc":{"start":{"line":6,"column":15},"end":{"line":9,"column":null}},"type":"binary-expr","locations":[{"start":{"line":6,"column":15},"end":{"line":6,"column":null}},{"start":{"line":6,"column":15},"end":{"line":9,"column":null}}]}},"s":{"0":1,"1":1,"2":1,"3":0,"4":0,"5":0},"f":{"0":0},"b":{"0":[0,0]}}
,"/home/whoami/frontend/commerce-projects/df_boilerplate-main/src/construct/TimeRangeWidgetCnstr/TimeRangeWidgetSmCnstr/TimeRangeWidgetSmCnstr.tsx": {"path":"/home/whoami/frontend/commerce-projects/df_boilerplate-main/src/construct/TimeRangeWidgetCnstr/TimeRangeWidgetSmCnstr/TimeRangeWidgetSmCnstr.tsx","statementMap":{"0":{"start":{"line":2,"column":0},"end":{"line":2,"column":42}},"1":{"start":{"line":3,"column":0},"end":{"line":3,"column":73}},"2":{"start":{"line":4,"column":0},"end":{"line":4,"column":76}},"3":{"start":{"line":5,"column":0},"end":{"line":5,"column":58}},"4":{"start":{"line":13,"column":72},"end":{"line":24,"column":1}},"5":{"start":{"line":13,"column":83},"end":{"line":13,"column":85}},"6":{"start":{"line":13,"column":93},"end":{"line":13,"column":95}},"7":{"start":{"line":14,"column":20},"end":{"line":14,"column":32}},"8":{"start":{"line":16,"column":1},"end":{"line":23,"column":3}},"9":{"start":{"line":13,"column":13},"end":{"line":13,"column":72}}},"fnMap":{"0":{"name":"(anonymous_1)","decl":{"start":{"line":13,"column":72},"end":{"line":13,"column":73}},"loc":{"start":{"line":13,"column":95},"end":{"line":24,"column":1}}}},"branchMap":{},"s":{"0":1,"1":1,"2":1,"3":1,"4":1,"5":0,"6":0,"7":0,"8":0,"9":1},"f":{"0":0},"b":{}}
,"/home/whoami/frontend/commerce-projects/df_boilerplate-main/src/construct/TimeWidgetCnstr/TimeWidgetCnstr.styles.ts": {"path":"/home/whoami/frontend/commerce-projects/df_boilerplate-main/src/construct/TimeWidgetCnstr/TimeWidgetCnstr.styles.ts","statementMap":{"0":{"start":{"line":1,"column":0},"end":{"line":1,"column":57}},"1":{"start":{"line":3,"column":13},"end":{"line":3,"column":36}},"2":{"start":{"line":5,"column":13},"end":{"line":13,"column":4}},"3":{"start":{"line":5,"column":46},"end":{"line":5,"column":48}},"4":{"start":{"line":5,"column":51},"end":{"line":5,"column":53}},"5":{"start":{"line":5,"column":58},"end":{"line":13,"column":3}}},"fnMap":{"0":{"name":"(anonymous_1)","decl":{"start":{"line":5,"column":38},"end":{"line":5,"column":39}},"loc":{"start":{"line":5,"column":53},"end":{"line":5,"column":59}}}},"branchMap":{"0":{"loc":{"start":{"line":6,"column":15},"end":{"line":9,"column":null}},"type":"binary-expr","locations":[{"start":{"line":6,"column":15},"end":{"line":6,"column":null}},{"start":{"line":6,"column":15},"end":{"line":9,"column":null}}]},"1":{"loc":{"start":{"line":10,"column":13},"end":{"line":12,"column":null}},"type":"binary-expr","locations":[{"start":{"line":10,"column":13},"end":{"line":10,"column":null}},{"start":{"line":10,"column":13},"end":{"line":12,"column":null}}]}},"s":{"0":1,"1":1,"2":1,"3":0,"4":0,"5":0},"f":{"0":0},"b":{"0":[0,0],"1":[0,0]}}
,"/home/whoami/frontend/commerce-projects/df_boilerplate-main/src/construct/TimeWidgetCnstr/TimeWidgetCnstr.tsx": {"path":"/home/whoami/frontend/commerce-projects/df_boilerplate-main/src/construct/TimeWidgetCnstr/TimeWidgetCnstr.tsx","statementMap":{"0":{"start":{"line":2,"column":0},"end":{"line":2,"column":42}},"1":{"start":{"line":3,"column":0},"end":{"line":3,"column":97}},"2":{"start":{"line":4,"column":0},"end":{"line":4,"column":100}},"3":{"start":{"line":5,"column":0},"end":{"line":5,"column":79}},"4":{"start":{"line":6,"column":0},"end":{"line":6,"column":74}},"5":{"start":{"line":7,"column":0},"end":{"line":7,"column":74}},"6":{"start":{"line":8,"column":0},"end":{"line":8,"column":74}},"7":{"start":{"line":9,"column":0},"end":{"line":9,"column":66}},"8":{"start":{"line":10,"column":0},"end":{"line":10,"column":58}},"9":{"start":{"line":17,"column":58},"end":{"line":37,"column":1}},"10":{"start":{"line":17,"column":74},"end":{"line":17,"column":76}},"11":{"start":{"line":17,"column":84},"end":{"line":17,"column":86}},"12":{"start":{"line":18,"column":20},"end":{"line":18,"column":32}},"13":{"start":{"line":20,"column":1},"end":{"line":36,"column":3}},"14":{"start":{"line":17,"column":13},"end":{"line":17,"column":58}}},"fnMap":{"0":{"name":"(anonymous_1)","decl":{"start":{"line":17,"column":58},"end":{"line":17,"column":59}},"loc":{"start":{"line":17,"column":86},"end":{"line":37,"column":1}}}},"branchMap":{},"s":{"0":1,"1":1,"2":1,"3":1,"4":1,"5":1,"6":1,"7":1,"8":1,"9":1,"10":0,"11":0,"12":0,"13":0,"14":1},"f":{"0":0},"b":{}}
,"/home/whoami/frontend/commerce-projects/df_boilerplate-main/src/construct/TimeWidgetCnstr/TimeWidgetLgCnstr/TimeWidgetLgCnstr.styles.ts": {"path":"/home/whoami/frontend/commerce-projects/df_boilerplate-main/src/construct/TimeWidgetCnstr/TimeWidgetLgCnstr/TimeWidgetLgCnstr.styles.ts","statementMap":{"0":{"start":{"line":1,"column":0},"end":{"line":1,"column":57}},"1":{"start":{"line":3,"column":13},"end":{"line":3,"column":36}},"2":{"start":{"line":4,"column":13},"end":{"line":4,"column":35}},"3":{"start":{"line":6,"column":13},"end":{"line":15,"column":4}},"4":{"start":{"line":6,"column":46},"end":{"line":6,"column":48}},"5":{"start":{"line":6,"column":51},"end":{"line":6,"column":53}},"6":{"start":{"line":6,"column":58},"end":{"line":15,"column":3}}},"fnMap":{"0":{"name":"(anonymous_1)","decl":{"start":{"line":6,"column":38},"end":{"line":6,"column":39}},"loc":{"start":{"line":6,"column":53},"end":{"line":6,"column":59}}}},"branchMap":{"0":{"loc":{"start":{"line":7,"column":15},"end":{"line":10,"column":null}},"type":"binary-expr","locations":[{"start":{"line":7,"column":15},"end":{"line":7,"column":null}},{"start":{"line":7,"column":15},"end":{"line":10,"column":null}}]},"1":{"loc":{"start":{"line":11,"column":13},"end":{"line":14,"column":null}},"type":"binary-expr","locations":[{"start":{"line":11,"column":13},"end":{"line":11,"column":null}},{"start":{"line":11,"column":13},"end":{"line":14,"column":null}}]}},"s":{"0":1,"1":1,"2":1,"3":1,"4":0,"5":0,"6":0},"f":{"0":0},"b":{"0":[0,0],"1":[0,0]}}
,"/home/whoami/frontend/commerce-projects/df_boilerplate-main/src/construct/TimeWidgetCnstr/TimeWidgetLgCnstr/TimeWidgetLgCnstr.tsx": {"path":"/home/whoami/frontend/commerce-projects/df_boilerplate-main/src/construct/TimeWidgetCnstr/TimeWidgetLgCnstr/TimeWidgetLgCnstr.tsx","statementMap":{"0":{"start":{"line":2,"column":0},"end":{"line":2,"column":42}},"1":{"start":{"line":3,"column":0},"end":{"line":3,"column":97}},"2":{"start":{"line":4,"column":0},"end":{"line":4,"column":100}},"3":{"start":{"line":5,"column":0},"end":{"line":5,"column":79}},"4":{"start":{"line":6,"column":0},"end":{"line":6,"column":81}},"5":{"start":{"line":7,"column":0},"end":{"line":7,"column":58}},"6":{"start":{"line":14,"column":62},"end":{"line":29,"column":1}},"7":{"start":{"line":14,"column":78},"end":{"line":14,"column":80}},"8":{"start":{"line":14,"column":88},"end":{"line":14,"column":90}},"9":{"start":{"line":15,"column":20},"end":{"line":15,"column":32}},"10":{"start":{"line":17,"column":1},"end":{"line":28,"column":3}},"11":{"start":{"line":14,"column":13},"end":{"line":14,"column":62}}},"fnMap":{"0":{"name":"(anonymous_1)","decl":{"start":{"line":14,"column":62},"end":{"line":14,"column":63}},"loc":{"start":{"line":14,"column":90},"end":{"line":29,"column":1}}}},"branchMap":{},"s":{"0":1,"1":1,"2":1,"3":1,"4":1,"5":1,"6":1,"7":0,"8":0,"9":0,"10":0,"11":1},"f":{"0":0},"b":{}}
[...]
,"/home/whoami/frontend/commerce-projects/df_boilerplate-main/src/templates/WelcomePages/WelcomePage4/WelcomePage4.tsx": {"path":"/home/whoami/frontend/commerce-projects/df_boilerplate-main/src/templates/WelcomePages/WelcomePage4/WelcomePage4.tsx","statementMap":{"0":{"start":{"line":2,"column":0},"end":{"line":2,"column":61}},"1":{"start":{"line":3,"column":0},"end":{"line":3,"column":94}},"2":{"start":{"line":4,"column":0},"end":{"line":4,"column":67}},"3":{"start":{"line":5,"column":0},"end":{"line":5,"column":112}},"4":{"start":{"line":6,"column":0},"end":{"line":6,"column":120}},"5":{"start":{"line":8,"column":32},"end":{"line":8,"column":null}},"6":{"start":{"line":8,"column":38},"end":{"line":25,"column":2}},"7":{"start":{"line":8,"column":13},"end":{"line":8,"column":32}}},"fnMap":{"0":{"name":"(anonymous_0)","decl":{"start":{"line":8,"column":32},"end":{"line":8,"column":38}},"loc":{"start":{"line":8,"column":32},"end":{"line":8,"column":null}}}},"branchMap":{},"s":{"0":1,"1":1,"2":1,"3":1,"4":1,"5":1,"6":4,"7":1},"f":{"0":4},"b":{}}
,"/home/whoami/frontend/commerce-projects/df_boilerplate-main/src/templates/WelcomePages/WelcomePage4/data.ts": {"path":"/home/whoami/frontend/commerce-projects/df_boilerplate-main/src/templates/WelcomePages/WelcomePage4/data.ts","statementMap":{"0":{"start":{"line":1,"column":0},"end":{"line":1,"column":44}},"1":{"start":{"line":2,"column":0},"end":{"line":2,"column":44}},"2":{"start":{"line":3,"column":0},"end":{"line":3,"column":44}},"3":{"start":{"line":4,"column":0},"end":{"line":4,"column":44}},"4":{"start":{"line":17,"column":13},"end":{"line":22,"column":2}},"5":{"start":{"line":24,"column":13},"end":{"line":40,"column":2}},"6":{"start":{"line":42,"column":13},"end":{"line":53,"column":2}}},"fnMap":{"0":{"name":"(anonymous_1)","decl":{"start":{"line":28,"column":11},"end":{"line":28,"column":18}},"loc":{"start":{"line":28,"column":11},"end":{"line":28,"column":19}}},"1":{"name":"(anonymous_2)","decl":{"start":{"line":33,"column":11},"end":{"line":33,"column":18}},"loc":{"start":{"line":33,"column":11},"end":{"line":33,"column":19}}},"2":{"name":"(anonymous_3)","decl":{"start":{"line":38,"column":11},"end":{"line":38,"column":18}},"loc":{"start":{"line":38,"column":11},"end":{"line":38,"column":19}}},"3":{"name":"(anonymous_4)","decl":{"start":{"line":43,"column":31},"end":{"line":43,"column":38}},"loc":{"start":{"line":43,"column":31},"end":{"line":43,"column":39}}},"4":{"name":"(anonymous_5)","decl":{"start":{"line":44,"column":32},"end":{"line":44,"column":39}},"loc":{"start":{"line":44,"column":32},"end":{"line":44,"column":40}}},"5":{"name":"(anonymous_6)","decl":{"start":{"line":45,"column":31},"end":{"line":45,"column":38}},"loc":{"start":{"line":45,"column":31},"end":{"line":45,"column":39}}},"6":{"name":"(anonymous_7)","decl":{"start":{"line":46,"column":32},"end":{"line":46,"column":39}},"loc":{"start":{"line":46,"column":32},"end":{"line":46,"column":40}}},"7":{"name":"(anonymous_8)","decl":{"start":{"line":47,"column":31},"end":{"line":47,"column":38}},"loc":{"start":{"line":47,"column":31},"end":{"line":47,"column":39}}},"8":{"name":"(anonymous_9)","decl":{"start":{"line":48,"column":32},"end":{"line":48,"column":39}},"loc":{"start":{"line":48,"column":32},"end":{"line":48,"column":40}}},"9":{"name":"(anonymous_10)","decl":{"start":{"line":49,"column":31},"end":{"line":49,"column":38}},"loc":{"start":{"line":49,"column":31},"end":{"line":49,"column":39}}},"10":{"name":"(anonymous_11)","decl":{"start":{"line":50,"column":32},"end":{"line":50,"column":39}},"loc":{"start":{"line":50,"column":32},"end":{"line":50,"column":40}}},"11":{"name":"(anonymous_12)","decl":{"start":{"line":51,"column":31},"end":{"line":51,"column":38}},"loc":{"start":{"line":51,"column":31},"end":{"line":51,"column":39}}},"12":{"name":"(anonymous_13)","decl":{"start":{"line":52,"column":33},"end":{"line":52,"column":40}},"loc":{"start":{"line":52,"column":33},"end":{"line":52,"column":41}}}},"branchMap":{},"s":{"0":1,"1":1,"2":1,"3":1,"4":1,"5":1,"6":1},"f":{"0":0,"1":0,"2":0,"3":0,"4":0,"5":0,"6":0,"7":0,"8":0,"9":0,"10":0,"11":0,"12":0},"b":{}}
,"/home/whoami/frontend/commerce-projects/df_boilerplate-main/src/templates/WelcomePages/WelcomePage5/WelcomePage5.tsx": {"path":"/home/whoami/frontend/commerce-projects/df_boilerplate-main/src/templates/WelcomePages/WelcomePage5/WelcomePage5.tsx","statementMap":{"0":{"start":{"line":2,"column":0},"end":{"line":2,"column":42}},"1":{"start":{"line":3,"column":0},"end":{"line":3,"column":53}},"2":{"start":{"line":4,"column":0},"end":{"line":4,"column":43}},"3":{"start":{"line":5,"column":0},"end":{"line":5,"column":97}},"4":{"start":{"line":6,"column":0},"end":{"line":6,"column":67}},"5":{"start":{"line":7,"column":0},"end":{"line":7,"column":112}},"6":{"start":{"line":8,"column":0},"end":{"line":8,"column":120}},"7":{"start":{"line":9,"column":0},"end":{"line":9,"column":87}},"8":{"start":{"line":11,"column":32},"end":{"line":11,"column":null}},"9":{"start":{"line":11,"column":38},"end":{"line":28,"column":2}},"10":{"start":{"line":11,"column":13},"end":{"line":11,"column":32}}},"fnMap":{"0":{"name":"(anonymous_1)","decl":{"start":{"line":11,"column":32},"end":{"line":11,"column":38}},"loc":{"start":{"line":11,"column":32},"end":{"line":11,"column":null}}}},"branchMap":{},"s":{"0":1,"1":1,"2":1,"3":1,"4":1,"5":1,"6":1,"7":1,"8":1,"9":4,"10":1},"f":{"0":4},"b":{}}
,"/home/whoami/frontend/commerce-projects/df_boilerplate-main/src/templates/WelcomePages/WelcomePage5/data.ts": {"path":"/home/whoami/frontend/commerce-projects/df_boilerplate-main/src/templates/WelcomePages/WelcomePage5/data.ts","statementMap":{"0":{"start":{"line":7,"column":13},"end":{"line":23,"column":2}},"1":{"start":{"line":25,"column":13},"end":{"line":28,"column":2}}},"fnMap":{"0":{"name":"(anonymous_0)","decl":{"start":{"line":11,"column":11},"end":{"line":11,"column":18}},"loc":{"start":{"line":11,"column":11},"end":{"line":11,"column":19}}},"1":{"name":"(anonymous_1)","decl":{"start":{"line":16,"column":11},"end":{"line":16,"column":18}},"loc":{"start":{"line":16,"column":11},"end":{"line":16,"column":19}}},"2":{"name":"(anonymous_2)","decl":{"start":{"line":21,"column":11},"end":{"line":21,"column":18}},"loc":{"start":{"line":21,"column":11},"end":{"line":21,"column":19}}},"3":{"name":"(anonymous_3)","decl":{"start":{"line":26,"column":31},"end":{"line":26,"column":38}},"loc":{"start":{"line":26,"column":31},"end":{"line":26,"column":39}}},"4":{"name":"(anonymous_4)","decl":{"start":{"line":27,"column":32},"end":{"line":27,"column":39}},"loc":{"start":{"line":27,"column":32},"end":{"line":27,"column":40}}}},"branchMap":{},"s":{"0":1,"1":1},"f":{"0":0,"1":0,"2":0,"3":0,"4":0},"b":{}}
,"/home/whoami/frontend/commerce-projects/df_boilerplate-main/src/templates/WelcomePages/WelcomePage6/WelcomePage6.tsx": {"path":"/home/whoami/frontend/commerce-projects/df_boilerplate-main/src/templates/WelcomePages/WelcomePage6/WelcomePage6.tsx","statementMap":{"0":{"start":{"line":2,"column":0},"end":{"line":2,"column":42}},"1":{"start":{"line":3,"column":0},"end":{"line":3,"column":53}},"2":{"start":{"line":4,"column":0},"end":{"line":4,"column":44}},"3":{"start":{"line":5,"column":0},"end":{"line":5,"column":97}},"4":{"start":{"line":6,"column":0},"end":{"line":6,"column":67}},"5":{"start":{"line":7,"column":0},"end":{"line":7,"column":112}},"6":{"start":{"line":8,"column":0},"end":{"line":8,"column":120}},"7":{"start":{"line":9,"column":0},"end":{"line":9,"column":87}},"8":{"start":{"line":11,"column":32},"end":{"line":11,"column":null}},"9":{"start":{"line":11,"column":38},"end":{"line":36,"column":2}},"10":{"start":{"line":11,"column":13},"end":{"line":11,"column":32}}},"fnMap":{"0":{"name":"(anonymous_1)","decl":{"start":{"line":11,"column":32},"end":{"line":11,"column":38}},"loc":{"start":{"line":11,"column":32},"end":{"line":11,"column":null}}}},"branchMap":{},"s":{"0":1,"1":1,"2":1,"3":1,"4":1,"5":1,"6":1,"7":1,"8":1,"9":4,"10":1},"f":{"0":4},"b":{}}
,"/home/whoami/frontend/commerce-projects/df_boilerplate-main/src/templates/WelcomePages/WelcomePage6/data.ts": {"path":"/home/whoami/frontend/commerce-projects/df_boilerplate-main/src/templates/WelcomePages/WelcomePage6/data.ts","statementMap":{"0":{"start":{"line":7,"column":13},"end":{"line":23,"column":2}},"1":{"start":{"line":25,"column":13},"end":{"line":36,"column":2}}},"fnMap":{"0":{"name":"(anonymous_0)","decl":{"start":{"line":11,"column":11},"end":{"line":11,"column":18}},"loc":{"start":{"line":11,"column":11},"end":{"line":11,"column":19}}},"1":{"name":"(anonymous_1)","decl":{"start":{"line":16,"column":11},"end":{"line":16,"column":18}},"loc":{"start":{"line":16,"column":11},"end":{"line":16,"column":19}}},"2":{"name":"(anonymous_2)","decl":{"start":{"line":21,"column":11},"end":{"line":21,"column":18}},"loc":{"start":{"line":21,"column":11},"end":{"line":21,"column":19}}},"3":{"name":"(anonymous_3)","decl":{"start":{"line":26,"column":31},"end":{"line":26,"column":38}},"loc":{"start":{"line":26,"column":31},"end":{"line":26,"column":39}}},"4":{"name":"(anonymous_4)","decl":{"start":{"line":27,"column":32},"end":{"line":27,"column":39}},"loc":{"start":{"line":27,"column":32},"end":{"line":27,"column":40}}},"5":{"name":"(anonymous_5)","decl":{"start":{"line":28,"column":31},"end":{"line":28,"column":38}},"loc":{"start":{"line":28,"column":31},"end":{"line":28,"column":39}}},"6":{"name":"(anonymous_6)","decl":{"start":{"line":29,"column":32},"end":{"line":29,"column":39}},"loc":{"start":{"line":29,"column":32},"end":{"line":29,"column":40}}},"7":{"name":"(anonymous_7)","decl":{"start":{"line":30,"column":31},"end":{"line":30,"column":38}},"loc":{"start":{"line":30,"column":31},"end":{"line":30,"column":39}}},"8":{"name":"(anonymous_8)","decl":{"start":{"line":31,"column":32},"end":{"line":31,"column":39}},"loc":{"start":{"line":31,"column":32},"end":{"line":31,"column":40}}},"9":{"name":"(anonymous_9)","decl":{"start":{"line":32,"column":31},"end":{"line":32,"column":38}},"loc":{"start":{"line":32,"column":31},"end":{"line":32,"column":39}}},"10":{"name":"(anonymous_10)","decl":{"start":{"line":33,"column":32},"end":{"line":33,"column":39}},"loc":{"start":{"line":33,"column":32},"end":{"line":33,"column":40}}},"11":{"name":"(anonymous_11)","decl":{"start":{"line":34,"column":31},"end":{"line":34,"column":38}},"loc":{"start":{"line":34,"column":31},"end":{"line":34,"column":39}}},"12":{"name":"(anonymous_12)","decl":{"start":{"line":35,"column":33},"end":{"line":35,"column":40}},"loc":{"start":{"line":35,"column":33},"end":{"line":35,"column":41}}}},"branchMap":{},"s":{"0":1,"1":1},"f":{"0":0,"1":0,"2":0,"3":0,"4":0,"5":0,"6":0,"7":0,"8":0,"9":0,"10":0,"11":0,"12":0},"b":{}}
,"/home/whoami/frontend/commerce-projects/df_boilerplate-main/src/templates/WelcomePages/WelcomePage7/WelcomePage7.tsx": {"path":"/home/whoami/frontend/commerce-projects/df_boilerplate-main/src/templates/WelcomePages/WelcomePage7/WelcomePage7.tsx","statementMap":{"0":{"start":{"line":2,"column":0},"end":{"line":2,"column":42}},"1":{"start":{"line":3,"column":0},"end":{"line":3,"column":53}},"2":{"start":{"line":4,"column":0},"end":{"line":4,"column":44}},"3":{"start":{"line":5,"column":0},"end":{"line":5,"column":97}},"4":{"start":{"line":6,"column":0},"end":{"line":6,"column":67}},"5":{"start":{"line":7,"column":0},"end":{"line":7,"column":112}},"6":{"start":{"line":8,"column":0},"end":{"line":8,"column":120}},"7":{"start":{"line":9,"column":0},"end":{"line":9,"column":87}},"8":{"start":{"line":11,"column":32},"end":{"line":11,"column":null}},"9":{"start":{"line":11,"column":38},"end":{"line":36,"column":2}},"10":{"start":{"line":11,"column":13},"end":{"line":11,"column":32}}},"fnMap":{"0":{"name":"(anonymous_1)","decl":{"start":{"line":11,"column":32},"end":{"line":11,"column":38}},"loc":{"start":{"line":11,"column":32},"end":{"line":11,"column":null}}}},"branchMap":{},"s":{"0":1,"1":1,"2":1,"3":1,"4":1,"5":1,"6":1,"7":1,"8":1,"9":4,"10":1},"f":{"0":4},"b":{}}
,"/home/whoami/frontend/commerce-projects/df_boilerplate-main/src/templates/WelcomePages/WelcomePage7/data.ts": {"path":"/home/whoami/frontend/commerce-projects/df_boilerplate-main/src/templates/WelcomePages/WelcomePage7/data.ts","statementMap":{"0":{"start":{"line":7,"column":13},"end":{"line":23,"column":2}},"1":{"start":{"line":25,"column":13},"end":{"line":36,"column":2}}},"fnMap":{"0":{"name":"(anonymous_0)","decl":{"start":{"line":11,"column":11},"end":{"line":11,"column":18}},"loc":{"start":{"line":11,"column":11},"end":{"line":11,"column":19}}},"1":{"name":"(anonymous_1)","decl":{"start":{"line":16,"column":11},"end":{"line":16,"column":18}},"loc":{"start":{"line":16,"column":11},"end":{"line":16,"column":19}}},"2":{"name":"(anonymous_2)","decl":{"start":{"line":21,"column":11},"end":{"line":21,"column":18}},"loc":{"start":{"line":21,"column":11},"end":{"line":21,"column":19}}},"3":{"name":"(anonymous_3)","decl":{"start":{"line":26,"column":31},"end":{"line":26,"column":38}},"loc":{"start":{"line":26,"column":31},"end":{"line":26,"column":39}}},"4":{"name":"(anonymous_4)","decl":{"start":{"line":27,"column":32},"end":{"line":27,"column":39}},"loc":{"start":{"line":27,"column":32},"end":{"line":27,"column":40}}},"5":{"name":"(anonymous_5)","decl":{"start":{"line":28,"column":31},"end":{"line":28,"column":38}},"loc":{"start":{"line":28,"column":31},"end":{"line":28,"column":39}}},"6":{"name":"(anonymous_6)","decl":{"start":{"line":29,"column":32},"end":{"line":29,"column":39}},"loc":{"start":{"line":29,"column":32},"end":{"line":29,"column":40}}},"7":{"name":"(anonymous_7)","decl":{"start":{"line":30,"column":31},"end":{"line":30,"column":38}},"loc":{"start":{"line":30,"column":31},"end":{"line":30,"column":39}}},"8":{"name":"(anonymous_8)","decl":{"start":{"line":31,"column":32},"end":{"line":31,"column":39}},"loc":{"start":{"line":31,"column":32},"end":{"line":31,"column":40}}},"9":{"name":"(anonymous_9)","decl":{"start":{"line":32,"column":31},"end":{"line":32,"column":38}},"loc":{"start":{"line":32,"column":31},"end":{"line":32,"column":39}}},"10":{"name":"(anonymous_10)","decl":{"start":{"line":33,"column":32},"end":{"line":33,"column":39}},"loc":{"start":{"line":33,"column":32},"end":{"line":33,"column":40}}},"11":{"name":"(anonymous_11)","decl":{"start":{"line":34,"column":31},"end":{"line":34,"column":38}},"loc":{"start":{"line":34,"column":31},"end":{"line":34,"column":39}}},"12":{"name":"(anonymous_12)","decl":{"start":{"line":35,"column":33},"end":{"line":35,"column":40}},"loc":{"start":{"line":35,"column":33},"end":{"line":35,"column":41}}}},"branchMap":{},"s":{"0":1,"1":1},"f":{"0":0,"1":0,"2":0,"3":0,"4":0,"5":0,"6":0,"7":0,"8":0,"9":0,"10":0,"11":0,"12":0},"b":{}}
,"/home/whoami/frontend/commerce-projects/df_boilerplate-main/src/templates/WelcomePages/WelcomePage8/WelcomePage8.tsx": {"path":"/home/whoami/frontend/commerce-projects/df_boilerplate-main/src/templates/WelcomePages/WelcomePage8/WelcomePage8.tsx","statementMap":{"0":{"start":{"line":2,"column":0},"end":{"line":2,"column":53}},"1":{"start":{"line":3,"column":0},"end":{"line":3,"column":44}},"2":{"start":{"line":4,"column":0},"end":{"line":4,"column":97}},"3":{"start":{"line":5,"column":0},"end":{"line":5,"column":67}},"4":{"start":{"line":6,"column":0},"end":{"line":6,"column":112}},"5":{"start":{"line":7,"column":0},"end":{"line":7,"column":120}},"6":{"start":{"line":9,"column":32},"end":{"line":9,"column":null}},"7":{"start":{"line":9,"column":38},"end":{"line":26,"column":2}},"8":{"start":{"line":9,"column":13},"end":{"line":9,"column":32}}},"fnMap":{"0":{"name":"(anonymous_1)","decl":{"start":{"line":9,"column":32},"end":{"line":9,"column":38}},"loc":{"start":{"line":9,"column":32},"end":{"line":9,"column":null}}}},"branchMap":{},"s":{"0":1,"1":1,"2":1,"3":1,"4":1,"5":1,"6":1,"7":4,"8":1},"f":{"0":4},"b":{}}
,"/home/whoami/frontend/commerce-projects/df_boilerplate-main/src/templates/WelcomePages/WelcomePage8/data.ts": {"path":"/home/whoami/frontend/commerce-projects/df_boilerplate-main/src/templates/WelcomePages/WelcomePage8/data.ts","statementMap":{"0":{"start":{"line":7,"column":13},"end":{"line":23,"column":2}},"1":{"start":{"line":25,"column":13},"end":{"line":36,"column":2}}},"fnMap":{"0":{"name":"(anonymous_0)","decl":{"start":{"line":11,"column":11},"end":{"line":11,"column":18}},"loc":{"start":{"line":11,"column":11},"end":{"line":11,"column":19}}},"1":{"name":"(anonymous_1)","decl":{"start":{"line":16,"column":11},"end":{"line":16,"column":18}},"loc":{"start":{"line":16,"column":11},"end":{"line":16,"column":19}}},"2":{"name":"(anonymous_2)","decl":{"start":{"line":21,"column":11},"end":{"line":21,"column":18}},"loc":{"start":{"line":21,"column":11},"end":{"line":21,"column":19}}},"3":{"name":"(anonymous_3)","decl":{"start":{"line":26,"column":31},"end":{"line":26,"column":38}},"loc":{"start":{"line":26,"column":31},"end":{"line":26,"column":39}}},"4":{"name":"(anonymous_4)","decl":{"start":{"line":27,"column":32},"end":{"line":27,"column":39}},"loc":{"start":{"line":27,"column":32},"end":{"line":27,"column":40}}},"5":{"name":"(anonymous_5)","decl":{"start":{"line":28,"column":31},"end":{"line":28,"column":38}},"loc":{"start":{"line":28,"column":31},"end":{"line":28,"column":39}}},"6":{"name":"(anonymous_6)","decl":{"start":{"line":29,"column":32},"end":{"line":29,"column":39}},"loc":{"start":{"line":29,"column":32},"end":{"line":29,"column":40}}},"7":{"name":"(anonymous_7)","decl":{"start":{"line":30,"column":31},"end":{"line":30,"column":38}},"loc":{"start":{"line":30,"column":31},"end":{"line":30,"column":39}}},"8":{"name":"(anonymous_8)","decl":{"start":{"line":31,"column":32},"end":{"line":31,"column":39}},"loc":{"start":{"line":31,"column":32},"end":{"line":31,"column":40}}},"9":{"name":"(anonymous_9)","decl":{"start":{"line":32,"column":31},"end":{"line":32,"column":38}},"loc":{"start":{"line":32,"column":31},"end":{"line":32,"column":39}}},"10":{"name":"(anonymous_10)","decl":{"start":{"line":33,"column":32},"end":{"line":33,"column":39}},"loc":{"start":{"line":33,"column":32},"end":{"line":33,"column":40}}},"11":{"name":"(anonymous_11)","decl":{"start":{"line":34,"column":31},"end":{"line":34,"column":38}},"loc":{"start":{"line":34,"column":31},"end":{"line":34,"column":39}}},"12":{"name":"(anonymous_12)","decl":{"start":{"line":35,"column":33},"end":{"line":35,"column":40}},"loc":{"start":{"line":35,"column":33},"end":{"line":35,"column":41}}}},"branchMap":{},"s":{"0":1,"1":1},"f":{"0":0,"1":0,"2":0,"3":0,"4":0,"5":0,"6":0,"7":0,"8":0,"9":0,"10":0,"11":0,"12":0},"b":{}}
}
