TN:
SF:src/TestableRouterUI.tsx
FN:4,(anonymous_0)
FN:6,(anonymous_1)
FN:10,(anonymous_2)
FN:15,(anonymous_3)
FN:16,(anonymous_4)
FNF:5
FNH:5
FNDA:16,(anonymous_0)
FNDA:16,(anonymous_1)
FNDA:16,(anonymous_2)
FNDA:12,(anonymous_3)
FNDA:16,(anonymous_4)
DA:1,4
DA:2,4
DA:4,4
DA:5,16
DA:6,16
DA:9,16
DA:11,16
DA:15,12
DA:16,16
DA:23,16
LF:10
LH:10
BRF:0
BRH:0
end_of_record
TN:
SF:src/primitives/BadgePrmt/BadgePrmt.tsx
FN:8,(anonymous_0)
FNF:1
FNH:1
FNDA:40,(anonymous_0)
DA:1,1
DA:8,40
DA:9,40
LF:3
LH:3
BRF:0
BRH:0
end_of_record
TN:
SF:src/primitives/ColPrmt/ColPrmt.tsx
FN:15,(anonymous_0)
FNF:1
FNH:1
FNDA:120,(anonymous_0)
DA:1,5
DA:15,120
DA:16,120
LF:3
LH:3
BRF:0
BRH:0
end_of_record
TN:
SF:src/primitives/FiltersSearchListPrmt/FiltersSearchListPrmt.tsx
FN:11,(anonymous_1)
FNF:1
FNH:1
FNDA:4,(anonymous_1)
DA:2,1
DA:3,1
DA:4,1
DA:5,1
DA:11,4
DA:12,4
DA:14,4
LF:7
LH:7
BRF:0
BRH:0
end_of_record
TN:
SF:src/primitives/FiltersSearchListPrmt/filtersSearchListPrmt.styles.ts
FN:7,(anonymous_1)
FNF:1
FNH:1
FNDA:2503,(anonymous_1)
DA:1,6
DA:2,6
DA:4,6
DA:5,6
DA:7,2503
LF:5
LH:5
BRDA:8,0,0,2503
BRDA:8,0,1,6
BRDA:11,1,0,2503
BRDA:11,1,1,6
BRDA:14,2,0,2503
BRDA:14,2,1,6
BRDA:17,3,0,2503
BRDA:17,3,1,6
BRDA:20,4,0,2503
BRDA:20,4,1,6
BRDA:26,5,0,2503
BRDA:26,5,1,6
BRDA:29,6,0,2503
BRDA:29,6,1,6
BRDA:32,7,0,2503
BRDA:32,7,1,6
BRDA:35,8,0,2503
BRDA:35,8,1,6
BRDA:36,9,0,2503
BRDA:36,9,1,6
BRDA:40,10,0,2503
BRDA:40,10,1,6
BRDA:43,11,0,2503
BRDA:43,11,1,6
BRDA:46,12,0,2503
BRDA:46,12,1,6
BRF:26
BRH:26
end_of_record
TN:
SF:src/primitives/FiltersSearchListPrmt/FiltersSearchListContainerPrmt/FiltersSearchListContainerPrmt.tsx
FN:10,(anonymous_0)
FNF:1
FNH:1
FNDA:4,(anonymous_0)
DA:1,1
DA:2,1
DA:3,1
DA:4,1
DA:10,4
DA:11,4
DA:12,4
DA:14,4
LF:8
LH:8
BRDA:15,0,0,0
BRDA:15,0,1,4
BRF:2
BRH:1
end_of_record
TN:
SF:src/primitives/FiltersSearchListPrmt/FiltersSearchListItemPrmt/FiltersSearchListItemPrmt.tsx
FN:13,(anonymous_1)
FNF:1
FNH:1
FNDA:17,(anonymous_1)
DA:2,1
DA:3,1
DA:4,1
DA:5,1
DA:6,1
DA:7,1
DA:13,17
LF:7
LH:7
BRDA:17,0,0,17
BRDA:17,0,1,15
BRDA:23,1,0,17
BRDA:23,1,1,2
BRDA:31,2,0,17
BRDA:31,2,1,15
BRF:6
BRH:6
end_of_record
TN:
SF:src/primitives/FiltersSearchListPrmt/FiltersSearchListItemPrmt/FiltersSearchListItemGridsPrmt/FiltersSearchListItemGridsPrmt.tsx
FN:10,(anonymous_0)
FNF:1
FNH:1
FNDA:12,(anonymous_0)
DA:1,1
DA:3,1
DA:4,1
DA:10,12
DA:11,12
DA:13,12
LF:6
LH:6
BRF:0
BRH:0
end_of_record
TN:
SF:src/primitives/FiltersSearchListPrmt/FiltersSearchListItemPrmt/FiltersSearchListItemMobilePrmt/FiltersSearchListItemMobilePrmt.tsx
FN:13,(anonymous_1)
FN:20,(anonymous_2)
FNF:2
FNH:2
FNDA:15,(anonymous_1)
FNDA:10,(anonymous_2)
DA:2,1
DA:3,1
DA:4,1
DA:5,1
DA:6,1
DA:7,1
DA:13,15
DA:14,15
DA:16,15
DA:20,10
LF:10
LH:10
BRDA:20,0,0,0
BRDA:20,0,1,15
BRDA:20,1,0,15
BRDA:20,1,1,15
BRDA:27,2,0,15
BRDA:27,2,1,15
BRDA:33,3,0,15
BRDA:33,3,1,15
BRDA:34,4,0,15
BRDA:34,4,1,0
BRF:10
BRH:8
end_of_record
TN:
SF:src/primitives/FiltersSearchListPrmt/FiltersSearchListItemPrmt/FiltersSearchListItemMobilePrmt/FiltersSearchListItemMobileInfoStatusPrmt/FiltersSearchListItemMobileInfoStatusPrmt.tsx
FN:9,(anonymous_0)
FN:12,(anonymous_1)
FNF:2
FNH:2
FNDA:1028,(anonymous_0)
FNDA:906,(anonymous_1)
DA:1,6
DA:2,6
DA:3,6
DA:9,1028
DA:10,1028
DA:12,1028
DA:13,906
DA:14,906
DA:15,906
DA:18,1028
DA:20,1028
LF:11
LH:11
BRF:0
BRH:0
end_of_record
TN:
SF:src/primitives/FiltersSearchListPrmt/FiltersSearchListItemPrmt/FiltersSearchListItemUsersInfoPrmt/FiltersSearchListItemUsersInfoPrmt.tsx
FN:13,(anonymous_1)
FN:20,(anonymous_2)
FNF:2
FNH:2
FNDA:269,(anonymous_1)
FNDA:801,(anonymous_2)
DA:2,6
DA:3,6
DA:4,6
DA:5,6
DA:6,6
DA:7,6
DA:13,269
DA:14,269
DA:16,269
DA:20,801
LF:10
LH:10
BRDA:20,0,0,2
BRDA:20,0,1,267
BRDA:20,1,0,269
BRDA:20,1,1,267
BRDA:27,2,0,269
BRDA:27,2,1,2
BRF:6
BRH:6
end_of_record
TN:
SF:src/primitives/FiltersSearchListPrmt/FiltersSearchListItemPrmt/FiltersSearchListItemUsersInfoPrmt/FiltersSearchListItemUsersInfoMobilePrmt/FiltersSearchListItemUsersInfoMobilePrmt.tsx
FN:12,(anonymous_1)
FN:18,(anonymous_2)
FNF:2
FNH:2
FNDA:269,(anonymous_1)
FNDA:801,(anonymous_2)
DA:2,6
DA:3,6
DA:4,6
DA:5,6
DA:6,6
DA:12,269
DA:13,269
DA:15,269
DA:18,801
LF:9
LH:9
BRDA:18,0,0,2
BRDA:18,0,1,267
BRDA:18,1,0,269
BRDA:18,1,1,267
BRDA:25,2,0,269
BRDA:25,2,1,2
BRF:6
BRH:6
end_of_record
TN:
SF:src/primitives/FiltersSearchListPrmt/FiltersSearchListItemPrmt/FiltersSearchListItemUsersInfoPrmt/FiltersSearchListItemUsersInfoStatusPrmt/FiltersSearchListItemUsersInfoStatusPrmt.tsx
FN:10,(anonymous_0)
FN:13,(anonymous_1)
FNF:2
FNH:2
FNDA:1020,(anonymous_0)
FNDA:1020,(anonymous_1)
DA:1,6
DA:2,6
DA:3,6
DA:4,6
DA:10,1020
DA:11,1020
DA:13,1020
DA:14,1020
DA:17,1020
DA:19,1020
LF:10
LH:10
BRF:0
BRH:0
end_of_record
TN:
SF:src/primitives/FiltersSearchListPrmt/FiltersSearchListMobilePrmt/FiltersSearchListMobilePrmt.tsx
FN:8,(anonymous_1)
FN:22,(anonymous_2)
FN:25,(anonymous_3)
FNF:3
FNH:2
FNDA:4,(anonymous_1)
FNDA:20,(anonymous_2)
FNDA:0,(anonymous_3)
DA:1,1
DA:2,1
DA:3,1
DA:4,1
DA:5,1
DA:6,1
DA:8,1
DA:9,4
DA:10,4
DA:11,4
DA:13,4
DA:14,4
DA:15,4
DA:17,4
DA:19,4
DA:22,20
DA:25,0
LF:17
LH:16
BRF:0
BRH:0
end_of_record
TN:
SF:src/primitives/FiltersSearchListPrmt/FiltersSearchListMobilePrmt/data.ts
FNF:0
FNH:0
DA:1,1
LF:1
LH:1
BRF:0
BRH:0
end_of_record
TN:
SF:src/primitives/FlexPrmt/FlexPrmt.tsx
FN:15,(anonymous_0)
FNF:1
FNH:1
FNDA:40,(anonymous_0)
DA:2,1
DA:15,40
DA:16,40
LF:3
LH:3
BRF:0
BRH:0
end_of_record
TN:
SF:src/primitives/FooterPrmt/FooterPrmt.tsx
FN:4,(anonymous_0)
FNF:1
FNH:1
FNDA:16,(anonymous_0)
DA:2,3
DA:4,16
LF:2
LH:2
BRF:0
BRH:0
end_of_record
TN:
SF:src/primitives/LayoutPrmt/LayoutPrmt.styles.ts
FN:7,(anonymous_1)
FNF:1
FNH:1
FNDA:234,(anonymous_1)
DA:1,10
DA:3,10
DA:4,10
DA:5,10
DA:7,234
LF:5
LH:5
BRDA:8,0,0,234
BRDA:8,0,1,10
BRDA:11,1,0,234
BRDA:11,1,1,10
BRDA:17,2,0,234
BRDA:17,2,1,10
BRDA:23,3,0,234
BRDA:23,3,1,10
BRDA:29,4,0,234
BRDA:29,4,1,10
BRDA:34,5,0,234
BRDA:34,5,1,10
BRDA:41,6,0,234
BRDA:41,6,1,10
BRF:14
BRH:14
end_of_record
TN:
SF:src/primitives/LayoutPrmt/LayoutPrmt.tsx
FN:17,(anonymous_0)
FN:23,(anonymous_1)
FN:25,(anonymous_2)
FNF:3
FNH:3
FNDA:52,(anonymous_0)
FNDA:52,(anonymous_1)
FNDA:52,(anonymous_2)
DA:1,10
DA:2,10
DA:3,10
DA:4,10
DA:5,10
DA:6,10
DA:17,52
DA:18,104
DA:19,52
DA:21,52
DA:23,52
DA:24,52
DA:25,52
DA:28,52
LF:14
LH:14
BRDA:24,0,0,16
BRDA:35,1,0,52
BRDA:35,1,1,16
BRF:3
BRH:3
end_of_record
TN:
SF:src/primitives/LayoutPrmt/HomeHeaderPrmt/HomeHeaderPrmt.tsx
FN:16,(anonymous_1)
FN:19,(anonymous_2)
FN:25,(anonymous_3)
FNF:3
FNH:2
FNDA:52,(anonymous_1)
FNDA:52,(anonymous_2)
FNDA:0,(anonymous_3)
DA:1,10
DA:2,10
DA:3,10
DA:4,10
DA:5,10
DA:6,10
DA:7,10
DA:8,10
DA:16,52
DA:17,52
DA:19,52
DA:20,52
DA:21,4
DA:25,52
DA:26,0
DA:27,0
DA:30,52
DA:31,52
DA:33,52
LF:19
LH:17
BRDA:20,0,0,4
BRDA:26,1,0,0
BRDA:26,1,1,0
BRF:3
BRH:1
end_of_record
TN:
SF:src/primitives/LayoutPrmt/HomeHeaderPrmt/BurgerMenuPrmt/BurgerMenuPrmt.tsx
FN:5,(anonymous_1)
FNF:1
FNH:1
FNDA:13,(anonymous_1)
DA:1,10
DA:2,10
DA:5,13
LF:3
LH:3
BRF:0
BRH:0
end_of_record
TN:
SF:src/primitives/LayoutPrmt/HomeHeaderPrmt/HomeHeaderMobilePrmt/HomeHeaderMobilePrmt.tsx
FN:13,(anonymous_1)
FNF:1
FNH:1
FNDA:52,(anonymous_1)
DA:2,10
DA:3,10
DA:4,10
DA:5,10
DA:6,10
DA:7,10
DA:13,52
DA:14,52
DA:15,52
DA:17,52
LF:10
LH:10
BRF:0
BRH:0
end_of_record
TN:
SF:src/primitives/LayoutPrmt/HomeHeaderPrmt/LogoPrmt/LogoPrmt.tsx
FN:8,(anonymous_1)
FN:10,(anonymous_2)
FNF:2
FNH:1
FNDA:39,(anonymous_1)
FNDA:0,(anonymous_2)
DA:2,10
DA:8,39
DA:10,0
LF:3
LH:2
BRF:0
BRH:0
end_of_record
TN:
SF:src/primitives/LayoutPrmt/HomeSidebarPrmt/HomeSidebarPrmt.tsx
FN:11,(anonymous_1)
FN:15,(anonymous_2)
FN:19,(anonymous_3)
FN:23,(anonymous_4)
FN:28,(anonymous_5)
FNF:5
FNH:3
FNDA:52,(anonymous_1)
FNDA:0,(anonymous_2)
FNDA:0,(anonymous_3)
FNDA:52,(anonymous_4)
FNDA:26,(anonymous_5)
DA:1,10
DA:2,10
DA:3,10
DA:4,10
DA:5,10
DA:11,52
DA:12,52
DA:13,52
DA:15,52
DA:16,0
DA:19,52
DA:20,0
DA:23,52
DA:24,52
DA:25,52
DA:26,26
DA:27,26
DA:28,26
DA:29,26
DA:30,26
DA:35,52
DA:36,52
DA:38,52
LF:23
LH:21
BRDA:25,0,0,26
BRDA:40,1,0,52
BRDA:40,1,1,0
BRF:3
BRH:2
end_of_record
TN:
SF:src/primitives/LayoutPrmt/HomeSidebarPrmt/HomeSidebarNavigationPrmt/HomeSidebarNavigationPrmt.tsx
FN:11,(anonymous_1)
FN:16,(anonymous_2)
FNF:2
FNH:2
FNDA:26,(anonymous_1)
FNDA:78,(anonymous_2)
DA:2,10
DA:3,10
DA:4,10
DA:11,26
DA:12,26
DA:14,26
DA:16,78
LF:7
LH:7
BRDA:19,0,0,78
BRDA:19,0,1,0
BRF:2
BRH:1
end_of_record
TN:
SF:src/primitives/OrderListPreviewPrmt/OrdersListPreviewPrmt.styles.ts
FN:7,(anonymous_1)
FNF:1
FNH:1
FNDA:376,(anonymous_1)
DA:1,5
DA:2,5
DA:4,5
DA:5,5
DA:7,376
LF:5
LH:5
BRDA:8,0,0,376
BRDA:8,0,1,5
BRDA:13,1,0,376
BRDA:13,1,1,5
BRDA:18,2,0,376
BRDA:18,2,1,5
BRDA:23,3,0,376
BRDA:23,3,1,5
BRDA:28,4,0,376
BRDA:28,4,1,5
BRDA:33,5,0,376
BRDA:33,5,1,5
BRDA:36,6,0,376
BRDA:36,6,1,5
BRDA:44,7,0,376
BRDA:44,7,1,5
BRF:16
BRH:16
end_of_record
TN:
SF:src/primitives/OrderListPreviewPrmt/OrderListContainerPrmt/OrderListContainerPrmt.tsx
FN:8,(anonymous_0)
FNF:1
FNH:1
FNDA:20,(anonymous_0)
DA:1,3
DA:2,3
DA:3,3
DA:8,20
DA:9,20
DA:10,20
DA:12,20
LF:7
LH:7
BRDA:12,0,0,0
BRDA:12,0,1,20
BRF:2
BRH:1
end_of_record
TN:
SF:src/primitives/OrderListPreviewPrmt/OrderListContainerPrmt/OrderListItemPrmt/OrderListItemPrmt.tsx
FN:11,(anonymous_0)
FNF:1
FNH:1
FNDA:288,(anonymous_0)
DA:2,5
DA:3,5
DA:4,5
DA:5,5
DA:11,288
DA:12,288
DA:13,288
LF:7
LH:7
BRDA:15,0,0,288
BRDA:15,0,1,252
BRDA:23,1,0,288
BRDA:23,1,1,36
BRF:4
BRH:4
end_of_record
TN:
SF:src/primitives/OrderListPreviewPrmt/OrderListDiffContainerPrmt/OrderListDiffContainerPrmt.tsx
FN:9,(anonymous_0)
FNF:1
FNH:1
FNDA:24,(anonymous_0)
DA:1,2
DA:2,2
DA:3,2
DA:9,24
DA:10,24
DA:11,24
DA:13,24
LF:7
LH:7
BRDA:13,0,0,0
BRDA:13,0,1,24
BRF:2
BRH:1
end_of_record
TN:
SF:src/primitives/OrderListPreviewPrmt/OrderListPreviewContainerPrmt/OrderListPreviewContainerPrmt.tsx
FN:8,(anonymous_0)
FNF:1
FNH:1
FNDA:44,(anonymous_0)
DA:2,5
DA:8,44
LF:2
LH:2
BRF:0
BRH:0
end_of_record
TN:
SF:src/primitives/OrderListPreviewPrmt/OrderListPreviewGridsPrmt/OrderListPreviewGridsPrmt.tsx
FN:10,(anonymous_0)
FN:12,(anonymous_1)
FNF:2
FNH:2
FNDA:252,(anonymous_0)
FNDA:504,(anonymous_1)
DA:2,5
DA:3,5
DA:4,5
DA:10,252
DA:12,504
LF:5
LH:5
BRF:0
BRH:0
end_of_record
TN:
SF:src/primitives/OrderListPreviewPrmt/OrderPrmt/OrderPrmt.tsx
FN:5,(anonymous_0)
FNF:1
FNH:1
FNDA:44,(anonymous_0)
DA:2,5
DA:3,5
DA:5,5
DA:6,44
DA:8,44
LF:5
LH:5
BRF:0
BRH:0
end_of_record
TN:
SF:src/primitives/OrderTabsPrmt/OrderTabsPrmt.styles.ts
FN:3,(anonymous_1)
FNF:1
FNH:1
FNDA:8,(anonymous_1)
DA:1,1
DA:3,8
LF:2
LH:2
BRDA:4,0,0,8
BRDA:4,0,1,1
BRDA:21,1,0,8
BRDA:21,1,1,1
BRDA:29,2,0,8
BRDA:29,2,1,1
BRF:6
BRH:6
end_of_record
TN:
SF:src/primitives/OrderTabsPrmt/OrderTabsPrmt.tsx
FN:9,(anonymous_0)
FNF:1
FNH:1
FNDA:8,(anonymous_0)
DA:2,1
DA:3,1
DA:9,8
DA:10,8
DA:12,8
LF:5
LH:5
BRF:0
BRH:0
end_of_record
TN:
SF:src/primitives/OrdersFilterPrmt/OrdersFilterContextPrmt.tsx
FN:16,(anonymous_0)
FN:18,(anonymous_1)
FN:21,(anonymous_2)
FN:26,(anonymous_3)
FNF:4
FNH:2
FNDA:0,(anonymous_0)
FNDA:0,(anonymous_1)
FNDA:36,(anonymous_2)
FNDA:36,(anonymous_3)
DA:1,8
DA:14,8
DA:21,36
DA:22,36
DA:23,36
DA:25,36
DA:26,36
DA:35,36
LF:8
LH:8
BRF:0
BRH:0
end_of_record
TN:
SF:src/primitives/OrdersFilterPrmt/data.ts
FNF:0
FNH:0
DA:1,4
DA:27,4
LF:2
LH:2
BRF:0
BRH:0
end_of_record
TN:
SF:src/primitives/OrdersFilterPrmt/OrdersFilterCardsContainerPrmt/OrdersFilterCardsContainerPrmt.tsx
FN:11,(anonymous_1)
FNF:1
FNH:1
FNDA:60,(anonymous_1)
DA:2,8
DA:3,8
DA:4,8
DA:5,8
DA:11,60
DA:12,60
DA:14,60
LF:7
LH:7
BRF:0
BRH:0
end_of_record
TN:
SF:src/primitives/OrdersFilterPrmt/OrdersFilterCardsContainerPrmt/OrdersFilterCardsContainerMobilePrmt/OrdersFilterCardsContainerMobilePrmt.tsx
FN:10,(anonymous_1)
FNF:1
FNH:1
FNDA:60,(anonymous_1)
DA:2,8
DA:3,8
DA:5,8
DA:10,60
DA:11,60
LF:5
LH:5
BRF:0
BRH:0
end_of_record
TN:
SF:src/primitives/OrdersFilterPrmt/OrdersFilterClosedPrmt/OrdersFilterClosedPrmt.styles.ts
FN:6,(anonymous_1)
FNF:1
FNH:1
FNDA:60,(anonymous_1)
DA:1,8
DA:3,8
DA:4,8
DA:6,60
LF:4
LH:4
BRDA:7,0,0,60
BRDA:7,0,1,4
BRDA:10,1,0,60
BRDA:10,1,1,4
BRDA:15,2,0,60
BRDA:15,2,1,4
BRDA:20,3,0,60
BRDA:20,3,1,4
BRDA:27,4,0,60
BRDA:27,4,1,4
BRDA:33,5,0,60
BRDA:33,5,1,4
BRF:12
BRH:12
end_of_record
TN:
SF:src/primitives/OrdersFilterPrmt/OrdersFilterClosedPrmt/OrdersFilterClosedPrmt.tsx
FN:17,(anonymous_1)
FN:20,(anonymous_2)
FN:30,(anonymous_3)
FN:31,(anonymous_4)
FN:32,(anonymous_5)
FN:33,(anonymous_6)
FNF:6
FNH:3
FNDA:24,(anonymous_1)
FNDA:24,(anonymous_2)
FNDA:72,(anonymous_3)
FNDA:0,(anonymous_4)
FNDA:0,(anonymous_5)
FNDA:0,(anonymous_6)
DA:1,8
DA:2,8
DA:3,8
DA:4,8
DA:5,8
DA:6,8
DA:7,8
DA:8,8
DA:9,8
DA:17,24
DA:18,24
DA:20,24
DA:21,24
DA:24,24
DA:26,24
DA:30,72
DA:31,0
DA:32,0
DA:33,0
LF:19
LH:16
BRDA:30,0,0,24
BRDA:30,0,1,24
BRDA:31,1,0,24
BRDA:31,1,1,0
BRDA:32,2,0,24
BRDA:32,2,1,0
BRDA:33,3,0,24
BRDA:33,3,1,24
BRF:8
BRH:6
end_of_record
TN:
SF:src/primitives/OrdersFilterPrmt/OrdersFilterClosedPrmt/OrdersFilterClosedCardsPrmt/OrdersFilterClosedCardsPrmt.tsx
FN:11,(anonymous_0)
FN:19,(anonymous_1)
FNF:2
FNH:2
FNDA:36,(anonymous_0)
FNDA:72,(anonymous_1)
DA:2,8
DA:3,8
DA:4,8
DA:5,8
DA:11,36
DA:12,36
DA:14,36
DA:19,72
LF:8
LH:8
BRF:0
BRH:0
end_of_record
TN:
SF:src/primitives/OrdersFilterPrmt/OrdersFilterDialogsPrmt/OrdersFilterDesktopDialogPrmt/OrdersFilterDesktopDialogPrmt.styles.ts
FN:6,(anonymous_1)
FNF:1
FNH:0
FNDA:0,(anonymous_1)
DA:1,1
DA:3,1
DA:4,1
DA:6,1
LF:4
LH:4
BRDA:7,0,0,0
BRDA:7,0,1,0
BRDA:15,1,0,0
BRDA:15,1,1,0
BRDA:25,2,0,0
BRDA:25,2,1,0
BRF:6
BRH:0
end_of_record
TN:
SF:src/primitives/OrdersFilterPrmt/OrdersFilterDialogsPrmt/OrdersFilterDesktopDialogPrmt/OrdersFilterDesktopDialogPrmt.tsx
FN:18,(anonymous_1)
FN:25,(anonymous_2)
FN:26,(anonymous_3)
FN:30,(anonymous_4)
FN:35,(anonymous_5)
FN:48,(anonymous_6)
FNF:6
FNH:0
FNDA:0,(anonymous_1)
FNDA:0,(anonymous_2)
FNDA:0,(anonymous_3)
FNDA:0,(anonymous_4)
FNDA:0,(anonymous_5)
FNDA:0,(anonymous_6)
DA:1,1
DA:2,1
DA:3,1
DA:4,1
DA:5,1
DA:6,1
DA:7,1
DA:8,1
DA:18,1
DA:19,0
DA:20,0
DA:21,0
DA:23,0
DA:25,0
DA:26,0
DA:27,0
DA:29,0
DA:30,0
DA:31,0
DA:35,0
DA:36,0
DA:41,0
DA:44,0
DA:48,0
LF:24
LH:9
BRDA:27,0,0,0
BRF:1
BRH:0
end_of_record
TN:
SF:src/primitives/OrdersFilterPrmt/OrdersFilterDialogsPrmt/OrdersFilterMobileDialogPrmt/OrdersFilterMobileDialogPrmt.styles.ts
FN:3,(anonymous_1)
FNF:1
FNH:0
FNDA:0,(anonymous_1)
DA:1,1
DA:3,1
LF:2
LH:2
BRDA:4,0,0,0
BRDA:4,0,1,0
BRDA:11,1,0,0
BRDA:11,1,1,0
BRF:4
BRH:0
end_of_record
TN:
SF:src/primitives/OrdersFilterPrmt/OrdersFilterDialogsPrmt/OrdersFilterMobileDialogPrmt/OrdersFilterMobileDialogPrmt.tsx
FN:18,(anonymous_1)
FN:25,(anonymous_2)
FN:26,(anonymous_3)
FN:30,(anonymous_4)
FN:35,(anonymous_5)
FN:47,(anonymous_6)
FNF:6
FNH:0
FNDA:0,(anonymous_1)
FNDA:0,(anonymous_2)
FNDA:0,(anonymous_3)
FNDA:0,(anonymous_4)
FNDA:0,(anonymous_5)
FNDA:0,(anonymous_6)
DA:1,1
DA:2,1
DA:3,1
DA:4,1
DA:5,1
DA:6,1
DA:7,1
DA:8,1
DA:18,1
DA:19,0
DA:20,0
DA:21,0
DA:23,0
DA:25,0
DA:26,0
DA:27,0
DA:29,0
DA:30,0
DA:31,0
DA:35,0
DA:36,0
DA:41,0
DA:44,0
DA:47,0
LF:24
LH:9
BRDA:27,0,0,0
BRF:1
BRH:0
end_of_record
TN:
SF:src/primitives/OrdersFilterPrmt/OrdersFilterOpenedPrmt/OrdersFilterOpened.styles.ts
FN:6,(anonymous_1)
FNF:1
FNH:1
FNDA:172,(anonymous_1)
DA:1,8
DA:3,8
DA:4,8
DA:6,172
LF:4
LH:4
BRDA:7,0,0,172
BRDA:7,0,1,8
BRDA:11,1,0,172
BRDA:11,1,1,8
BRDA:16,2,0,172
BRDA:16,2,1,8
BRDA:26,3,0,172
BRDA:26,3,1,8
BRDA:29,4,0,172
BRDA:29,4,1,8
BRDA:33,5,0,172
BRDA:33,5,1,8
BRDA:42,6,0,172
BRDA:42,6,1,8
BRDA:47,7,0,172
BRDA:47,7,1,8
BRF:16
BRH:16
end_of_record
TN:
SF:src/primitives/OrdersFilterPrmt/OrdersFilterOpenedPrmt/OrdersFilterOpenedPrmt.tsx
FN:18,(anonymous_2)
FN:21,(anonymous_3)
FN:37,(anonymous_4)
FNF:3
FNH:2
FNDA:48,(anonymous_2)
FNDA:0,(anonymous_3)
FNDA:96,(anonymous_4)
DA:1,4
DA:2,4
DA:3,4
DA:4,4
DA:5,4
DA:6,4
DA:7,4
DA:8,4
DA:9,4
DA:10,4
DA:18,48
DA:19,48
DA:21,48
DA:22,0
DA:26,0
DA:29,48
DA:31,48
DA:37,96
LF:18
LH:16
BRDA:34,0,0,48
BRDA:34,0,1,0
BRF:2
BRH:1
end_of_record
TN:
SF:src/primitives/OrdersFilterPrmt/OrdersFilterOpenedPrmt/OrdersFilterOpenedCardsPrmt/OrdersFilterOpenedCardsPrmt.tsx
FN:14,(anonymous_1)
FN:17,(anonymous_2)
FN:32,(anonymous_3)
FNF:3
FNH:2
FNDA:96,(anonymous_1)
FNDA:0,(anonymous_2)
FNDA:192,(anonymous_3)
DA:1,8
DA:2,8
DA:3,8
DA:4,8
DA:5,8
DA:6,8
DA:7,8
DA:14,96
DA:15,96
DA:17,96
DA:18,0
DA:23,0
DA:26,96
DA:28,96
DA:32,192
LF:15
LH:13
BRDA:40,0,0,96
BRDA:40,0,1,36
BRDA:41,1,0,96
BRDA:41,1,1,60
BRF:4
BRH:4
end_of_record
TN:
SF:src/primitives/OrdersFilterPrmt/OrdersFilterOpenedPrmt/OrdersFilterOpenedCardsPrmt/OrdersFilterCardAddItemButtonPrmt/OrdersFilterCardAddItemButtonPrmt.tsx
FN:9,(anonymous_0)
FNF:1
FNH:1
FNDA:36,(anonymous_0)
DA:2,8
DA:3,8
DA:9,36
LF:3
LH:3
BRF:0
BRH:0
end_of_record
TN:
SF:src/primitives/OrdersFilterPrmt/OrdersFilterOpenedPrmt/OrdersFilterOpenedCardsPrmt/OrdersFilterCardAddItemDialogButtonPrmt/OrdersFilterCardAddItemDialogButtonPrmt.tsx
FN:11,(anonymous_1)
FN:17,(anonymous_2)
FNF:2
FNH:1
FNDA:60,(anonymous_1)
FNDA:0,(anonymous_2)
DA:1,8
DA:2,8
DA:3,8
DA:4,8
DA:5,8
DA:11,60
DA:12,60
DA:14,60
DA:15,60
DA:17,60
DA:18,0
DA:19,0
DA:22,60
LF:13
LH:11
BRF:0
BRH:0
end_of_record
TN:
SF:src/primitives/OrdersFilterPrmt/OrdersFilterOpenedPrmt/OrdersFilterOpenedCardsPrmt/OrdersFilterOpenedCardItemPrmt/OrdersFilterOpenedCardItemPrmt.tsx
FN:8,(anonymous_0)
FN:11,(anonymous_1)
FNF:2
FNH:2
FNDA:222,(anonymous_0)
FNDA:144,(anonymous_1)
DA:1,8
DA:2,8
DA:8,222
DA:9,222
DA:11,222
DA:12,144
DA:15,222
LF:7
LH:7
BRF:0
BRH:0
end_of_record
TN:
SF:src/primitives/OrdersFilterPrmt/OrdersFilterOpenedPrmt/OrdersFilterOpenedCardsPrmt/OrdersFilterOpenedCardsAddButtonPrmt/OrdersFilterOpenedCardsAddButtonPrmt.tsx
FN:11,(anonymous_1)
FNF:1
FNH:1
FNDA:48,(anonymous_1)
DA:2,4
DA:3,4
DA:4,4
DA:5,4
DA:11,48
DA:12,48
DA:14,48
LF:7
LH:7
BRF:0
BRH:0
end_of_record
TN:
SF:src/primitives/OrdersFilterPrmt/OrdersFilterOpenedPrmt/OrdersFilterOpenedMobilePrmt/OrdersFilterOpenedMobilePrmt.tsx
FN:15,(anonymous_2)
FN:18,(anonymous_3)
FN:33,(anonymous_4)
FNF:3
FNH:2
FNDA:56,(anonymous_2)
FNDA:0,(anonymous_3)
FNDA:112,(anonymous_4)
DA:1,4
DA:2,4
DA:3,4
DA:4,4
DA:5,4
DA:6,4
DA:7,4
DA:8,4
DA:9,4
DA:15,56
DA:16,56
DA:18,56
DA:19,0
DA:23,0
DA:26,56
DA:28,56
DA:33,112
LF:17
LH:15
BRF:0
BRH:0
end_of_record
TN:
SF:src/primitives/OrdersFilterPrmt/StatusContainerPrmt/StatusContainerContextPrmt.tsx
FN:18,(anonymous_0)
FN:20,(anonymous_1)
FN:22,(anonymous_2)
FN:25,(anonymous_3)
FN:30,(anonymous_4)
FNF:5
FNH:2
FNDA:0,(anonymous_0)
FNDA:0,(anonymous_1)
FNDA:0,(anonymous_2)
FNDA:3244,(anonymous_3)
FNDA:2288,(anonymous_4)
DA:1,8
DA:16,8
DA:25,3244
DA:26,3244
DA:27,3244
DA:28,3244
DA:30,3244
DA:32,3244
LF:8
LH:8
BRF:0
BRH:0
end_of_record
TN:
SF:src/primitives/OrdersFilterPrmt/StatusContainerPrmt/StatusContainerPrmt.tsx
FN:11,(anonymous_0)
FN:14,(anonymous_1)
FNF:2
FNH:2
FNDA:1414,(anonymous_0)
FNDA:2366,(anonymous_1)
DA:2,8
DA:3,8
DA:4,8
DA:5,8
DA:11,1414
DA:14,2366
LF:6
LH:6
BRDA:16,0,0,2366
BRDA:16,0,1,461
BRDA:17,1,0,2366
BRDA:17,1,1,387
BRDA:18,2,0,2366
BRDA:18,2,1,1518
BRF:6
BRH:6
end_of_record
TN:
SF:src/primitives/OrdersFilterPrmt/StatusContainerPrmt/StatusChangedPrmt/StatusChangedPrmt.styles.ts
FN:3,(anonymous_1)
FNF:1
FNH:1
FNDA:387,(anonymous_1)
DA:1,8
DA:3,387
LF:2
LH:2
BRDA:4,0,0,387
BRDA:4,0,1,8
BRDA:9,1,0,387
BRDA:9,1,1,8
BRDA:14,2,0,387
BRDA:14,2,1,8
BRDA:20,3,0,387
BRDA:20,3,1,8
BRDA:25,4,0,387
BRDA:25,4,1,8
BRF:10
BRH:10
end_of_record
TN:
SF:src/primitives/OrdersFilterPrmt/StatusContainerPrmt/StatusChangedPrmt/StatusChangedPrmt.tsx
FN:11,(anonymous_1)
FNF:1
FNH:1
FNDA:387,(anonymous_1)
DA:2,8
DA:3,8
DA:4,8
DA:11,387
DA:12,387
DA:14,387
LF:6
LH:6
BRDA:16,0,0,387
BRDA:16,0,1,135
BRF:2
BRH:2
end_of_record
TN:
SF:src/primitives/OrdersFilterPrmt/StatusContainerPrmt/StatusUnmodifiedPrmt/StatusUnmodifiedPrmt.styles.ts
FN:3,(anonymous_1)
FNF:1
FNH:1
FNDA:461,(anonymous_1)
DA:1,8
DA:3,461
LF:2
LH:2
BRDA:4,0,0,461
BRDA:4,0,1,6
BRDA:9,1,0,461
BRDA:9,1,1,6
BRDA:15,2,0,461
BRDA:15,2,1,6
BRDA:20,3,0,461
BRDA:20,3,1,6
BRF:8
BRH:8
end_of_record
TN:
SF:src/primitives/OrdersFilterPrmt/StatusContainerPrmt/StatusUnmodifiedPrmt/StatusUnmodifiedPrmt.tsx
FN:11,(anonymous_1)
FNF:1
FNH:1
FNDA:461,(anonymous_1)
DA:2,8
DA:3,8
DA:4,8
DA:11,461
DA:12,461
DA:14,461
LF:6
LH:6
BRDA:21,0,0,461
BRDA:21,0,1,257
BRF:2
BRH:2
end_of_record
TN:
SF:src/primitives/OrdersFilterPrmt/StatusContainerPrmt/StatusUpdatedPrmt/StatusUpdatedPrmt.styles.ts
FN:3,(anonymous_1)
FNF:1
FNH:1
FNDA:1318,(anonymous_1)
DA:1,8
DA:3,1318
LF:2
LH:2
BRDA:4,0,0,1318
BRDA:4,0,1,8
BRDA:9,1,0,1318
BRDA:9,1,1,8
BRDA:15,2,0,1318
BRDA:15,2,1,8
BRDA:20,3,0,1318
BRDA:20,3,1,8
BRDA:25,4,0,1318
BRDA:25,4,1,8
BRDA:30,5,0,1318
BRDA:30,5,1,8
BRF:12
BRH:12
end_of_record
TN:
SF:src/primitives/OrdersFilterPrmt/StatusContainerPrmt/StatusUpdatedPrmt/StatusUpdatedPrmt.tsx
FN:13,(anonymous_1)
FNF:1
FNH:1
FNDA:1518,(anonymous_1)
DA:2,8
DA:3,8
DA:4,8
DA:5,8
DA:6,8
DA:13,1518
DA:14,1518
DA:16,1518
LF:8
LH:8
BRDA:25,0,0,1518
BRDA:25,0,1,122
BRF:2
BRH:2
end_of_record
TN:
SF:src/primitives/PaginationPrmt/PaginationPrmt.tsx
FN:9,(anonymous_0)
FNF:1
FNH:1
FNDA:44,(anonymous_0)
DA:2,5
DA:9,44
DA:10,44
LF:3
LH:3
BRF:0
BRH:0
end_of_record
TN:
SF:src/primitives/RowPrmt/RowPrmt.tsx
FN:9,(anonymous_0)
FNF:1
FNH:1
FNDA:16,(anonymous_0)
DA:1,3
DA:9,16
DA:10,16
LF:3
LH:3
BRF:0
BRH:0
end_of_record
TN:
SF:src/primitives/ThemeWrapperPrmt/ThemeContextPrmt.tsx
FN:16,(anonymous_0)
FN:18,(anonymous_1)
FN:21,(anonymous_2)
FN:24,(anonymous_3)
FN:31,(anonymous_4)
FNF:5
FNH:5
FNDA:4,(anonymous_0)
FNDA:68,(anonymous_1)
FNDA:6,(anonymous_2)
FNDA:6,(anonymous_3)
FNDA:6,(anonymous_4)
DA:1,11
DA:14,11
DA:21,11
DA:22,6
DA:24,6
DA:25,6
DA:28,6
DA:30,6
DA:31,6
DA:40,6
LF:10
LH:10
BRDA:22,0,0,6
BRDA:22,0,1,0
BRDA:22,1,0,6
BRDA:22,1,1,6
BRF:4
BRH:3
end_of_record
TN:
SF:src/primitives/WelcomePrmt/WelcomePrmt.styles.ts
FN:6,(anonymous_1)
FNF:1
FNH:1
FNDA:32,(anonymous_1)
DA:1,8
DA:3,8
DA:4,8
DA:6,32
LF:4
LH:4
BRDA:7,0,0,32
BRDA:7,0,1,8
BRDA:10,1,0,32
BRDA:10,1,1,8
BRDA:15,2,0,32
BRDA:15,2,1,8
BRDA:20,3,0,32
BRDA:20,3,1,8
BRDA:23,4,0,32
BRDA:23,4,1,8
BRF:10
BRH:10
end_of_record
TN:
SF:src/primitives/WelcomePrmt/WelcomePrmt.tsx
FN:12,(anonymous_0)
FN:21,(anonymous_1)
FNF:2
FNH:2
FNDA:32,(anonymous_0)
FNDA:96,(anonymous_1)
DA:1,8
DA:3,8
DA:10,8
DA:12,32
DA:13,32
DA:15,32
DA:21,96
LF:7
LH:7
BRF:0
BRH:0
end_of_record
TN:
SF:src/primitives/WelcomePrmt/FourImagesBgPrmt/FourImagesBgPrmt.styles.ts
FN:5,(anonymous_1)
FNF:1
FNH:1
FNDA:16,(anonymous_1)
DA:1,4
DA:3,4
DA:5,16
LF:3
LH:3
BRDA:6,0,0,16
BRDA:6,0,1,4
BRF:2
BRH:2
end_of_record
TN:
SF:src/primitives/WelcomePrmt/FourImagesBgPrmt/FourImagesBgPrmt.tsx
FN:10,(anonymous_1)
FN:15,(anonymous_2)
FNF:2
FNH:2
FNDA:16,(anonymous_1)
FNDA:64,(anonymous_2)
DA:2,4
DA:3,4
DA:10,16
DA:11,16
DA:13,16
DA:15,64
LF:6
LH:6
BRDA:15,0,0,0
BRDA:15,0,1,16
BRDA:15,1,0,16
BRDA:15,1,1,16
BRF:4
BRH:3
end_of_record
TN:
SF:src/primitives/WelcomePrmt/SingleImageBgPrmt/SingleImageBgPrmt.styles.ts
FN:5,(anonymous_1)
FNF:1
FNH:1
FNDA:16,(anonymous_1)
DA:1,4
DA:3,4
DA:5,16
LF:3
LH:3
BRDA:6,0,0,16
BRDA:6,0,1,4
BRF:2
BRH:2
end_of_record
TN:
SF:src/primitives/WelcomePrmt/SingleImageBgPrmt/SingleImageBgPrmt.tsx
FN:10,(anonymous_1)
FNF:1
FNH:1
FNDA:16,(anonymous_1)
DA:2,4
DA:3,4
DA:10,16
DA:11,16
DA:13,16
LF:5
LH:5
BRF:0
BRH:0
end_of_record
TN:
SF:src/primitives/WelcomePrmt/WelcomeAuthButtonsPrmt/WelcomeAuthButtonsPrmt.tsx
FN:8,(anonymous_0)
FNF:1
FNH:1
FNDA:27,(anonymous_0)
DA:2,8
DA:8,27
LF:2
LH:2
BRF:0
BRH:0
end_of_record
TN:
SF:src/primitives/WelcomePrmt/WelcomeAuthButtonsPrmt/WelcomeButtonPrmt/WelcomeButtonPrmt.tsx
FN:9,(anonymous_0)
FNF:1
FNH:1
FNDA:166,(anonymous_0)
DA:2,8
DA:9,166
LF:2
LH:2
BRF:0
BRH:0
end_of_record
TN:
SF:src/templates/DiffClosedCardsPage/DiffClosedCardsPage.tsx
FN:15,(anonymous_0)
FNF:1
FNH:1
FNDA:4,(anonymous_0)
DA:2,1
DA:3,1
DA:4,1
DA:5,1
DA:6,1
DA:7,1
DA:8,1
DA:9,1
DA:10,1
DA:11,1
DA:12,1
DA:13,1
DA:15,4
LF:13
LH:13
BRF:0
BRH:0
end_of_record
TN:
SF:src/templates/DiffClosedCardsPage/data.ts
FN:5,(anonymous_0)
FN:10,(anonymous_1)
FN:15,(anonymous_2)
FNF:3
FNH:0
FNDA:0,(anonymous_0)
FNDA:0,(anonymous_1)
FNDA:0,(anonymous_2)
DA:1,1
DA:19,1
DA:334,1
LF:3
LH:3
BRF:0
BRH:0
end_of_record
TN:
SF:src/templates/DiffOpenedCardsPage/DiffOpenedCardsPage.tsx
FN:14,(anonymous_0)
FNF:1
FNH:1
FNDA:4,(anonymous_0)
DA:2,1
DA:3,1
DA:4,1
DA:5,1
DA:6,1
DA:7,1
DA:8,1
DA:9,1
DA:10,1
DA:11,1
DA:12,1
DA:14,4
LF:12
LH:12
BRF:0
BRH:0
end_of_record
TN:
SF:src/templates/DiffOpenedCardsPage/data.ts
FN:5,(anonymous_0)
FN:10,(anonymous_1)
FN:15,(anonymous_2)
FNF:3
FNH:0
FNDA:0,(anonymous_0)
FNDA:0,(anonymous_1)
FNDA:0,(anonymous_2)
DA:1,1
DA:19,1
DA:334,1
LF:3
LH:3
BRF:0
BRH:0
end_of_record
TN:
SF:src/templates/DiffOpenedCardsWithDialogPage/DiffOpenedCardsWithDialogPage.tsx
FN:16,(anonymous_0)
FNF:1
FNH:1
FNDA:8,(anonymous_0)
DA:2,1
DA:3,1
DA:4,1
DA:5,1
DA:6,1
DA:7,1
DA:8,1
DA:9,1
DA:10,1
DA:11,1
DA:12,1
DA:13,1
DA:14,1
DA:16,8
LF:14
LH:14
BRF:0
BRH:0
end_of_record
TN:
SF:src/templates/DiffOpenedCardsWithDialogPage/data.ts
FN:5,(anonymous_0)
FN:10,(anonymous_1)
FN:15,(anonymous_2)
FNF:3
FNH:0
FNDA:0,(anonymous_0)
FNDA:0,(anonymous_1)
FNDA:0,(anonymous_2)
DA:1,1
DA:19,1
DA:334,1
LF:3
LH:3
BRF:0
BRH:0
end_of_record
TN:
SF:src/templates/HomePage/HomePage.tsx
FN:5,(anonymous_0)
FNF:1
FNH:1
FNDA:4,(anonymous_0)
DA:2,1
DA:3,1
DA:5,4
LF:3
LH:3
BRF:0
BRH:0
end_of_record
TN:
SF:src/templates/HomePage/data.ts
FN:5,(anonymous_0)
FN:10,(anonymous_1)
FN:15,(anonymous_2)
FNF:3
FNH:0
FNDA:0,(anonymous_0)
FNDA:0,(anonymous_1)
FNDA:0,(anonymous_2)
DA:1,1
LF:1
LH:1
BRF:0
BRH:0
end_of_record
TN:
SF:src/templates/OrderListPreviewPage/OrderListPreviewPage.tsx
FN:13,(anonymous_0)
FNF:1
FNH:1
FNDA:4,(anonymous_0)
DA:2,1
DA:3,1
DA:4,1
DA:5,1
DA:6,1
DA:7,1
DA:8,1
DA:9,1
DA:10,1
DA:11,1
DA:13,4
LF:11
LH:11
BRF:0
BRH:0
end_of_record
TN:
SF:src/templates/OrderListPreviewPage/data.ts
FN:5,(anonymous_0)
FN:10,(anonymous_1)
FN:15,(anonymous_2)
FNF:3
FNH:0
FNDA:0,(anonymous_0)
FNDA:0,(anonymous_1)
FNDA:0,(anonymous_2)
DA:1,1
DA:19,1
DA:334,1
LF:3
LH:3
BRF:0
BRH:0
end_of_record
TN:
SF:src/templates/OrderPage/OrderPage.tsx
FN:9,(anonymous_0)
FNF:1
FNH:1
FNDA:8,(anonymous_0)
DA:2,1
DA:3,1
DA:4,1
DA:5,1
DA:6,1
DA:7,1
DA:9,8
LF:7
LH:7
BRF:0
BRH:0
end_of_record
TN:
SF:src/templates/OrderPage/data.tsx
FN:5,(anonymous_0)
FN:10,(anonymous_1)
FN:15,(anonymous_2)
FNF:3
FNH:0
FNDA:0,(anonymous_0)
FNDA:0,(anonymous_1)
FNDA:0,(anonymous_2)
DA:1,1
DA:19,1
LF:2
LH:2
BRF:0
BRH:0
end_of_record
TN:
SF:src/templates/OrdersFilterClosedPage/OrdersFilterClosedPage.tsx
FN:9,(anonymous_0)
FNF:1
FNH:1
FNDA:4,(anonymous_0)
DA:2,1
DA:3,1
DA:4,1
DA:5,1
DA:6,1
DA:7,1
DA:9,4
LF:7
LH:7
BRF:0
BRH:0
end_of_record
TN:
SF:src/templates/OrdersFilterClosedPage/data.ts
FN:5,(anonymous_0)
FN:10,(anonymous_1)
FN:15,(anonymous_2)
FNF:3
FNH:0
FNDA:0,(anonymous_0)
FNDA:0,(anonymous_1)
FNDA:0,(anonymous_2)
DA:1,1
DA:19,1
DA:166,1
LF:3
LH:3
BRF:0
BRH:0
end_of_record
TN:
SF:src/templates/OrdersFilterClosedWithDialogPage/OrdersFilterClosedWithDialogPage.tsx
FN:14,(anonymous_0)
FNF:1
FNH:1
FNDA:8,(anonymous_0)
DA:2,1
DA:3,1
DA:4,1
DA:5,1
DA:6,1
DA:7,1
DA:8,1
DA:9,1
DA:10,1
DA:11,1
DA:12,1
DA:14,8
LF:12
LH:12
BRF:0
BRH:0
end_of_record
TN:
SF:src/templates/OrdersFilterClosedWithDialogPage/data.ts
FN:5,(anonymous_0)
FN:10,(anonymous_1)
FN:15,(anonymous_2)
FNF:3
FNH:0
FNDA:0,(anonymous_0)
FNDA:0,(anonymous_1)
FNDA:0,(anonymous_2)
DA:1,1
DA:19,1
DA:334,1
LF:3
LH:3
BRF:0
BRH:0
end_of_record
TN:
SF:src/templates/OrdersFilterOpenedPage/OrdersFilterOpenedPage.tsx
FN:7,(anonymous_0)
FNF:1
FNH:1
FNDA:4,(anonymous_0)
DA:2,1
DA:3,1
DA:4,1
DA:5,1
DA:7,4
LF:5
LH:5
BRF:0
BRH:0
end_of_record
TN:
SF:src/templates/OrdersFilterOpenedPage/data.ts
FN:5,(anonymous_0)
FN:10,(anonymous_1)
FN:15,(anonymous_2)
FNF:3
FNH:0
FNDA:0,(anonymous_0)
FNDA:0,(anonymous_1)
FNDA:0,(anonymous_2)
DA:1,1
DA:19,1
LF:2
LH:2
BRF:0
BRH:0
end_of_record
TN:
SF:src/templates/OrdersFilterOpenedWithDialogPage/OrdersFilterOpenedWithDialogPage.tsx
FN:13,RootComponent
FN:31,(anonymous_1)
FN:33,IndexComponent
FN:46,(anonymous_3)
FN:48,DialogComponent
FN:68,(anonymous_5)
FNF:6
FNH:5
FNDA:4,RootComponent
FNDA:1,(anonymous_1)
FNDA:4,IndexComponent
FNDA:1,(anonymous_3)
FNDA:0,DialogComponent
FNDA:4,(anonymous_5)
DA:2,1
DA:3,1
DA:4,1
DA:5,1
DA:6,1
DA:7,1
DA:8,1
DA:9,1
DA:10,1
DA:12,1
DA:14,4
DA:15,4
DA:30,1
DA:31,1
DA:34,4
DA:35,4
DA:45,1
DA:46,1
DA:49,0
DA:50,0
DA:60,1
DA:62,1
DA:66,1
DA:68,4
LF:24
LH:22
BRDA:15,0,0,1
BRDA:15,0,1,3
BRDA:36,1,0,4
BRDA:36,1,1,1
BRDA:50,2,0,0
BRDA:50,2,1,0
BRF:6
BRH:4
end_of_record
TN:
SF:src/templates/OrdersFilterOpenedWithDialogPage/data.ts
FN:5,(anonymous_0)
FN:10,(anonymous_1)
FN:15,(anonymous_2)
FNF:3
FNH:0
FNDA:0,(anonymous_0)
FNDA:0,(anonymous_1)
FNDA:0,(anonymous_2)
DA:1,1
DA:19,1
LF:2
LH:2
BRF:0
BRH:0
end_of_record
TN:
SF:src/templates/WelcomePages/WelcomePage1/WelcomePage1.tsx
FN:8,(anonymous_0)
FNF:1
FNH:1
FNDA:4,(anonymous_0)
DA:2,1
DA:3,1
DA:4,1
DA:5,1
DA:6,1
DA:8,4
LF:6
LH:6
BRF:0
BRH:0
end_of_record
TN:
SF:src/templates/WelcomePages/WelcomePage1/data.ts
FN:28,(anonymous_1)
FN:33,(anonymous_2)
FN:38,(anonymous_3)
FN:43,(anonymous_4)
FN:44,(anonymous_5)
FNF:5
FNH:0
FNDA:0,(anonymous_1)
FNDA:0,(anonymous_2)
FNDA:0,(anonymous_3)
FNDA:0,(anonymous_4)
FNDA:0,(anonymous_5)
DA:1,1
DA:2,1
DA:3,1
DA:4,1
DA:17,1
DA:24,1
DA:42,1
LF:7
LH:7
BRF:0
BRH:0
end_of_record
TN:
SF:src/templates/WelcomePages/WelcomePage2/WelcomePage2.tsx
FN:10,(anonymous_1)
FNF:1
FNH:1
FNDA:4,(anonymous_1)
DA:2,1
DA:3,1
DA:4,1
DA:5,1
DA:6,1
DA:7,1
DA:8,1
DA:10,4
LF:8
LH:8
BRF:0
BRH:0
end_of_record
TN:
SF:src/templates/WelcomePages/WelcomePage2/data.ts
FN:28,(anonymous_1)
FN:33,(anonymous_2)
FN:38,(anonymous_3)
FN:43,(anonymous_4)
FN:44,(anonymous_5)
FN:45,(anonymous_6)
FN:46,(anonymous_7)
FN:47,(anonymous_8)
FN:48,(anonymous_9)
FN:49,(anonymous_10)
FN:50,(anonymous_11)
FN:51,(anonymous_12)
FN:52,(anonymous_13)
FNF:13
FNH:0
FNDA:0,(anonymous_1)
FNDA:0,(anonymous_2)
FNDA:0,(anonymous_3)
FNDA:0,(anonymous_4)
FNDA:0,(anonymous_5)
FNDA:0,(anonymous_6)
FNDA:0,(anonymous_7)
FNDA:0,(anonymous_8)
FNDA:0,(anonymous_9)
FNDA:0,(anonymous_10)
FNDA:0,(anonymous_11)
FNDA:0,(anonymous_12)
FNDA:0,(anonymous_13)
DA:1,1
DA:2,1
DA:3,1
DA:4,1
DA:17,1
DA:24,1
DA:42,1
LF:7
LH:7
BRF:0
BRH:0
end_of_record
TN:
SF:src/templates/WelcomePages/WelcomePage3/WelcomePage3.tsx
FN:10,(anonymous_1)
FNF:1
FNH:1
FNDA:4,(anonymous_1)
DA:2,1
DA:3,1
DA:4,1
DA:5,1
DA:6,1
DA:7,1
DA:8,1
DA:10,4
LF:8
LH:8
BRF:0
BRH:0
end_of_record
TN:
SF:src/templates/WelcomePages/WelcomePage3/data.ts
FN:28,(anonymous_1)
FN:33,(anonymous_2)
FN:38,(anonymous_3)
FN:43,(anonymous_4)
FN:44,(anonymous_5)
FN:45,(anonymous_6)
FN:46,(anonymous_7)
FN:47,(anonymous_8)
FN:48,(anonymous_9)
FN:49,(anonymous_10)
FN:50,(anonymous_11)
FN:51,(anonymous_12)
FN:52,(anonymous_13)
FNF:13
FNH:0
FNDA:0,(anonymous_1)
FNDA:0,(anonymous_2)
FNDA:0,(anonymous_3)
FNDA:0,(anonymous_4)
FNDA:0,(anonymous_5)
FNDA:0,(anonymous_6)
FNDA:0,(anonymous_7)
FNDA:0,(anonymous_8)
FNDA:0,(anonymous_9)
FNDA:0,(anonymous_10)
FNDA:0,(anonymous_11)
FNDA:0,(anonymous_12)
FNDA:0,(anonymous_13)
DA:1,1
DA:2,1
DA:3,1
DA:4,1
DA:17,1
DA:24,1
DA:42,1
LF:7
LH:7
BRF:0
BRH:0
end_of_record
TN:
SF:src/templates/WelcomePages/WelcomePage4/WelcomePage4.tsx
FN:8,(anonymous_0)
FNF:1
FNH:1
FNDA:4,(anonymous_0)
DA:2,1
DA:3,1
DA:4,1
DA:5,1
DA:6,1
DA:8,4
LF:6
LH:6
BRF:0
BRH:0
end_of_record
TN:
SF:src/templates/WelcomePages/WelcomePage4/data.ts
FN:28,(anonymous_1)
FN:33,(anonymous_2)
FN:38,(anonymous_3)
FN:43,(anonymous_4)
FN:44,(anonymous_5)
FN:45,(anonymous_6)
FN:46,(anonymous_7)
FN:47,(anonymous_8)
FN:48,(anonymous_9)
FN:49,(anonymous_10)
FN:50,(anonymous_11)
FN:51,(anonymous_12)
FN:52,(anonymous_13)
FNF:13
FNH:0
FNDA:0,(anonymous_1)
FNDA:0,(anonymous_2)
FNDA:0,(anonymous_3)
FNDA:0,(anonymous_4)
FNDA:0,(anonymous_5)
FNDA:0,(anonymous_6)
FNDA:0,(anonymous_7)
FNDA:0,(anonymous_8)
FNDA:0,(anonymous_9)
FNDA:0,(anonymous_10)
FNDA:0,(anonymous_11)
FNDA:0,(anonymous_12)
FNDA:0,(anonymous_13)
DA:1,1
DA:2,1
DA:3,1
DA:4,1
DA:17,1
DA:24,1
DA:42,1
LF:7
LH:7
BRF:0
BRH:0
end_of_record
TN:
SF:src/templates/WelcomePages/WelcomePage5/WelcomePage5.tsx
FN:11,(anonymous_1)
FNF:1
FNH:1
FNDA:4,(anonymous_1)
DA:2,1
DA:3,1
DA:4,1
DA:5,1
DA:6,1
DA:7,1
DA:8,1
DA:9,1
DA:11,4
LF:9
LH:9
BRF:0
BRH:0
end_of_record
TN:
SF:src/templates/WelcomePages/WelcomePage5/data.ts
FN:11,(anonymous_0)
FN:16,(anonymous_1)
FN:21,(anonymous_2)
FN:26,(anonymous_3)
FN:27,(anonymous_4)
FNF:5
FNH:0
FNDA:0,(anonymous_0)
FNDA:0,(anonymous_1)
FNDA:0,(anonymous_2)
FNDA:0,(anonymous_3)
FNDA:0,(anonymous_4)
DA:7,1
DA:25,1
LF:2
LH:2
BRF:0
BRH:0
end_of_record
TN:
SF:src/templates/WelcomePages/WelcomePage6/WelcomePage6.tsx
FN:11,(anonymous_1)
FNF:1
FNH:1
FNDA:4,(anonymous_1)
DA:2,1
DA:3,1
DA:4,1
DA:5,1
DA:6,1
DA:7,1
DA:8,1
DA:9,1
DA:11,4
LF:9
LH:9
BRF:0
BRH:0
end_of_record
TN:
SF:src/templates/WelcomePages/WelcomePage6/data.ts
FN:11,(anonymous_0)
FN:16,(anonymous_1)
FN:21,(anonymous_2)
FN:26,(anonymous_3)
FN:27,(anonymous_4)
FN:28,(anonymous_5)
FN:29,(anonymous_6)
FN:30,(anonymous_7)
FN:31,(anonymous_8)
FN:32,(anonymous_9)
FN:33,(anonymous_10)
FN:34,(anonymous_11)
FN:35,(anonymous_12)
FNF:13
FNH:0
FNDA:0,(anonymous_0)
FNDA:0,(anonymous_1)
FNDA:0,(anonymous_2)
FNDA:0,(anonymous_3)
FNDA:0,(anonymous_4)
FNDA:0,(anonymous_5)
FNDA:0,(anonymous_6)
FNDA:0,(anonymous_7)
FNDA:0,(anonymous_8)
FNDA:0,(anonymous_9)
FNDA:0,(anonymous_10)
FNDA:0,(anonymous_11)
FNDA:0,(anonymous_12)
DA:7,1
DA:25,1
LF:2
LH:2
BRF:0
BRH:0
end_of_record
TN:
SF:src/templates/WelcomePages/WelcomePage7/WelcomePage7.tsx
FN:11,(anonymous_1)
FNF:1
FNH:1
FNDA:4,(anonymous_1)
DA:2,1
DA:3,1
DA:4,1
DA:5,1
DA:6,1
DA:7,1
DA:8,1
DA:9,1
DA:11,4
LF:9
LH:9
BRF:0
BRH:0
end_of_record
TN:
SF:src/templates/WelcomePages/WelcomePage7/data.ts
FN:11,(anonymous_0)
FN:16,(anonymous_1)
FN:21,(anonymous_2)
FN:26,(anonymous_3)
FN:27,(anonymous_4)
FN:28,(anonymous_5)
FN:29,(anonymous_6)
FN:30,(anonymous_7)
FN:31,(anonymous_8)
FN:32,(anonymous_9)
FN:33,(anonymous_10)
FN:34,(anonymous_11)
FN:35,(anonymous_12)
FNF:13
FNH:0
FNDA:0,(anonymous_0)
FNDA:0,(anonymous_1)
FNDA:0,(anonymous_2)
FNDA:0,(anonymous_3)
FNDA:0,(anonymous_4)
FNDA:0,(anonymous_5)
FNDA:0,(anonymous_6)
FNDA:0,(anonymous_7)
FNDA:0,(anonymous_8)
FNDA:0,(anonymous_9)
FNDA:0,(anonymous_10)
FNDA:0,(anonymous_11)
FNDA:0,(anonymous_12)
DA:7,1
DA:25,1
LF:2
LH:2
BRF:0
BRH:0
end_of_record
TN:
SF:src/templates/WelcomePages/WelcomePage8/WelcomePage8.tsx
FN:9,(anonymous_1)
FNF:1
FNH:1
FNDA:4,(anonymous_1)
DA:2,1
DA:3,1
DA:4,1
DA:5,1
DA:6,1
DA:7,1
DA:9,4
LF:7
LH:7
BRF:0
BRH:0
end_of_record
TN:
SF:src/templates/WelcomePages/WelcomePage8/data.ts
FN:11,(anonymous_0)
FN:16,(anonymous_1)
FN:21,(anonymous_2)
FN:26,(anonymous_3)
FN:27,(anonymous_4)
FN:28,(anonymous_5)
FN:29,(anonymous_6)
FN:30,(anonymous_7)
FN:31,(anonymous_8)
FN:32,(anonymous_9)
FN:33,(anonymous_10)
FN:34,(anonymous_11)
FN:35,(anonymous_12)
FNF:13
FNH:0
FNDA:0,(anonymous_0)
FNDA:0,(anonymous_1)
FNDA:0,(anonymous_2)
FNDA:0,(anonymous_3)
FNDA:0,(anonymous_4)
FNDA:0,(anonymous_5)
FNDA:0,(anonymous_6)
FNDA:0,(anonymous_7)
FNDA:0,(anonymous_8)
FNDA:0,(anonymous_9)
FNDA:0,(anonymous_10)
FNDA:0,(anonymous_11)
FNDA:0,(anonymous_12)
DA:7,1
DA:25,1
LF:2
LH:2
BRF:0
BRH:0
end_of_record
