TN:
SF:src/construct/FileTimeCnstr/FileTimeCnstr.styles.ts
FN:5,(anonymous_1)
FNF:1
FNH:0
FNDA:0,(anonymous_1)
DA:1,1
DA:3,1
DA:5,1
LF:3
LH:3
BRDA:6,0,0,0
BRDA:6,0,1,0
BRDA:10,1,0,0
BRDA:10,1,1,0
BRDA:14,2,0,0
BRDA:14,2,1,0
BRF:6
BRH:0
end_of_record
TN:
SF:src/construct/FileTimeCnstr/FileTimeCnstr.tsx
FN:19,(anonymous_1)
FNF:1
FNH:0
FNDA:0,(anonymous_1)
DA:2,1
DA:3,1
DA:4,1
DA:5,1
DA:6,1
DA:7,1
DA:8,1
DA:9,1
DA:10,1
DA:11,1
DA:19,1
DA:20,0
DA:22,0
LF:13
LH:11
BRF:0
BRH:0
end_of_record
TN:
SF:src/construct/FileTimeCnstr/FileTimeMdCnstr/FileTimeMdCnstr.styles.ts
FN:6,(anonymous_1)
FNF:1
FNH:0
FNDA:0,(anonymous_1)
DA:1,1
DA:3,1
DA:4,1
DA:6,1
LF:4
LH:4
BRDA:7,0,0,0
BRDA:7,0,1,0
BRDA:11,1,0,0
BRDA:11,1,1,0
BRDA:15,2,0,0
BRDA:15,2,1,0
BRF:6
BRH:0
end_of_record
TN:
SF:src/construct/FileTimeCnstr/FileTimeMdCnstr/FileTimeMdCnstr.tsx
FN:17,(anonymous_1)
FNF:1
FNH:0
FNDA:0,(anonymous_1)
DA:2,1
DA:3,1
DA:4,1
DA:5,1
DA:6,1
DA:7,1
DA:8,1
DA:9,1
DA:17,1
DA:18,0
DA:19,0
LF:11
LH:9
BRF:0
BRH:0
end_of_record
TN:
SF:src/construct/FileTimeCnstr/FileTimeSmCnstr/FileTimeSmCnstr.styles.ts
FN:5,(anonymous_1)
FNF:1
FNH:0
FNDA:0,(anonymous_1)
DA:1,1
DA:3,1
DA:5,1
LF:3
LH:3
BRDA:6,0,0,0
BRDA:6,0,1,0
BRDA:10,1,0,0
BRDA:10,1,1,0
BRDA:14,2,0,0
BRDA:14,2,1,0
BRF:6
BRH:0
end_of_record
TN:
SF:src/construct/FileTimeCnstr/FileTimeSmCnstr/FileTimeSmCnstr.tsx
FN:17,(anonymous_1)
FNF:1
FNH:0
FNDA:0,(anonymous_1)
DA:2,1
DA:3,1
DA:4,1
DA:5,1
DA:6,1
DA:7,1
DA:8,1
DA:9,1
DA:17,1
DA:18,0
DA:20,0
LF:11
LH:9
BRF:0
BRH:0
end_of_record
TN:
SF:src/construct/FileWidgetCnstr/FileWidgetCnstr.styles.ts
FN:5,(anonymous_1)
FNF:1
FNH:0
FNDA:0,(anonymous_1)
DA:1,1
DA:3,1
DA:5,1
LF:3
LH:3
BRDA:6,0,0,0
BRDA:6,0,1,0
BRDA:10,1,0,0
BRDA:10,1,1,0
BRDA:14,2,0,0
BRDA:14,2,1,0
BRDA:17,3,0,0
BRDA:17,3,1,0
BRF:8
BRH:0
end_of_record
TN:
SF:src/construct/FileWidgetCnstr/FileWidgetCnstr.tsx
FN:20,(anonymous_1)
FNF:1
FNH:0
FNDA:0,(anonymous_1)
DA:3,1
DA:4,1
DA:5,1
DA:6,1
DA:7,1
DA:8,1
DA:9,1
DA:10,1
DA:11,1
DA:12,1
DA:20,1
DA:21,0
DA:22,0
LF:13
LH:11
BRF:0
BRH:0
end_of_record
TN:
SF:src/construct/FileWidgetCnstr/FileWidgetLgCnstr/FileWidgetLgCnstr.styles.ts
FN:6,(anonymous_1)
FNF:1
FNH:0
FNDA:0,(anonymous_1)
DA:1,1
DA:3,1
DA:4,1
DA:6,1
LF:4
LH:4
BRDA:7,0,0,0
BRDA:7,0,1,0
BRDA:11,1,0,0
BRDA:11,1,1,0
BRDA:15,2,0,0
BRDA:15,2,1,0
BRDA:18,3,0,0
BRDA:18,3,1,0
BRF:8
BRH:0
end_of_record
TN:
SF:src/construct/FileWidgetCnstr/FileWidgetLgCnstr/FileWidgetLgCnstr.tsx
FN:17,(anonymous_1)
FNF:1
FNH:0
FNDA:0,(anonymous_1)
DA:2,1
DA:4,1
DA:5,1
DA:6,1
DA:7,1
DA:8,1
DA:9,1
DA:17,1
DA:18,0
DA:20,0
LF:10
LH:8
BRF:0
BRH:0
end_of_record
TN:
SF:src/construct/FileWidgetCnstr/FileWidgetMdCnstr/FileWidgetMdCnstr.styles.ts
FN:6,(anonymous_1)
FNF:1
FNH:0
FNDA:0,(anonymous_1)
DA:1,1
DA:3,1
DA:4,1
DA:6,1
LF:4
LH:4
BRDA:7,0,0,0
BRDA:7,0,1,0
BRDA:11,1,0,0
BRDA:11,1,1,0
BRDA:15,2,0,0
BRDA:15,2,1,0
BRDA:18,3,0,0
BRDA:18,3,1,0
BRF:8
BRH:0
end_of_record
TN:
SF:src/construct/FileWidgetCnstr/FileWidgetMdCnstr/FileWidgetMdCnstr.tsx
FN:17,(anonymous_1)
FNF:1
FNH:0
FNDA:0,(anonymous_1)
DA:3,1
DA:4,1
DA:5,1
DA:6,1
DA:7,1
DA:8,1
DA:9,1
DA:17,1
DA:18,0
DA:20,0
LF:10
LH:8
BRF:0
BRH:0
end_of_record
TN:
SF:src/construct/FileWidgetCnstr/FileWidgetSmCnstr/FileWidgetSmCnstr.styles.ts
FN:5,(anonymous_1)
FNF:1
FNH:0
FNDA:0,(anonymous_1)
DA:1,1
DA:3,1
DA:5,1
LF:3
LH:3
BRDA:6,0,0,0
BRDA:6,0,1,0
BRDA:10,1,0,0
BRDA:10,1,1,0
BRDA:14,2,0,0
BRDA:14,2,1,0
BRDA:17,3,0,0
BRDA:17,3,1,0
BRF:8
BRH:0
end_of_record
TN:
SF:src/construct/FileWidgetCnstr/FileWidgetSmCnstr/FileWidgetSmCnstr.tsx
FN:17,(anonymous_1)
FNF:1
FNH:0
FNDA:0,(anonymous_1)
DA:1,1
DA:3,1
DA:4,1
DA:6,1
DA:7,1
DA:8,1
DA:9,1
DA:17,1
DA:18,0
DA:20,0
LF:10
LH:8
BRF:0
BRH:0
end_of_record
TN:
SF:src/construct/PersonRoleCnstr/PersonRoleCnstr.styles.ts
FN:5,(anonymous_1)
FNF:1
FNH:0
FNDA:0,(anonymous_1)
DA:1,1
DA:3,1
DA:5,1
LF:3
LH:3
BRDA:6,0,0,0
BRDA:6,0,1,0
BRDA:10,1,0,0
BRDA:10,1,1,0
BRDA:15,2,0,0
BRDA:15,2,1,0
BRDA:21,3,0,0
BRDA:21,3,1,0
BRDA:26,4,0,0
BRDA:26,4,1,0
BRF:10
BRH:0
end_of_record
TN:
SF:src/construct/PersonRoleCnstr/PersonRoleCnstr.tsx
FN:14,(anonymous_1)
FNF:1
FNH:0
FNDA:0,(anonymous_1)
DA:2,1
DA:3,1
DA:4,1
DA:5,1
DA:6,1
DA:7,1
DA:14,1
DA:15,0
DA:17,0
LF:9
LH:7
BRF:0
BRH:0
end_of_record
TN:
SF:src/construct/PersonRoleCnstr/PersonRoleMdCnstr/PersonRoleMdCnstr.styles.ts
FN:5,(anonymous_1)
FNF:1
FNH:0
FNDA:0,(anonymous_1)
DA:1,1
DA:3,1
DA:5,1
LF:3
LH:3
BRDA:6,0,0,0
BRDA:6,0,1,0
BRDA:10,1,0,0
BRDA:10,1,1,0
BRDA:16,2,0,0
BRDA:16,2,1,0
BRDA:22,3,0,0
BRDA:22,3,1,0
BRDA:27,4,0,0
BRDA:27,4,1,0
BRF:10
BRH:0
end_of_record
TN:
SF:src/construct/PersonRoleCnstr/PersonRoleMdCnstr/PersonRoleMdCnstr.tsx
FN:13,(anonymous_1)
FNF:1
FNH:0
FNDA:0,(anonymous_1)
DA:2,1
DA:3,1
DA:4,1
DA:5,1
DA:6,1
DA:13,1
DA:14,0
DA:16,0
LF:8
LH:6
BRF:0
BRH:0
end_of_record
TN:
SF:src/construct/PersonRoleTimeCnstr/PersonRoleTimeCnstr.styles.ts
FN:5,(anonymous_1)
FNF:1
FNH:0
FNDA:0,(anonymous_1)
DA:1,1
DA:3,1
DA:5,1
LF:3
LH:3
BRDA:6,0,0,0
BRDA:6,0,1,0
BRDA:10,1,0,0
BRDA:10,1,1,0
BRF:4
BRH:0
end_of_record
TN:
SF:src/construct/PersonRoleTimeCnstr/PersonRoleTimeCnstr.tsx
FN:18,(anonymous_1)
FNF:1
FNH:0
FNDA:0,(anonymous_1)
DA:2,1
DA:3,1
DA:4,1
DA:5,1
DA:6,1
DA:7,1
DA:8,1
DA:9,1
DA:10,1
DA:18,1
DA:19,0
DA:21,0
LF:12
LH:10
BRF:0
BRH:0
end_of_record
TN:
SF:src/construct/PersonRoleTimeCnstr/PersonRoleTimeMdCnstr/PersonRoleTimeMdCnstr.styles.ts
FN:6,(anonymous_1)
FNF:1
FNH:0
FNDA:0,(anonymous_1)
DA:1,1
DA:3,1
DA:4,1
DA:6,1
LF:4
LH:4
BRDA:7,0,0,0
BRDA:7,0,1,0
BRDA:11,1,0,0
BRDA:11,1,1,0
BRF:4
BRH:0
end_of_record
TN:
SF:src/construct/PersonRoleTimeCnstr/PersonRoleTimeMdCnstr/PersonRoleTimeMdCnstr.tsx
FN:16,(anonymous_1)
FNF:1
FNH:0
FNDA:0,(anonymous_1)
DA:1,1
DA:3,1
DA:4,1
DA:5,1
DA:6,1
DA:7,1
DA:8,1
DA:16,1
DA:17,0
DA:19,0
LF:10
LH:8
BRF:0
BRH:0
end_of_record
TN:
SF:src/construct/PersonRoleTimeCnstr/PersonRoleTimeSmCnstr/PersonRoleTimeSmCnstr.styles.ts
FN:5,(anonymous_1)
FNF:1
FNH:0
FNDA:0,(anonymous_1)
DA:1,1
DA:3,1
DA:5,1
LF:3
LH:3
BRDA:6,0,0,0
BRDA:6,0,1,0
BRDA:10,1,0,0
BRDA:10,1,1,0
BRF:4
BRH:0
end_of_record
TN:
SF:src/construct/PersonRoleTimeCnstr/PersonRoleTimeSmCnstr/PersonRoleTimeSmCnstr.tsx
FN:16,(anonymous_1)
FNF:1
FNH:0
FNDA:0,(anonymous_1)
DA:1,1
DA:3,1
DA:4,1
DA:5,1
DA:6,1
DA:7,1
DA:8,1
DA:16,1
DA:17,0
DA:19,0
LF:10
LH:8
BRF:0
BRH:0
end_of_record
TN:
SF:src/construct/TaskCnstr/TaskContextCnstr.tsx
FN:17,(anonymous_0)
FN:19,(anonymous_1)
FN:22,(anonymous_2)
FN:27,(anonymous_3)
FNF:4
FNH:0
FNDA:0,(anonymous_0)
FNDA:0,(anonymous_1)
FNDA:0,(anonymous_2)
FNDA:0,(anonymous_3)
DA:1,1
DA:15,1
DA:22,1
DA:23,0
DA:24,0
DA:26,0
DA:27,0
DA:36,0
LF:8
LH:3
BRF:0
BRH:0
end_of_record
TN:
SF:src/construct/TextRangeTimeCnstr/TextRangeTimeCnstr.styles.ts
FN:5,(anonymous_1)
FNF:1
FNH:0
FNDA:0,(anonymous_1)
DA:1,1
DA:3,1
DA:5,1
LF:3
LH:3
BRDA:6,0,0,0
BRDA:6,0,1,0
BRF:2
BRH:0
end_of_record
TN:
SF:src/construct/TextRangeTimeCnstr/TextRangeTimeCnstr.tsx
FN:17,(anonymous_1)
FNF:1
FNH:0
FNDA:0,(anonymous_1)
DA:2,1
DA:3,1
DA:4,1
DA:5,1
DA:6,1
DA:7,1
DA:8,1
DA:9,1
DA:17,1
DA:18,0
DA:20,0
LF:11
LH:9
BRF:0
BRH:0
end_of_record
TN:
SF:src/construct/TextRangeTimeCnstr/TextRangeTimeLgCnstr/TextRangeTimeLgCnstr.styles.ts
FN:6,(anonymous_1)
FNF:1
FNH:0
FNDA:0,(anonymous_1)
DA:1,1
DA:3,1
DA:4,1
DA:6,1
LF:4
LH:4
BRDA:7,0,0,0
BRDA:7,0,1,0
BRDA:11,1,0,0
BRDA:11,1,1,0
BRF:4
BRH:0
end_of_record
TN:
SF:src/construct/TextRangeTimeCnstr/TextRangeTimeLgCnstr/TextRangeTimeLgCnstr.tsx
FN:14,(anonymous_1)
FNF:1
FNH:0
FNDA:0,(anonymous_1)
DA:2,1
DA:3,1
DA:4,1
DA:5,1
DA:6,1
DA:14,1
DA:15,0
DA:17,0
LF:8
LH:6
BRF:0
BRH:0
end_of_record
TN:
SF:src/construct/TextRangeTimeCnstr/TextRangeTimeMdCnstr/TextRangeTimeMdCnstr.styles.ts
FN:6,(anonymous_1)
FNF:1
FNH:0
FNDA:0,(anonymous_1)
DA:1,1
DA:3,1
DA:4,1
DA:6,1
LF:4
LH:4
BRDA:7,0,0,0
BRDA:7,0,1,0
BRDA:11,1,0,0
BRDA:11,1,1,0
BRF:4
BRH:0
end_of_record
TN:
SF:src/construct/TextRangeTimeCnstr/TextRangeTimeMdCnstr/TextRangeTimeMdCnstr.tsx
FN:14,(anonymous_1)
FNF:1
FNH:0
FNDA:0,(anonymous_1)
DA:2,1
DA:3,1
DA:4,1
DA:5,1
DA:6,1
DA:14,1
DA:15,0
DA:17,0
LF:8
LH:6
BRF:0
BRH:0
end_of_record
TN:
SF:src/construct/TextRangeTimeCnstr/TextRangeTimeSmCnstr/TextRangeTimeSmCnstr.styles.ts
FN:5,(anonymous_1)
FNF:1
FNH:0
FNDA:0,(anonymous_1)
DA:1,1
DA:3,1
DA:5,1
LF:3
LH:3
BRDA:6,0,0,0
BRDA:6,0,1,0
BRF:2
BRH:0
end_of_record
TN:
SF:src/construct/TextRangeTimeCnstr/TextRangeTimeSmCnstr/TextRangeTimeSmCnstr.tsx
FN:14,(anonymous_1)
FNF:1
FNH:0
FNDA:0,(anonymous_1)
DA:2,1
DA:3,1
DA:4,1
DA:5,1
DA:6,1
DA:14,1
DA:15,0
DA:17,0
LF:8
LH:6
BRF:0
BRH:0
end_of_record
TN:
SF:src/construct/TextTime1Cnstr/TextTime1Cnstr.styles.ts
FN:5,(anonymous_1)
FNF:1
FNH:0
FNDA:0,(anonymous_1)
DA:1,1
DA:3,1
DA:5,1
LF:3
LH:3
BRDA:6,0,0,0
BRDA:6,0,1,0
BRDA:10,1,0,0
BRDA:10,1,1,0
BRF:4
BRH:0
end_of_record
TN:
SF:src/construct/TextTime1Cnstr/TextTime1Cnstr.tsx
FN:17,(anonymous_1)
FNF:1
FNH:0
FNDA:0,(anonymous_1)
DA:2,1
DA:3,1
DA:4,1
DA:5,1
DA:6,1
DA:7,1
DA:8,1
DA:9,1
DA:10,1
DA:17,1
DA:18,0
DA:20,0
LF:12
LH:10
BRF:0
BRH:0
end_of_record
TN:
SF:src/construct/TextTime1Cnstr/TextTime1LgCnstr/TextTime1LgCnstr.styles.ts
FN:6,(anonymous_1)
FNF:1
FNH:0
FNDA:0,(anonymous_1)
DA:1,1
DA:3,1
DA:4,1
DA:6,1
LF:4
LH:4
BRDA:7,0,0,0
BRDA:7,0,1,0
BRDA:11,1,0,0
BRDA:11,1,1,0
BRF:4
BRH:0
end_of_record
TN:
SF:src/construct/TextTime1Cnstr/TextTime1LgCnstr/TextTime1LgCnstr.tsx
FN:15,(anonymous_1)
FNF:1
FNH:0
FNDA:0,(anonymous_1)
DA:1,1
DA:3,1
DA:4,1
DA:5,1
DA:6,1
DA:7,1
DA:8,1
DA:15,1
DA:16,0
DA:18,0
LF:10
LH:8
BRF:0
BRH:0
end_of_record
TN:
SF:src/construct/TextTime1Cnstr/TextTime1SmCnstr/TextTime1SmCnstr.styles.ts
FN:5,(anonymous_1)
FNF:1
FNH:0
FNDA:0,(anonymous_1)
DA:1,1
DA:3,1
DA:5,1
LF:3
LH:3
BRDA:6,0,0,0
BRDA:6,0,1,0
BRDA:10,1,0,0
BRDA:10,1,1,0
BRF:4
BRH:0
end_of_record
TN:
SF:src/construct/TextTime1Cnstr/TextTime1SmCnstr/TextTime1SmCnstr.tsx
FN:15,(anonymous_1)
FNF:1
FNH:0
FNDA:0,(anonymous_1)
DA:2,1
DA:3,1
DA:4,1
DA:5,1
DA:6,1
DA:7,1
DA:8,1
DA:15,1
DA:16,0
DA:18,0
LF:10
LH:8
BRF:0
BRH:0
end_of_record
TN:
SF:src/construct/TimeRangeWidgetCnstr/TimeRangeWidgetCnstr.styles.ts
FN:5,(anonymous_1)
FNF:1
FNH:0
FNDA:0,(anonymous_1)
DA:1,1
DA:3,1
DA:5,1
LF:3
LH:3
BRDA:6,0,0,0
BRDA:6,0,1,0
BRF:2
BRH:0
end_of_record
TN:
SF:src/construct/TimeRangeWidgetCnstr/TimeRangeWidgetCnstr.tsx
FN:16,(anonymous_1)
FNF:1
FNH:0
FNDA:0,(anonymous_1)
DA:2,1
DA:3,1
DA:4,1
DA:5,1
DA:6,1
DA:7,1
DA:8,1
DA:16,1
DA:17,0
DA:19,0
LF:10
LH:8
BRF:0
BRH:0
end_of_record
TN:
SF:src/construct/TimeRangeWidgetCnstr/TimeRangeWidgetLgCnstr/TimeRangeWidgetLgCnstr.styles.ts
FN:6,(anonymous_1)
FNF:1
FNH:0
FNDA:0,(anonymous_1)
DA:1,1
DA:3,1
DA:4,1
DA:6,1
LF:4
LH:4
BRDA:7,0,0,0
BRDA:7,0,1,0
BRDA:11,1,0,0
BRDA:11,1,1,0
BRF:4
BRH:0
end_of_record
TN:
SF:src/construct/TimeRangeWidgetCnstr/TimeRangeWidgetLgCnstr/TimeRangeWidgetLgCnstr.tsx
FN:13,(anonymous_1)
FNF:1
FNH:0
FNDA:0,(anonymous_1)
DA:2,1
DA:3,1
DA:4,1
DA:5,1
DA:13,1
DA:14,0
DA:16,0
LF:7
LH:5
BRF:0
BRH:0
end_of_record
TN:
SF:src/construct/TimeRangeWidgetCnstr/TimeRangeWidgetMdCnstr/TimeRangeWidgetMdCnstr.styles.ts
FN:6,(anonymous_1)
FNF:1
FNH:0
FNDA:0,(anonymous_1)
DA:1,1
DA:3,1
DA:4,1
DA:6,1
LF:4
LH:4
BRDA:7,0,0,0
BRDA:7,0,1,0
BRDA:11,1,0,0
BRDA:11,1,1,0
BRF:4
BRH:0
end_of_record
TN:
SF:src/construct/TimeRangeWidgetCnstr/TimeRangeWidgetMdCnstr/TimeRangeWidgetMdCnstr.tsx
FN:13,(anonymous_1)
FNF:1
FNH:0
FNDA:0,(anonymous_1)
DA:2,1
DA:3,1
DA:4,1
DA:5,1
DA:13,1
DA:14,0
DA:16,0
LF:7
LH:5
BRF:0
BRH:0
end_of_record
TN:
SF:src/construct/TimeRangeWidgetCnstr/TimeRangeWidgetSmCnstr/TimeRangeWidgetSmCnstr.styles.ts
FN:5,(anonymous_1)
FNF:1
FNH:0
FNDA:0,(anonymous_1)
DA:1,1
DA:3,1
DA:5,1
LF:3
LH:3
BRDA:6,0,0,0
BRDA:6,0,1,0
BRF:2
BRH:0
end_of_record
TN:
SF:src/construct/TimeRangeWidgetCnstr/TimeRangeWidgetSmCnstr/TimeRangeWidgetSmCnstr.tsx
FN:13,(anonymous_1)
FNF:1
FNH:0
FNDA:0,(anonymous_1)
DA:2,1
DA:3,1
DA:4,1
DA:5,1
DA:13,1
DA:14,0
DA:16,0
LF:7
LH:5
BRF:0
BRH:0
end_of_record
TN:
SF:src/construct/TimeWidgetCnstr/TimeWidgetCnstr.styles.ts
FN:5,(anonymous_1)
FNF:1
FNH:0
FNDA:0,(anonymous_1)
DA:1,1
DA:3,1
DA:5,1
LF:3
LH:3
BRDA:6,0,0,0
BRDA:6,0,1,0
BRDA:10,1,0,0
BRDA:10,1,1,0
BRF:4
BRH:0
end_of_record
TN:
SF:src/construct/TimeWidgetCnstr/TimeWidgetCnstr.tsx
FN:17,(anonymous_1)
FNF:1
FNH:0
FNDA:0,(anonymous_1)
DA:2,1
DA:3,1
DA:4,1
DA:5,1
DA:6,1
DA:7,1
DA:8,1
DA:9,1
DA:10,1
DA:17,1
DA:18,0
DA:20,0
LF:12
LH:10
BRF:0
BRH:0
end_of_record
TN:
SF:src/construct/TimeWidgetCnstr/TimeWidgetLgCnstr/TimeWidgetLgCnstr.styles.ts
FN:6,(anonymous_1)
FNF:1
FNH:0
FNDA:0,(anonymous_1)
DA:1,1
DA:3,1
DA:4,1
DA:6,1
LF:4
LH:4
BRDA:7,0,0,0
BRDA:7,0,1,0
BRDA:11,1,0,0
BRDA:11,1,1,0
BRF:4
BRH:0
end_of_record
TN:
SF:src/construct/TimeWidgetCnstr/TimeWidgetLgCnstr/TimeWidgetLgCnstr.tsx
FN:14,(anonymous_1)
FNF:1
FNH:0
FNDA:0,(anonymous_1)
DA:2,1
DA:3,1
DA:4,1
DA:5,1
DA:6,1
DA:7,1
DA:14,1
DA:15,0
DA:17,0
LF:9
LH:7
BRF:0
BRH:0
end_of_record
TN:
SF:src/construct/TimeWidgetCnstr/TimeWidgetMdCnstr/TimeWidgetMdCnstr.styles.ts
FN:6,(anonymous_1)
FNF:1
FNH:0
FNDA:0,(anonymous_1)
DA:1,1
DA:3,1
DA:4,1
DA:6,1
LF:4
LH:4
BRDA:7,0,0,0
BRDA:7,0,1,0
BRDA:11,1,0,0
BRDA:11,1,1,0
BRF:4
BRH:0
end_of_record
TN:
SF:src/construct/TimeWidgetCnstr/TimeWidgetMdCnstr/TimeWidgetMdCnstr.tsx
FN:14,(anonymous_1)
FNF:1
FNH:0
FNDA:0,(anonymous_1)
DA:2,1
DA:3,1
DA:4,1
DA:5,1
DA:6,1
DA:7,1
DA:14,1
DA:15,0
DA:17,0
LF:9
LH:7
BRF:0
BRH:0
end_of_record
TN:
SF:src/construct/TimeWidgetCnstr/TimeWidgetSmCnstr/TimeWidgetSmCnstr.styles.ts
FN:5,(anonymous_1)
FNF:1
FNH:0
FNDA:0,(anonymous_1)
DA:1,1
DA:3,1
DA:5,1
LF:3
LH:3
BRDA:6,0,0,0
BRDA:6,0,1,0
BRDA:10,1,0,0
BRDA:10,1,1,0
BRF:4
BRH:0
end_of_record
TN:
SF:src/construct/TimeWidgetCnstr/TimeWidgetSmCnstr/TimeWidgetSmCnstr.tsx
FN:14,(anonymous_1)
FNF:1
FNH:0
FNDA:0,(anonymous_1)
DA:2,1
DA:3,1
DA:4,1
DA:5,1
DA:6,1
DA:7,1
DA:14,1
DA:15,0
DA:17,0
LF:9
LH:7
BRF:0
BRH:0
end_of_record
TN:
SF:src/primitives/createStyles.ts
FN:2,(anonymous_0)
FNF:1
FNH:1
FNDA:27,(anonymous_0)
DA:1,1
DA:2,28
LF:2
LH:2
BRF:0
BRH:0
end_of_record
TN:
SF:src/primitives/AvatarPrmt/AvatarPrmt.tsx
FN:10,(anonymous_0)
FNF:1
FNH:0
FNDA:0,(anonymous_0)
DA:2,1
DA:10,1
DA:11,0
LF:3
LH:2
BRF:0
BRH:0
end_of_record
TN:
SF:src/primitives/BadgePrmt/BadgePrmt.tsx
FN:8,(anonymous_0)
FNF:1
FNH:1
FNDA:20,(anonymous_0)
DA:1,1
DA:8,20
DA:9,20
LF:3
LH:3
BRF:0
BRH:0
end_of_record
TN:
SF:src/primitives/CardPrmt/CardPrmt.styles.ts
FN:3,(anonymous_1)
FNF:1
FNH:0
FNDA:0,(anonymous_1)
DA:1,1
DA:3,1
LF:2
LH:2
BRDA:4,0,0,0
BRDA:4,0,1,0
BRDA:9,1,0,0
BRDA:9,1,1,0
BRDA:15,2,0,0
BRDA:15,2,1,0
BRDA:27,3,0,0
BRDA:27,3,1,0
BRDA:32,4,0,0
BRDA:32,4,1,0
BRF:10
BRH:0
end_of_record
TN:
SF:src/primitives/CardPrmt/CardPrmt.tsx
FN:14,(anonymous_1)
FN:24,(anonymous_2)
FN:27,(anonymous_3)
FNF:3
FNH:0
FNDA:0,(anonymous_1)
FNDA:0,(anonymous_2)
FNDA:0,(anonymous_3)
DA:1,1
DA:2,1
DA:3,1
DA:4,1
DA:5,1
DA:6,1
DA:14,1
DA:15,0
DA:17,0
DA:18,0
DA:20,0
DA:24,0
DA:28,0
DA:29,0
LF:14
LH:7
BRDA:23,0,0,0
BRDA:23,0,1,0
BRDA:25,1,0,0
BRDA:25,1,1,0
BRF:4
BRH:0
end_of_record
TN:
SF:src/primitives/ColPrmt/ColPrmt.tsx
FN:15,(anonymous_0)
FNF:1
FNH:1
FNDA:112,(anonymous_0)
DA:1,6
DA:15,112
DA:16,112
LF:3
LH:3
BRF:0
BRH:0
end_of_record
TN:
SF:src/primitives/CustomClockPrmt/CustomClockPrmt.styles.ts
FN:3,(anonymous_1)
FNF:1
FNH:0
FNDA:0,(anonymous_1)
DA:1,1
DA:3,1
LF:2
LH:2
BRDA:4,0,0,0
BRDA:4,0,1,0
BRF:2
BRH:0
end_of_record
TN:
SF:src/primitives/CustomClockPrmt/CustomClockPrmt.tsx
FN:15,(anonymous_0)
FNF:1
FNH:0
FNDA:0,(anonymous_0)
DA:2,1
DA:3,1
DA:15,1
DA:16,0
DA:18,0
LF:5
LH:3
BRF:0
BRH:0
end_of_record
TN:
SF:src/primitives/DateWithTimeBlockPrmt/DateWithTimeBlockPrmt.styles.ts
FN:3,(anonymous_1)
FNF:1
FNH:0
FNDA:0,(anonymous_1)
DA:1,1
DA:3,1
LF:2
LH:2
BRDA:4,0,0,0
BRDA:4,0,1,0
BRF:2
BRH:0
end_of_record
TN:
SF:src/primitives/DateWithTimeBlockPrmt/DateWithTimeBlockPrmt.tsx
FN:9,(anonymous_0)
FN:22,(anonymous_1)
FN:29,(anonymous_2)
FN:38,(anonymous_3)
FNF:4
FNH:0
FNDA:0,(anonymous_0)
FNDA:0,(anonymous_1)
FNDA:0,(anonymous_2)
FNDA:0,(anonymous_3)
DA:2,1
DA:3,1
DA:9,1
DA:10,0
DA:12,0
DA:14,0
DA:15,0
DA:17,0
DA:22,0
DA:29,0
DA:38,0
LF:11
LH:3
BRDA:14,0,0,0
BRDA:14,0,1,0
BRDA:14,1,0,0
BRDA:14,1,1,0
BRDA:14,2,0,0
BRDA:14,2,1,0
BRDA:15,3,0,0
BRDA:15,3,1,0
BRDA:15,4,0,0
BRDA:15,4,1,0
BRDA:15,5,0,0
BRDA:15,5,1,0
BRDA:19,6,0,0
BRDA:19,6,1,0
BRF:14
BRH:0
end_of_record
TN:
SF:src/primitives/DaysPanelPrmt/DaysPanelPrmt.tsx
FN:11,(anonymous_0)
FNF:1
FNH:0
FNDA:0,(anonymous_0)
DA:2,1
DA:11,1
LF:2
LH:2
BRF:0
BRH:0
end_of_record
TN:
SF:src/primitives/FiltersSearchListPrmt/FiltersSearchListPrmt.tsx
FN:11,(anonymous_1)
FNF:1
FNH:1
FNDA:4,(anonymous_1)
DA:2,1
DA:3,1
DA:4,1
DA:5,1
DA:11,4
DA:12,4
DA:14,4
LF:7
LH:7
BRF:0
BRH:0
end_of_record
TN:
SF:src/primitives/FiltersSearchListPrmt/filtersSearchListPrmt.styles.ts
FN:7,(anonymous_1)
FNF:1
FNH:1
FNDA:1872,(anonymous_1)
DA:1,6
DA:2,6
DA:4,6
DA:5,6
DA:7,1872
LF:5
LH:5
BRDA:8,0,0,1872
BRDA:8,0,1,6
BRDA:11,1,0,1872
BRDA:11,1,1,6
BRDA:14,2,0,1872
BRDA:14,2,1,6
BRDA:17,3,0,1872
BRDA:17,3,1,6
BRDA:20,4,0,1872
BRDA:20,4,1,6
BRDA:26,5,0,1872
BRDA:26,5,1,6
BRDA:29,6,0,1872
BRDA:29,6,1,6
BRDA:32,7,0,1872
BRDA:32,7,1,6
BRDA:35,8,0,1872
BRDA:35,8,1,6
BRDA:36,9,0,1872
BRDA:36,9,1,6
BRDA:40,10,0,1872
BRDA:40,10,1,6
BRDA:43,11,0,1872
BRDA:43,11,1,6
BRDA:46,12,0,1872
BRDA:46,12,1,6
BRF:26
BRH:26
end_of_record
TN:
SF:src/primitives/FiltersSearchListPrmt/FiltersSearchListContainerPrmt/FiltersSearchListContainerPrmt.tsx
FN:10,(anonymous_0)
FNF:1
FNH:1
FNDA:4,(anonymous_0)
DA:1,1
DA:2,1
DA:3,1
DA:4,1
DA:10,4
DA:11,4
DA:12,4
DA:14,4
LF:8
LH:8
BRDA:15,0,0,0
BRDA:15,0,1,4
BRF:2
BRH:1
end_of_record
TN:
SF:src/primitives/FiltersSearchListPrmt/FiltersSearchListItemPrmt/FiltersSearchListItemPrmt.tsx
FN:13,(anonymous_1)
FNF:1
FNH:1
FNDA:17,(anonymous_1)
DA:2,1
DA:3,1
DA:4,1
DA:5,1
DA:6,1
DA:7,1
DA:13,17
LF:7
LH:7
BRDA:17,0,0,17
BRDA:17,0,1,15
BRDA:23,1,0,17
BRDA:23,1,1,2
BRDA:31,2,0,17
BRDA:31,2,1,15
BRF:6
BRH:6
end_of_record
TN:
SF:src/primitives/FiltersSearchListPrmt/FiltersSearchListItemPrmt/FiltersSearchListItemGridsPrmt/FiltersSearchListItemGridsPrmt.tsx
FN:10,(anonymous_0)
FNF:1
FNH:1
FNDA:12,(anonymous_0)
DA:1,1
DA:3,1
DA:4,1
DA:10,12
DA:11,12
DA:13,12
LF:6
LH:6
BRF:0
BRH:0
end_of_record
TN:
SF:src/primitives/FiltersSearchListPrmt/FiltersSearchListItemPrmt/FiltersSearchListItemMobilePrmt/FiltersSearchListItemMobilePrmt.tsx
FN:13,(anonymous_1)
FN:20,(anonymous_2)
FNF:2
FNH:2
FNDA:15,(anonymous_1)
FNDA:10,(anonymous_2)
DA:2,1
DA:3,1
DA:4,1
DA:5,1
DA:6,1
DA:7,1
DA:13,15
DA:14,15
DA:16,15
DA:20,10
LF:10
LH:10
BRDA:20,0,0,0
BRDA:20,0,1,15
BRDA:20,1,0,15
BRDA:20,1,1,15
BRDA:27,2,0,15
BRDA:27,2,1,15
BRDA:33,3,0,15
BRDA:33,3,1,15
BRDA:34,4,0,15
BRDA:34,4,1,0
BRF:10
BRH:8
end_of_record
TN:
SF:src/primitives/FiltersSearchListPrmt/FiltersSearchListItemPrmt/FiltersSearchListItemMobilePrmt/FiltersSearchListItemMobileInfoStatusPrmt/FiltersSearchListItemMobileInfoStatusPrmt.tsx
FN:9,(anonymous_0)
FN:12,(anonymous_1)
FNF:2
FNH:2
FNDA:756,(anonymous_0)
FNDA:666,(anonymous_1)
DA:1,6
DA:2,6
DA:3,6
DA:9,756
DA:10,756
DA:12,756
DA:13,666
DA:14,666
DA:15,666
DA:18,756
DA:20,756
LF:11
LH:11
BRF:0
BRH:0
end_of_record
TN:
SF:src/primitives/FiltersSearchListPrmt/FiltersSearchListItemPrmt/FiltersSearchListItemUsersInfoPrmt/FiltersSearchListItemUsersInfoPrmt.tsx
FN:13,(anonymous_1)
FN:20,(anonymous_2)
FNF:2
FNH:2
FNDA:201,(anonymous_1)
FNDA:597,(anonymous_2)
DA:2,6
DA:3,6
DA:4,6
DA:5,6
DA:6,6
DA:7,6
DA:13,201
DA:14,201
DA:16,201
DA:20,597
LF:10
LH:10
BRDA:20,0,0,2
BRDA:20,0,1,199
BRDA:20,1,0,201
BRDA:20,1,1,199
BRDA:27,2,0,201
BRDA:27,2,1,2
BRF:6
BRH:6
end_of_record
TN:
SF:src/primitives/FiltersSearchListPrmt/FiltersSearchListItemPrmt/FiltersSearchListItemUsersInfoPrmt/FiltersSearchListItemUsersInfoMobilePrmt/FiltersSearchListItemUsersInfoMobilePrmt.tsx
FN:12,(anonymous_1)
FN:18,(anonymous_2)
FNF:2
FNH:2
FNDA:201,(anonymous_1)
FNDA:597,(anonymous_2)
DA:2,6
DA:3,6
DA:4,6
DA:5,6
DA:6,6
DA:12,201
DA:13,201
DA:15,201
DA:18,597
LF:9
LH:9
BRDA:18,0,0,2
BRDA:18,0,1,199
BRDA:18,1,0,201
BRDA:18,1,1,199
BRDA:25,2,0,201
BRDA:25,2,1,2
BRF:6
BRH:6
end_of_record
TN:
SF:src/primitives/FiltersSearchListPrmt/FiltersSearchListItemPrmt/FiltersSearchListItemUsersInfoPrmt/FiltersSearchListItemUsersInfoStatusPrmt/FiltersSearchListItemUsersInfoStatusPrmt.tsx
FN:10,(anonymous_0)
FN:13,(anonymous_1)
FNF:2
FNH:2
FNDA:765,(anonymous_0)
FNDA:765,(anonymous_1)
DA:1,6
DA:2,6
DA:3,6
DA:4,6
DA:10,765
DA:11,765
DA:13,765
DA:14,765
DA:17,765
DA:19,765
LF:10
LH:10
BRF:0
BRH:0
end_of_record
TN:
SF:src/primitives/FiltersSearchListPrmt/FiltersSearchListMobilePrmt/FiltersSearchListMobilePrmt.tsx
FN:8,(anonymous_1)
FN:22,(anonymous_2)
FN:25,(anonymous_3)
FNF:3
FNH:2
FNDA:4,(anonymous_1)
FNDA:20,(anonymous_2)
FNDA:0,(anonymous_3)
DA:1,1
DA:2,1
DA:3,1
DA:4,1
DA:5,1
DA:6,1
DA:8,1
DA:9,4
DA:10,4
DA:11,4
DA:13,4
DA:14,4
DA:15,4
DA:17,4
DA:19,4
DA:22,20
DA:25,0
LF:17
LH:16
BRF:0
BRH:0
end_of_record
TN:
SF:src/primitives/FiltersSearchListPrmt/FiltersSearchListMobilePrmt/data.ts
FNF:0
FNH:0
DA:1,1
LF:1
LH:1
BRF:0
BRH:0
end_of_record
TN:
SF:src/primitives/FlexPrmt/FlexPrmt.tsx
FN:15,(anonymous_0)
FNF:1
FNH:1
FNDA:20,(anonymous_0)
DA:2,1
DA:15,20
DA:16,20
LF:3
LH:3
BRF:0
BRH:0
end_of_record
TN:
SF:src/primitives/FooterPrmt/FooterPrmt.tsx
FN:4,(anonymous_0)
FNF:1
FNH:1
FNDA:12,(anonymous_0)
DA:2,3
DA:4,12
LF:2
LH:2
BRF:0
BRH:0
end_of_record
TN:
SF:src/primitives/LayoutPrmt/LayoutPrmt.styles.ts
FN:7,(anonymous_1)
FNF:1
FNH:1
FNDA:180,(anonymous_1)
DA:1,10
DA:3,10
DA:4,10
DA:5,10
DA:7,180
LF:5
LH:5
BRDA:8,0,0,180
BRDA:8,0,1,10
BRDA:11,1,0,180
BRDA:11,1,1,10
BRDA:17,2,0,180
BRDA:17,2,1,10
BRDA:23,3,0,180
BRDA:23,3,1,10
BRDA:29,4,0,180
BRDA:29,4,1,10
BRDA:34,5,0,180
BRDA:34,5,1,10
BRDA:41,6,0,180
BRDA:41,6,1,10
BRF:14
BRH:14
end_of_record
TN:
SF:src/primitives/LayoutPrmt/LayoutPrmt.tsx
FN:17,(anonymous_0)
FN:23,(anonymous_1)
FN:25,(anonymous_2)
FNF:3
FNH:3
FNDA:40,(anonymous_0)
FNDA:40,(anonymous_1)
FNDA:40,(anonymous_2)
DA:1,10
DA:2,10
DA:3,10
DA:4,10
DA:5,10
DA:6,10
DA:17,40
DA:18,80
DA:19,40
DA:21,40
DA:23,40
DA:24,40
DA:25,40
DA:28,40
LF:14
LH:14
BRDA:24,0,0,12
BRDA:35,1,0,40
BRDA:35,1,1,12
BRF:3
BRH:3
end_of_record
TN:
SF:src/primitives/LayoutPrmt/HomeHeaderPrmt/HomeHeaderPrmt.tsx
FN:16,(anonymous_1)
FN:19,(anonymous_2)
FN:25,(anonymous_3)
FNF:3
FNH:2
FNDA:40,(anonymous_1)
FNDA:40,(anonymous_2)
FNDA:0,(anonymous_3)
DA:1,10
DA:2,10
DA:3,10
DA:4,10
DA:5,10
DA:6,10
DA:7,10
DA:8,10
DA:16,40
DA:17,40
DA:19,40
DA:20,40
DA:21,4
DA:25,40
DA:26,0
DA:27,0
DA:30,40
DA:31,40
DA:33,40
LF:19
LH:17
BRDA:20,0,0,4
BRDA:26,1,0,0
BRDA:26,1,1,0
BRF:3
BRH:1
end_of_record
TN:
SF:src/primitives/LayoutPrmt/HomeHeaderPrmt/BurgerMenuPrmt/BurgerMenuPrmt.tsx
FN:5,(anonymous_1)
FNF:1
FNH:1
FNDA:10,(anonymous_1)
DA:1,10
DA:2,10
DA:5,10
LF:3
LH:3
BRF:0
BRH:0
end_of_record
TN:
SF:src/primitives/LayoutPrmt/HomeHeaderPrmt/HomeHeaderMobilePrmt/HomeHeaderMobilePrmt.tsx
FN:13,(anonymous_1)
FNF:1
FNH:1
FNDA:40,(anonymous_1)
DA:2,10
DA:3,10
DA:4,10
DA:5,10
DA:6,10
DA:7,10
DA:13,40
DA:14,40
DA:15,40
DA:17,40
LF:10
LH:10
BRF:0
BRH:0
end_of_record
TN:
SF:src/primitives/LayoutPrmt/HomeHeaderPrmt/LogoPrmt/LogoPrmt.tsx
FN:8,(anonymous_1)
FNF:1
FNH:1
FNDA:30,(anonymous_1)
DA:2,10
DA:8,30
LF:2
LH:2
BRF:0
BRH:0
end_of_record
TN:
SF:src/primitives/LayoutPrmt/HomeSidebarPrmt/HomeSidebarPrmt.tsx
FN:11,(anonymous_1)
FN:15,(anonymous_2)
FN:19,(anonymous_3)
FN:23,(anonymous_4)
FN:28,(anonymous_5)
FNF:5
FNH:3
FNDA:40,(anonymous_1)
FNDA:0,(anonymous_2)
FNDA:0,(anonymous_3)
FNDA:40,(anonymous_4)
FNDA:20,(anonymous_5)
DA:1,10
DA:2,10
DA:3,10
DA:4,10
DA:5,10
DA:11,40
DA:12,40
DA:13,40
DA:15,40
DA:16,0
DA:19,40
DA:20,0
DA:23,40
DA:24,40
DA:25,40
DA:26,20
DA:27,20
DA:28,20
DA:29,20
DA:30,20
DA:35,40
DA:36,40
DA:38,40
LF:23
LH:21
BRDA:25,0,0,20
BRDA:40,1,0,40
BRDA:40,1,1,0
BRF:3
BRH:2
end_of_record
TN:
SF:src/primitives/LayoutPrmt/HomeSidebarPrmt/HomeSidebarNavigationPrmt/HomeSidebarNavigationPrmt.tsx
FN:11,(anonymous_1)
FN:16,(anonymous_2)
FNF:2
FNH:2
FNDA:20,(anonymous_1)
FNDA:60,(anonymous_2)
DA:2,10
DA:3,10
DA:4,10
DA:11,20
DA:12,20
DA:14,20
DA:16,60
LF:7
LH:7
BRDA:19,0,0,60
BRDA:19,0,1,0
BRF:2
BRH:1
end_of_record
TN:
SF:src/primitives/OrderListPreviewPrmt/OrdersListPreviewPrmt.styles.ts
FN:7,(anonymous_1)
FNF:1
FNH:1
FNDA:276,(anonymous_1)
DA:1,5
DA:2,5
DA:4,5
DA:5,5
DA:7,276
LF:5
LH:5
BRDA:8,0,0,276
BRDA:8,0,1,5
BRDA:13,1,0,276
BRDA:13,1,1,5
BRDA:18,2,0,276
BRDA:18,2,1,5
BRDA:23,3,0,276
BRDA:23,3,1,5
BRDA:28,4,0,276
BRDA:28,4,1,5
BRDA:33,5,0,276
BRDA:33,5,1,5
BRDA:36,6,0,276
BRDA:36,6,1,5
BRDA:44,7,0,276
BRDA:44,7,1,5
BRF:16
BRH:16
end_of_record
TN:
SF:src/primitives/OrderListPreviewPrmt/OrderListContainerPrmt/OrderListContainerPrmt.tsx
FN:8,(anonymous_0)
FNF:1
FNH:1
FNDA:16,(anonymous_0)
DA:1,3
DA:2,3
DA:3,3
DA:8,16
DA:9,16
DA:10,16
DA:12,16
LF:7
LH:7
BRDA:12,0,0,0
BRDA:12,0,1,16
BRF:2
BRH:1
end_of_record
TN:
SF:src/primitives/OrderListPreviewPrmt/OrderListContainerPrmt/OrderListItemPrmt/OrderListItemPrmt.tsx
FN:11,(anonymous_0)
FNF:1
FNH:1
FNDA:212,(anonymous_0)
DA:2,5
DA:3,5
DA:4,5
DA:5,5
DA:11,212
DA:12,212
DA:13,212
LF:7
LH:7
BRDA:15,0,0,212
BRDA:15,0,1,184
BRDA:23,1,0,212
BRDA:23,1,1,28
BRF:4
BRH:4
end_of_record
TN:
SF:src/primitives/OrderListPreviewPrmt/OrderListDiffContainerPrmt/OrderListDiffContainerPrmt.tsx
FN:9,(anonymous_0)
FNF:1
FNH:1
FNDA:16,(anonymous_0)
DA:1,2
DA:2,2
DA:3,2
DA:9,16
DA:10,16
DA:11,16
DA:13,16
LF:7
LH:7
BRDA:13,0,0,0
BRDA:13,0,1,16
BRF:2
BRH:1
end_of_record
TN:
SF:src/primitives/OrderListPreviewPrmt/OrderListPreviewContainerPrmt/OrderListPreviewContainerPrmt.tsx
FN:8,(anonymous_0)
FNF:1
FNH:1
FNDA:32,(anonymous_0)
DA:2,5
DA:8,32
LF:2
LH:2
BRF:0
BRH:0
end_of_record
TN:
SF:src/primitives/OrderListPreviewPrmt/OrderListPreviewGridsPrmt/OrderListPreviewGridsPrmt.tsx
FN:10,(anonymous_0)
FN:12,(anonymous_1)
FNF:2
FNH:2
FNDA:184,(anonymous_0)
FNDA:368,(anonymous_1)
DA:2,5
DA:3,5
DA:4,5
DA:10,184
DA:12,368
LF:5
LH:5
BRF:0
BRH:0
end_of_record
TN:
SF:src/primitives/OrderListPreviewPrmt/OrderPrmt/OrderPrmt.tsx
FN:5,(anonymous_0)
FNF:1
FNH:1
FNDA:32,(anonymous_0)
DA:2,5
DA:3,5
DA:5,5
DA:6,32
DA:8,32
LF:5
LH:5
BRF:0
BRH:0
end_of_record
TN:
SF:src/primitives/OrderTabsPrmt/OrderTabsPrmt.styles.ts
FN:3,(anonymous_1)
FNF:1
FNH:1
FNDA:16,(anonymous_1)
DA:1,1
DA:3,16
LF:2
LH:2
BRDA:4,0,0,16
BRDA:4,0,1,1
BRDA:21,1,0,16
BRDA:21,1,1,1
BRDA:29,2,0,16
BRDA:29,2,1,1
BRF:6
BRH:6
end_of_record
TN:
SF:src/primitives/OrderTabsPrmt/OrderTabsPrmt.tsx
FN:9,(anonymous_0)
FNF:1
FNH:1
FNDA:4,(anonymous_0)
DA:2,1
DA:3,1
DA:9,4
DA:10,4
DA:12,4
LF:5
LH:5
BRF:0
BRH:0
end_of_record
TN:
SF:src/primitives/OrderTabsPrmt/OrderContainerPrmt/OrderContainerPrmt.tsx
FN:8,(anonymous_0)
FNF:1
FNH:1
FNDA:4,(anonymous_0)
DA:2,1
DA:8,4
DA:9,4
DA:10,4
LF:4
LH:4
BRF:0
BRH:0
end_of_record
TN:
SF:src/primitives/OrderTabsPrmt/OrderPreviewPrmt/OrderPreviewPrmt.tsx
FN:5,(anonymous_0)
FNF:1
FNH:1
FNDA:8,(anonymous_0)
DA:2,1
DA:3,1
DA:5,1
DA:6,8
DA:8,8
LF:5
LH:5
BRF:0
BRH:0
end_of_record
TN:
SF:src/primitives/OrderTabsPrmt/OrderVersionPrmt/OrderVersionPrmt.tsx
FN:8,(anonymous_0)
FNF:1
FNH:1
FNDA:8,(anonymous_0)
DA:2,1
DA:8,8
LF:2
LH:2
BRF:0
BRH:0
end_of_record
TN:
SF:src/primitives/OrdersFilterPrmt/OrdersFilterContextPrmt.tsx
FN:16,(anonymous_0)
FN:18,(anonymous_1)
FN:21,(anonymous_2)
FN:26,(anonymous_3)
FNF:4
FNH:2
FNDA:0,(anonymous_0)
FNDA:0,(anonymous_1)
FNDA:28,(anonymous_2)
FNDA:28,(anonymous_3)
DA:1,8
DA:14,8
DA:21,28
DA:22,28
DA:23,28
DA:25,28
DA:26,28
DA:35,28
LF:8
LH:8
BRF:0
BRH:0
end_of_record
TN:
SF:src/primitives/OrdersFilterPrmt/data.ts
FNF:0
FNH:0
DA:1,4
DA:27,4
LF:2
LH:2
BRF:0
BRH:0
end_of_record
TN:
SF:src/primitives/OrdersFilterPrmt/OrdersFilterCardsContainerPrmt/OrdersFilterCardsContainerPrmt.tsx
FN:11,(anonymous_1)
FNF:1
FNH:1
FNDA:46,(anonymous_1)
DA:2,8
DA:3,8
DA:4,8
DA:5,8
DA:11,46
DA:12,46
DA:14,46
LF:7
LH:7
BRF:0
BRH:0
end_of_record
TN:
SF:src/primitives/OrdersFilterPrmt/OrdersFilterCardsContainerPrmt/OrdersFilterCardsContainerMobilePrmt/OrdersFilterCardsContainerMobilePrmt.tsx
FN:10,(anonymous_1)
FNF:1
FNH:1
FNDA:46,(anonymous_1)
DA:2,8
DA:3,8
DA:5,8
DA:10,46
DA:11,46
LF:5
LH:5
BRF:0
BRH:0
end_of_record
TN:
SF:src/primitives/OrdersFilterPrmt/OrdersFilterClosedPrmt/OrdersFilterClosedPrmt.styles.ts
FN:6,(anonymous_1)
FNF:1
FNH:1
FNDA:50,(anonymous_1)
DA:1,8
DA:3,8
DA:4,8
DA:6,50
LF:4
LH:4
BRDA:7,0,0,50
BRDA:7,0,1,4
BRDA:10,1,0,50
BRDA:10,1,1,4
BRDA:15,2,0,50
BRDA:15,2,1,4
BRDA:20,3,0,50
BRDA:20,3,1,4
BRDA:27,4,0,50
BRDA:27,4,1,4
BRDA:33,5,0,50
BRDA:33,5,1,4
BRF:12
BRH:12
end_of_record
TN:
SF:src/primitives/OrdersFilterPrmt/OrdersFilterClosedPrmt/OrdersFilterClosedPrmt.tsx
FN:17,(anonymous_1)
FN:20,(anonymous_2)
FN:30,(anonymous_3)
FN:31,(anonymous_4)
FN:32,(anonymous_5)
FN:33,(anonymous_6)
FNF:6
FNH:3
FNDA:20,(anonymous_1)
FNDA:20,(anonymous_2)
FNDA:60,(anonymous_3)
FNDA:0,(anonymous_4)
FNDA:0,(anonymous_5)
FNDA:0,(anonymous_6)
DA:1,8
DA:2,8
DA:3,8
DA:4,8
DA:5,8
DA:6,8
DA:7,8
DA:8,8
DA:9,8
DA:17,20
DA:18,20
DA:20,20
DA:21,20
DA:24,20
DA:26,20
DA:30,60
DA:31,0
DA:32,0
DA:33,0
LF:19
LH:16
BRDA:30,0,0,20
BRDA:30,0,1,20
BRDA:31,1,0,20
BRDA:31,1,1,0
BRDA:32,2,0,20
BRDA:32,2,1,0
BRDA:33,3,0,20
BRDA:33,3,1,20
BRF:8
BRH:6
end_of_record
TN:
SF:src/primitives/OrdersFilterPrmt/OrdersFilterClosedPrmt/OrdersFilterClosedCardsPrmt/OrdersFilterClosedCardsPrmt.tsx
FN:11,(anonymous_0)
FN:19,(anonymous_1)
FNF:2
FNH:2
FNDA:30,(anonymous_0)
FNDA:60,(anonymous_1)
DA:2,8
DA:3,8
DA:4,8
DA:5,8
DA:11,30
DA:12,30
DA:14,30
DA:19,60
LF:8
LH:8
BRF:0
BRH:0
end_of_record
TN:
SF:src/primitives/OrdersFilterPrmt/OrdersFilterDialogsPrmt/OrdersFilterDesktopDialogPrmt/OrdersFilterDesktopDialogPrmt.styles.ts
FN:6,(anonymous_1)
FNF:1
FNH:0
FNDA:0,(anonymous_1)
DA:1,3
DA:3,3
DA:4,3
DA:6,3
LF:4
LH:4
BRDA:7,0,0,0
BRDA:7,0,1,0
BRDA:15,1,0,0
BRDA:15,1,1,0
BRDA:25,2,0,0
BRDA:25,2,1,0
BRF:6
BRH:0
end_of_record
TN:
SF:src/primitives/OrdersFilterPrmt/OrdersFilterDialogsPrmt/OrdersFilterDesktopDialogPrmt/OrdersFilterDesktopDialogPrmt.tsx
FN:18,(anonymous_1)
FN:25,(anonymous_2)
FN:26,(anonymous_3)
FN:30,(anonymous_4)
FN:35,(anonymous_5)
FN:48,(anonymous_6)
FNF:6
FNH:0
FNDA:0,(anonymous_1)
FNDA:0,(anonymous_2)
FNDA:0,(anonymous_3)
FNDA:0,(anonymous_4)
FNDA:0,(anonymous_5)
FNDA:0,(anonymous_6)
DA:1,3
DA:2,3
DA:3,3
DA:4,3
DA:5,3
DA:6,3
DA:7,3
DA:8,3
DA:18,3
DA:19,0
DA:20,0
DA:21,0
DA:23,0
DA:25,0
DA:26,0
DA:27,0
DA:29,0
DA:30,0
DA:31,0
DA:35,0
DA:36,0
DA:41,0
DA:44,0
DA:48,0
LF:24
LH:9
BRDA:27,0,0,0
BRF:1
BRH:0
end_of_record
TN:
SF:src/primitives/OrdersFilterPrmt/OrdersFilterDialogsPrmt/OrdersFilterMobileDialogPrmt/OrdersFilterMobileDialogPrmt.styles.ts
FN:3,(anonymous_1)
FNF:1
FNH:0
FNDA:0,(anonymous_1)
DA:1,1
DA:3,1
LF:2
LH:2
BRDA:4,0,0,0
BRDA:4,0,1,0
BRDA:11,1,0,0
BRDA:11,1,1,0
BRF:4
BRH:0
end_of_record
TN:
SF:src/primitives/OrdersFilterPrmt/OrdersFilterDialogsPrmt/OrdersFilterMobileDialogPrmt/OrdersFilterMobileDialogPrmt.tsx
FN:18,(anonymous_1)
FN:25,(anonymous_2)
FN:26,(anonymous_3)
FN:30,(anonymous_4)
FN:35,(anonymous_5)
FN:47,(anonymous_6)
FNF:6
FNH:0
FNDA:0,(anonymous_1)
FNDA:0,(anonymous_2)
FNDA:0,(anonymous_3)
FNDA:0,(anonymous_4)
FNDA:0,(anonymous_5)
FNDA:0,(anonymous_6)
DA:1,1
DA:2,1
DA:3,1
DA:4,1
DA:5,1
DA:6,1
DA:7,1
DA:8,1
DA:18,1
DA:19,0
DA:20,0
DA:21,0
DA:23,0
DA:25,0
DA:26,0
DA:27,0
DA:29,0
DA:30,0
DA:31,0
DA:35,0
DA:36,0
DA:41,0
DA:44,0
DA:47,0
LF:24
LH:9
BRDA:27,0,0,0
BRF:1
BRH:0
end_of_record
TN:
SF:src/primitives/OrdersFilterPrmt/OrdersFilterOpenedPrmt/OrdersFilterOpened.styles.ts
FN:6,(anonymous_1)
FNF:1
FNH:1
FNDA:130,(anonymous_1)
DA:1,8
DA:3,8
DA:4,8
DA:6,130
LF:4
LH:4
BRDA:7,0,0,130
BRDA:7,0,1,8
BRDA:11,1,0,130
BRDA:11,1,1,8
BRDA:16,2,0,130
BRDA:16,2,1,8
BRDA:26,3,0,130
BRDA:26,3,1,8
BRDA:29,4,0,130
BRDA:29,4,1,8
BRDA:33,5,0,130
BRDA:33,5,1,8
BRDA:42,6,0,130
BRDA:42,6,1,8
BRDA:47,7,0,130
BRDA:47,7,1,8
BRF:16
BRH:16
end_of_record
TN:
SF:src/primitives/OrdersFilterPrmt/OrdersFilterOpenedPrmt/OrdersFilterOpenedPrmt.tsx
FN:18,(anonymous_2)
FN:21,(anonymous_3)
FN:37,(anonymous_4)
FNF:3
FNH:2
FNDA:36,(anonymous_2)
FNDA:0,(anonymous_3)
FNDA:72,(anonymous_4)
DA:1,4
DA:2,4
DA:3,4
DA:4,4
DA:5,4
DA:6,4
DA:7,4
DA:8,4
DA:9,4
DA:10,4
DA:18,36
DA:19,36
DA:21,36
DA:22,0
DA:26,0
DA:29,36
DA:31,36
DA:37,72
LF:18
LH:16
BRDA:34,0,0,36
BRDA:34,0,1,0
BRF:2
BRH:1
end_of_record
TN:
SF:src/primitives/OrdersFilterPrmt/OrdersFilterOpenedPrmt/OrdersFilterOpenedCardsPrmt/OrdersFilterOpenedCardsPrmt.tsx
FN:14,(anonymous_1)
FN:17,(anonymous_2)
FN:32,(anonymous_3)
FNF:3
FNH:2
FNDA:72,(anonymous_1)
FNDA:0,(anonymous_2)
FNDA:144,(anonymous_3)
DA:1,8
DA:2,8
DA:3,8
DA:4,8
DA:5,8
DA:6,8
DA:7,8
DA:14,72
DA:15,72
DA:17,72
DA:18,0
DA:23,0
DA:26,72
DA:28,72
DA:32,144
LF:15
LH:13
BRDA:40,0,0,72
BRDA:40,0,1,36
BRDA:41,1,0,72
BRDA:41,1,1,36
BRF:4
BRH:4
end_of_record
TN:
SF:src/primitives/OrdersFilterPrmt/OrdersFilterOpenedPrmt/OrdersFilterOpenedCardsPrmt/OrdersFilterCardAddItemButtonPrmt/OrdersFilterCardAddItemButtonPrmt.tsx
FN:9,(anonymous_0)
FNF:1
FNH:1
FNDA:36,(anonymous_0)
DA:2,8
DA:3,8
DA:9,36
LF:3
LH:3
BRF:0
BRH:0
end_of_record
TN:
SF:src/primitives/OrdersFilterPrmt/OrdersFilterOpenedPrmt/OrdersFilterOpenedCardsPrmt/OrdersFilterCardAddItemDialogButtonPrmt/OrdersFilterCardAddItemDialogButtonPrmt.tsx
FN:11,(anonymous_1)
FN:16,(anonymous_2)
FNF:2
FNH:1
FNDA:36,(anonymous_1)
FNDA:0,(anonymous_2)
DA:1,8
DA:2,8
DA:3,8
DA:4,8
DA:5,8
DA:11,36
DA:12,36
DA:14,36
DA:16,36
DA:17,0
DA:18,0
DA:21,36
LF:12
LH:10
BRF:0
BRH:0
end_of_record
TN:
SF:src/primitives/OrdersFilterPrmt/OrdersFilterOpenedPrmt/OrdersFilterOpenedCardsPrmt/OrdersFilterOpenedCardItemPrmt/OrdersFilterOpenedCardItemPrmt.tsx
FN:8,(anonymous_0)
FN:11,(anonymous_1)
FNF:2
FNH:2
FNDA:144,(anonymous_0)
FNDA:108,(anonymous_1)
DA:1,8
DA:2,8
DA:8,144
DA:9,144
DA:11,144
DA:12,108
DA:15,144
LF:7
LH:7
BRF:0
BRH:0
end_of_record
TN:
SF:src/primitives/OrdersFilterPrmt/OrdersFilterOpenedPrmt/OrdersFilterOpenedCardsPrmt/OrdersFilterOpenedCardsAddButtonPrmt/OrdersFilterOpenedCardsAddButtonPrmt.tsx
FN:11,(anonymous_1)
FNF:1
FNH:1
FNDA:36,(anonymous_1)
DA:2,4
DA:3,4
DA:4,4
DA:5,4
DA:11,36
DA:12,36
DA:14,36
LF:7
LH:7
BRF:0
BRH:0
end_of_record
TN:
SF:src/primitives/OrdersFilterPrmt/OrdersFilterOpenedPrmt/OrdersFilterOpenedMobilePrmt/OrdersFilterOpenedMobilePrmt.tsx
FN:15,(anonymous_2)
FN:18,(anonymous_3)
FN:33,(anonymous_4)
FNF:3
FNH:2
FNDA:42,(anonymous_2)
FNDA:0,(anonymous_3)
FNDA:84,(anonymous_4)
DA:1,4
DA:2,4
DA:3,4
DA:4,4
DA:5,4
DA:6,4
DA:7,4
DA:8,4
DA:9,4
DA:15,42
DA:16,42
DA:18,42
DA:19,0
DA:23,0
DA:26,42
DA:28,42
DA:33,84
LF:17
LH:15
BRF:0
BRH:0
end_of_record
TN:
SF:src/primitives/OrdersFilterPrmt/StatusContainerPrmt/StatusContainerContextPrmt.tsx
FN:18,(anonymous_0)
FN:20,(anonymous_1)
FN:22,(anonymous_2)
FN:25,(anonymous_3)
FN:30,(anonymous_4)
FNF:5
FNH:2
FNDA:0,(anonymous_0)
FNDA:0,(anonymous_1)
FNDA:0,(anonymous_2)
FNDA:2391,(anonymous_3)
FNDA:1725,(anonymous_4)
DA:1,8
DA:16,8
DA:25,2391
DA:26,2391
DA:27,2391
DA:28,2391
DA:30,2391
DA:32,2391
LF:8
LH:8
BRF:0
BRH:0
end_of_record
TN:
SF:src/primitives/OrdersFilterPrmt/StatusContainerPrmt/StatusContainerPrmt.tsx
FN:11,(anonymous_0)
FN:14,(anonymous_1)
FNF:2
FNH:2
FNDA:1077,(anonymous_0)
FNDA:1761,(anonymous_1)
DA:2,8
DA:3,8
DA:4,8
DA:5,8
DA:11,1077
DA:14,1761
LF:6
LH:6
BRDA:16,0,0,1761
BRDA:16,0,1,342
BRDA:17,1,0,1761
BRDA:17,1,1,288
BRDA:18,2,0,1761
BRDA:18,2,1,1131
BRF:6
BRH:6
end_of_record
TN:
SF:src/primitives/OrdersFilterPrmt/StatusContainerPrmt/StatusChangedPrmt/StatusChangedPrmt.styles.ts
FN:3,(anonymous_1)
FNF:1
FNH:1
FNDA:288,(anonymous_1)
DA:1,8
DA:3,288
LF:2
LH:2
BRDA:4,0,0,288
BRDA:4,0,1,8
BRDA:9,1,0,288
BRDA:9,1,1,8
BRDA:14,2,0,288
BRDA:14,2,1,8
BRDA:20,3,0,288
BRDA:20,3,1,8
BRDA:25,4,0,288
BRDA:25,4,1,8
BRF:10
BRH:10
end_of_record
TN:
SF:src/primitives/OrdersFilterPrmt/StatusContainerPrmt/StatusChangedPrmt/StatusChangedPrmt.tsx
FN:11,(anonymous_1)
FNF:1
FNH:1
FNDA:288,(anonymous_1)
DA:2,8
DA:3,8
DA:4,8
DA:11,288
DA:12,288
DA:14,288
LF:6
LH:6
BRDA:16,0,0,288
BRDA:16,0,1,99
BRF:2
BRH:2
end_of_record
TN:
SF:src/primitives/OrdersFilterPrmt/StatusContainerPrmt/StatusUnmodifiedPrmt/StatusUnmodifiedPrmt.styles.ts
FN:3,(anonymous_1)
FNF:1
FNH:1
FNDA:342,(anonymous_1)
DA:1,8
DA:3,342
LF:2
LH:2
BRDA:4,0,0,342
BRDA:4,0,1,6
BRDA:9,1,0,342
BRDA:9,1,1,6
BRDA:15,2,0,342
BRDA:15,2,1,6
BRDA:20,3,0,342
BRDA:20,3,1,6
BRF:8
BRH:8
end_of_record
TN:
SF:src/primitives/OrdersFilterPrmt/StatusContainerPrmt/StatusUnmodifiedPrmt/StatusUnmodifiedPrmt.tsx
FN:11,(anonymous_1)
FNF:1
FNH:1
FNDA:342,(anonymous_1)
DA:2,8
DA:3,8
DA:4,8
DA:11,342
DA:12,342
DA:14,342
LF:6
LH:6
BRDA:21,0,0,342
BRDA:21,0,1,189
BRF:2
BRH:2
end_of_record
TN:
SF:src/primitives/OrdersFilterPrmt/StatusContainerPrmt/StatusUpdatedPrmt/StatusUpdatedPrmt.styles.ts
FN:3,(anonymous_1)
FNF:1
FNH:1
FNDA:1005,(anonymous_1)
DA:1,8
DA:3,1005
LF:2
LH:2
BRDA:4,0,0,1005
BRDA:4,0,1,8
BRDA:9,1,0,1005
BRDA:9,1,1,8
BRDA:15,2,0,1005
BRDA:15,2,1,8
BRDA:20,3,0,1005
BRDA:20,3,1,8
BRDA:25,4,0,1005
BRDA:25,4,1,8
BRDA:30,5,0,1005
BRDA:30,5,1,8
BRF:12
BRH:12
end_of_record
TN:
SF:src/primitives/OrdersFilterPrmt/StatusContainerPrmt/StatusUpdatedPrmt/StatusUpdatedPrmt.tsx
FN:13,(anonymous_1)
FNF:1
FNH:1
FNDA:1131,(anonymous_1)
DA:2,8
DA:3,8
DA:4,8
DA:5,8
DA:6,8
DA:13,1131
DA:14,1131
DA:16,1131
LF:8
LH:8
BRDA:25,0,0,1131
BRDA:25,0,1,90
BRF:2
BRH:2
end_of_record
TN:
SF:src/primitives/PaginationPrmt/PaginationPrmt.tsx
FN:9,(anonymous_0)
FNF:1
FNH:1
FNDA:32,(anonymous_0)
DA:2,5
DA:9,32
DA:10,32
LF:3
LH:3
BRF:0
BRH:0
end_of_record
TN:
SF:src/primitives/RangeTime5Prmt/RangeTime5Prmt.styles.ts
FN:5,(anonymous_1)
FNF:1
FNH:0
FNDA:0,(anonymous_1)
DA:1,1
DA:3,1
DA:5,1
LF:3
LH:3
BRDA:6,0,0,0
BRDA:6,0,1,0
BRDA:10,1,0,0
BRDA:10,1,1,0
BRDA:14,2,0,0
BRDA:14,2,1,0
BRDA:17,3,0,0
BRDA:17,3,1,0
BRF:8
BRH:0
end_of_record
TN:
SF:src/primitives/RangeTime5Prmt/RangeTime5Prmt.tsx
FN:17,(anonymous_1)
FNF:1
FNH:0
FNDA:0,(anonymous_1)
DA:2,1
DA:3,1
DA:4,1
DA:5,1
DA:6,1
DA:7,1
DA:8,1
DA:9,1
DA:10,1
DA:17,1
DA:18,0
DA:20,0
LF:12
LH:10
BRDA:25,0,0,0
BRDA:25,0,1,0
BRDA:25,1,0,0
BRDA:25,1,1,0
BRDA:32,2,0,0
BRDA:32,2,1,0
BRDA:32,3,0,0
BRDA:32,3,1,0
BRF:8
BRH:0
end_of_record
TN:
SF:src/primitives/RangeTime5Prmt/RangeTime5LgPrmt/RangeTime5LgPrmt.styles.ts
FNF:0
FNH:0
DA:1,1
DA:2,1
LF:2
LH:2
BRF:0
BRH:0
end_of_record
TN:
SF:src/primitives/RangeTime5Prmt/RangeTime5LgPrmt/RangeTime5LgPrmt.tsx
FN:14,(anonymous_1)
FNF:1
FNH:0
FNDA:0,(anonymous_1)
DA:2,1
DA:3,1
DA:4,1
DA:5,1
DA:6,1
DA:8,1
DA:14,1
DA:15,0
LF:8
LH:7
BRDA:19,0,0,0
BRDA:19,0,1,0
BRDA:19,1,0,0
BRDA:19,1,1,0
BRDA:20,2,0,0
BRDA:20,2,1,0
BRDA:20,3,0,0
BRDA:20,3,1,0
BRF:8
BRH:0
end_of_record
TN:
SF:src/primitives/RangeTime5Prmt/RangeTime5MdPrmt/RangeTime5MdPrmt.styles.ts
FNF:0
FNH:0
DA:1,1
DA:2,1
LF:2
LH:2
BRF:0
BRH:0
end_of_record
TN:
SF:src/primitives/RangeTime5Prmt/RangeTime5MdPrmt/RangeTime5MdPrmt.tsx
FN:14,(anonymous_1)
FNF:1
FNH:0
FNDA:0,(anonymous_1)
DA:2,1
DA:3,1
DA:4,1
DA:5,1
DA:6,1
DA:8,1
DA:14,1
LF:7
LH:7
BRDA:17,0,0,0
BRDA:17,0,1,0
BRDA:17,1,0,0
BRDA:17,1,1,0
BRDA:23,2,0,0
BRDA:23,2,1,0
BRDA:23,3,0,0
BRDA:23,3,1,0
BRF:8
BRH:0
end_of_record
TN:
SF:src/primitives/RangeTime5Prmt/RangeTime5SmPrmt/RangeTime5SmPrmt.styles.ts
FNF:0
FNH:0
DA:1,1
LF:1
LH:1
BRF:0
BRH:0
end_of_record
TN:
SF:src/primitives/RangeTime5Prmt/RangeTime5SmPrmt/RangeTime5SmPrmt.tsx
FN:14,(anonymous_1)
FNF:1
FNH:0
FNDA:0,(anonymous_1)
DA:1,1
DA:3,1
DA:4,1
DA:5,1
DA:6,1
DA:7,1
DA:14,1
LF:7
LH:7
BRDA:18,0,0,0
BRDA:18,0,1,0
BRDA:18,1,0,0
BRDA:18,1,1,0
BRDA:22,2,0,0
BRDA:22,2,1,0
BRDA:22,3,0,0
BRDA:22,3,1,0
BRF:8
BRH:0
end_of_record
TN:
SF:src/primitives/RowPrmt/RowPrmt.tsx
FN:9,(anonymous_0)
FNF:1
FNH:1
FNDA:24,(anonymous_0)
DA:1,4
DA:9,24
DA:10,24
LF:3
LH:3
BRF:0
BRH:0
end_of_record
TN:
SF:src/primitives/SelectPrmt/SelectPrmt.tsx
FN:9,(anonymous_0)
FN:15,(anonymous_1)
FNF:2
FNH:0
FNDA:0,(anonymous_0)
FNDA:0,(anonymous_1)
DA:2,1
DA:9,1
DA:10,0
DA:15,0
LF:4
LH:2
BRDA:15,0,0,0
BRDA:15,0,1,0
BRDA:15,1,0,0
BRDA:15,1,1,0
BRDA:15,2,0,0
BRDA:15,2,1,0
BRDA:15,3,0,0
BRDA:15,3,1,0
BRF:8
BRH:0
end_of_record
TN:
SF:src/primitives/TextPrmt/TextPrmt.styles.ts
FN:3,(anonymous_1)
FNF:1
FNH:0
FNDA:0,(anonymous_1)
DA:1,1
DA:3,1
LF:2
LH:2
BRDA:4,0,0,0
BRDA:4,0,1,0
BRF:2
BRH:0
end_of_record
TN:
SF:src/primitives/TextPrmt/TextPrmt.tsx
FN:11,(anonymous_0)
FNF:1
FNH:0
FNDA:0,(anonymous_0)
DA:1,1
DA:3,1
DA:9,1
DA:11,1
DA:12,0
DA:13,0
LF:6
LH:4
BRF:0
BRH:0
end_of_record
TN:
SF:src/primitives/TextTypographyPrmt/TextTypographyPrmt.tsx
FN:9,(anonymous_0)
FNF:1
FNH:0
FNDA:0,(anonymous_0)
DA:1,1
DA:9,1
DA:10,0
DA:12,0
LF:4
LH:2
BRF:0
BRH:0
end_of_record
TN:
SF:src/primitives/ThemeWrapperPrmt/ThemeContextPrmt.tsx
FN:16,(anonymous_0)
FN:18,(anonymous_1)
FN:21,(anonymous_2)
FN:24,(anonymous_3)
FN:31,(anonymous_4)
FNF:5
FNH:5
FNDA:4,(anonymous_0)
FNDA:52,(anonymous_1)
FNDA:6,(anonymous_2)
FNDA:6,(anonymous_3)
FNDA:6,(anonymous_4)
DA:1,11
DA:14,11
DA:21,11
DA:22,6
DA:24,6
DA:25,6
DA:28,6
DA:30,6
DA:31,6
DA:40,6
LF:10
LH:10
BRDA:22,0,0,6
BRDA:22,0,1,0
BRDA:22,1,0,6
BRDA:22,1,1,6
BRF:4
BRH:3
end_of_record
TN:
SF:src/primitives/WeeksAndYearsPanelPrmt/WeeksAndYearsPanelPrmt.styles.ts
FN:3,(anonymous_1)
FNF:1
FNH:0
FNDA:0,(anonymous_1)
DA:1,1
DA:3,1
LF:2
LH:2
BRDA:4,0,0,0
BRDA:4,0,1,0
BRDA:8,1,0,0
BRDA:8,1,1,0
BRDA:14,2,0,0
BRDA:14,2,1,0
BRF:6
BRH:0
end_of_record
TN:
SF:src/primitives/WeeksAndYearsPanelPrmt/WeeksAndYearsPanelPrmt.tsx
FN:5,(anonymous_0)
FNF:1
FNH:0
FNDA:0,(anonymous_0)
DA:2,1
DA:3,1
DA:5,1
DA:6,0
DA:8,0
LF:5
LH:3
BRF:0
BRH:0
end_of_record
TN:
SF:src/primitives/WelcomePrmt/WelcomePrmt.styles.ts
FN:6,(anonymous_1)
FNF:1
FNH:1
FNDA:32,(anonymous_1)
DA:1,8
DA:3,8
DA:4,8
DA:6,32
LF:4
LH:4
BRDA:7,0,0,32
BRDA:7,0,1,8
BRDA:10,1,0,32
BRDA:10,1,1,8
BRDA:15,2,0,32
BRDA:15,2,1,8
BRDA:20,3,0,32
BRDA:20,3,1,8
BRDA:23,4,0,32
BRDA:23,4,1,8
BRF:10
BRH:10
end_of_record
TN:
SF:src/primitives/WelcomePrmt/WelcomePrmt.tsx
FN:12,(anonymous_0)
FN:21,(anonymous_1)
FNF:2
FNH:2
FNDA:32,(anonymous_0)
FNDA:96,(anonymous_1)
DA:1,8
DA:3,8
DA:10,8
DA:12,32
DA:13,32
DA:15,32
DA:21,96
LF:7
LH:7
BRF:0
BRH:0
end_of_record
TN:
SF:src/primitives/WelcomePrmt/FourImagesBgPrmt/FourImagesBgPrmt.styles.ts
FN:5,(anonymous_1)
FNF:1
FNH:1
FNDA:16,(anonymous_1)
DA:1,4
DA:3,4
DA:5,16
LF:3
LH:3
BRDA:6,0,0,16
BRDA:6,0,1,4
BRF:2
BRH:2
end_of_record
TN:
SF:src/primitives/WelcomePrmt/FourImagesBgPrmt/FourImagesBgPrmt.tsx
FN:10,(anonymous_1)
FN:15,(anonymous_2)
FNF:2
FNH:2
FNDA:16,(anonymous_1)
FNDA:64,(anonymous_2)
DA:2,4
DA:3,4
DA:10,16
DA:11,16
DA:13,16
DA:15,64
LF:6
LH:6
BRDA:15,0,0,0
BRDA:15,0,1,16
BRDA:15,1,0,16
BRDA:15,1,1,16
BRF:4
BRH:3
end_of_record
TN:
SF:src/primitives/WelcomePrmt/SingleImageBgPrmt/SingleImageBgPrmt.styles.ts
FN:5,(anonymous_1)
FNF:1
FNH:1
FNDA:16,(anonymous_1)
DA:1,4
DA:3,4
DA:5,16
LF:3
LH:3
BRDA:6,0,0,16
BRDA:6,0,1,4
BRF:2
BRH:2
end_of_record
TN:
SF:src/primitives/WelcomePrmt/SingleImageBgPrmt/SingleImageBgPrmt.tsx
FN:10,(anonymous_1)
FNF:1
FNH:1
FNDA:16,(anonymous_1)
DA:2,4
DA:3,4
DA:10,16
DA:11,16
DA:13,16
LF:5
LH:5
BRF:0
BRH:0
end_of_record
TN:
SF:src/primitives/WelcomePrmt/WelcomeAuthButtonsPrmt/WelcomeAuthButtonsPrmt.tsx
FN:8,(anonymous_0)
FNF:1
FNH:1
FNDA:27,(anonymous_0)
DA:2,8
DA:8,27
LF:2
LH:2
BRF:0
BRH:0
end_of_record
TN:
SF:src/primitives/WelcomePrmt/WelcomeAuthButtonsPrmt/WelcomeButtonPrmt/WelcomeButtonPrmt.tsx
FN:9,(anonymous_0)
FNF:1
FNH:1
FNDA:166,(anonymous_0)
DA:2,8
DA:9,166
LF:2
LH:2
BRF:0
BRH:0
end_of_record
TN:
SF:src/primitives/WidgetContainerPrmt/WidgetContainerPrmt.styles.ts
FN:5,(anonymous_1)
FNF:1
FNH:0
FNDA:0,(anonymous_1)
DA:1,1
DA:3,1
DA:5,1
LF:3
LH:3
BRDA:6,0,0,0
BRDA:6,0,1,0
BRDA:15,1,0,0
BRDA:15,1,1,0
BRDA:18,2,0,0
BRDA:18,2,1,0
BRDA:24,3,0,0
BRDA:24,3,1,0
BRDA:28,4,0,0
BRDA:28,4,1,0
BRDA:32,5,0,0
BRDA:32,5,1,0
BRF:12
BRH:0
end_of_record
TN:
SF:src/primitives/WidgetContainerPrmt/WidgetContainerPrmt.tsx
FN:13,(anonymous_1)
FNF:1
FNH:0
FNDA:0,(anonymous_1)
DA:2,1
DA:3,1
DA:4,1
DA:5,1
DA:6,1
DA:13,1
DA:14,0
DA:18,0
DA:20,0
LF:9
LH:6
BRDA:23,0,0,0
BRDA:23,0,1,0
BRDA:24,1,0,0
BRDA:24,1,1,0
BRF:4
BRH:0
end_of_record
TN:
SF:src/templates/DiffClosedCardsPage/DiffClosedCardsPage.tsx
FN:15,(anonymous_0)
FNF:1
FNH:1
FNDA:4,(anonymous_0)
DA:2,1
DA:3,1
DA:4,1
DA:5,1
DA:6,1
DA:7,1
DA:8,1
DA:9,1
DA:10,1
DA:11,1
DA:12,1
DA:13,1
DA:15,4
LF:13
LH:13
BRF:0
BRH:0
end_of_record
TN:
SF:src/templates/DiffClosedCardsPage/data.ts
FN:5,(anonymous_0)
FN:10,(anonymous_1)
FN:15,(anonymous_2)
FNF:3
FNH:0
FNDA:0,(anonymous_0)
FNDA:0,(anonymous_1)
FNDA:0,(anonymous_2)
DA:1,1
DA:19,1
DA:334,1
LF:3
LH:3
BRF:0
BRH:0
end_of_record
TN:
SF:src/templates/DiffOpenedCardsPage/DiffOpenedCardsPage.tsx
FN:14,(anonymous_0)
FNF:1
FNH:1
FNDA:4,(anonymous_0)
DA:2,1
DA:3,1
DA:4,1
DA:5,1
DA:6,1
DA:7,1
DA:8,1
DA:9,1
DA:10,1
DA:11,1
DA:12,1
DA:14,4
LF:12
LH:12
BRF:0
BRH:0
end_of_record
TN:
SF:src/templates/DiffOpenedCardsPage/data.ts
FN:5,(anonymous_0)
FN:10,(anonymous_1)
FN:15,(anonymous_2)
FNF:3
FNH:0
FNDA:0,(anonymous_0)
FNDA:0,(anonymous_1)
FNDA:0,(anonymous_2)
DA:1,1
DA:19,1
DA:334,1
LF:3
LH:3
BRF:0
BRH:0
end_of_record
TN:
SF:src/templates/DiffOpenedCardsWithDialogPage/DiffOpenedCardsWithDialogPage.tsx
FN:18,RootComponent
FN:72,(anonymous_1)
FN:74,IndexComponent
FN:80,(anonymous_3)
FN:82,DialogComponent
FN:95,(anonymous_5)
FNF:6
FNH:5
FNDA:4,RootComponent
FNDA:1,(anonymous_1)
FNDA:4,IndexComponent
FNDA:1,(anonymous_3)
FNDA:0,DialogComponent
FNDA:4,(anonymous_5)
DA:2,1
DA:3,1
DA:4,1
DA:5,1
DA:6,1
DA:7,1
DA:8,1
DA:9,1
DA:10,1
DA:11,1
DA:12,1
DA:13,1
DA:14,1
DA:15,1
DA:17,1
DA:19,4
DA:71,1
DA:72,1
DA:75,4
DA:79,1
DA:80,1
DA:83,0
DA:87,1
DA:89,1
DA:93,1
DA:95,4
LF:26
LH:25
BRF:0
BRH:0
end_of_record
TN:
SF:src/templates/DiffOpenedCardsWithDialogPage/data.ts
FN:5,(anonymous_0)
FN:10,(anonymous_1)
FN:15,(anonymous_2)
FNF:3
FNH:0
FNDA:0,(anonymous_0)
FNDA:0,(anonymous_1)
FNDA:0,(anonymous_2)
DA:1,1
DA:19,1
DA:334,1
LF:3
LH:3
BRF:0
BRH:0
end_of_record
TN:
SF:src/templates/HomePage/HomePage.tsx
FN:5,(anonymous_0)
FNF:1
FNH:1
FNDA:4,(anonymous_0)
DA:2,1
DA:3,1
DA:5,4
LF:3
LH:3
BRF:0
BRH:0
end_of_record
TN:
SF:src/templates/HomePage/data.ts
FN:5,(anonymous_0)
FN:10,(anonymous_1)
FN:15,(anonymous_2)
FNF:3
FNH:0
FNDA:0,(anonymous_0)
FNDA:0,(anonymous_1)
FNDA:0,(anonymous_2)
DA:1,1
LF:1
LH:1
BRF:0
BRH:0
end_of_record
TN:
SF:src/templates/OrderListPreviewPage/OrderListPreviewPage.tsx
FN:13,(anonymous_0)
FNF:1
FNH:1
FNDA:4,(anonymous_0)
DA:2,1
DA:3,1
DA:4,1
DA:5,1
DA:6,1
DA:7,1
DA:8,1
DA:9,1
DA:10,1
DA:11,1
DA:13,4
LF:11
LH:11
BRF:0
BRH:0
end_of_record
TN:
SF:src/templates/OrderListPreviewPage/data.ts
FN:5,(anonymous_0)
FN:10,(anonymous_1)
FN:15,(anonymous_2)
FNF:3
FNH:0
FNDA:0,(anonymous_0)
FNDA:0,(anonymous_1)
FNDA:0,(anonymous_2)
DA:1,1
DA:19,1
DA:334,1
LF:3
LH:3
BRF:0
BRH:0
end_of_record
TN:
SF:src/templates/OrderPage/OrderPage.tsx
FN:24,(anonymous_1)
FNF:1
FNH:1
FNDA:4,(anonymous_1)
DA:2,1
DA:3,1
DA:4,1
DA:5,1
DA:6,1
DA:7,1
DA:8,1
DA:9,1
DA:10,1
DA:11,1
DA:12,1
DA:13,1
DA:14,1
DA:15,1
DA:16,1
DA:17,1
DA:18,1
DA:19,1
DA:20,1
DA:21,1
DA:22,1
DA:24,4
LF:22
LH:22
BRF:0
BRH:0
end_of_record
TN:
SF:src/templates/OrderPage/data.tsx
FN:9,(anonymous_0)
FN:14,(anonymous_1)
FN:19,(anonymous_2)
FNF:3
FNH:0
FNDA:0,(anonymous_0)
FNDA:0,(anonymous_1)
FNDA:0,(anonymous_2)
DA:1,1
DA:3,1
DA:5,1
DA:23,1
DA:50,1
LF:5
LH:5
BRF:0
BRH:0
end_of_record
TN:
SF:src/templates/OrdersFilterClosedPage/OrdersFilterClosedPage.tsx
FN:9,(anonymous_0)
FNF:1
FNH:1
FNDA:4,(anonymous_0)
DA:2,1
DA:3,1
DA:4,1
DA:5,1
DA:6,1
DA:7,1
DA:9,4
LF:7
LH:7
BRF:0
BRH:0
end_of_record
TN:
SF:src/templates/OrdersFilterClosedPage/data.ts
FN:5,(anonymous_0)
FN:10,(anonymous_1)
FN:15,(anonymous_2)
FNF:3
FNH:0
FNDA:0,(anonymous_0)
FNDA:0,(anonymous_1)
FNDA:0,(anonymous_2)
DA:1,1
DA:19,1
DA:166,1
LF:3
LH:3
BRF:0
BRH:0
end_of_record
TN:
SF:src/templates/OrdersFilterClosedWithDialogPage/OrdersFilterClosedWithDialogPage.tsx
FN:16,RootComponent
FN:44,(anonymous_1)
FN:46,IndexComponent
FN:52,(anonymous_3)
FN:54,DialogComponent
FN:67,(anonymous_5)
FNF:6
FNH:5
FNDA:4,RootComponent
FNDA:1,(anonymous_1)
FNDA:4,IndexComponent
FNDA:1,(anonymous_3)
FNDA:0,DialogComponent
FNDA:4,(anonymous_5)
DA:2,1
DA:3,1
DA:4,1
DA:5,1
DA:6,1
DA:7,1
DA:8,1
DA:9,1
DA:10,1
DA:11,1
DA:12,1
DA:13,1
DA:15,1
DA:17,4
DA:43,1
DA:44,1
DA:47,4
DA:51,1
DA:52,1
DA:55,0
DA:59,1
DA:61,1
DA:65,1
DA:67,4
LF:24
LH:23
BRF:0
BRH:0
end_of_record
TN:
SF:src/templates/OrdersFilterClosedWithDialogPage/data.ts
FN:5,(anonymous_0)
FN:10,(anonymous_1)
FN:15,(anonymous_2)
FNF:3
FNH:0
FNDA:0,(anonymous_0)
FNDA:0,(anonymous_1)
FNDA:0,(anonymous_2)
DA:1,1
DA:19,1
DA:334,1
LF:3
LH:3
BRF:0
BRH:0
end_of_record
TN:
SF:src/templates/OrdersFilterOpenedPage/OrdersFilterOpenedPage.tsx
FN:7,(anonymous_0)
FNF:1
FNH:1
FNDA:4,(anonymous_0)
DA:2,1
DA:3,1
DA:4,1
DA:5,1
DA:7,4
LF:5
LH:5
BRF:0
BRH:0
end_of_record
TN:
SF:src/templates/OrdersFilterOpenedPage/data.ts
FN:5,(anonymous_0)
FN:10,(anonymous_1)
FN:15,(anonymous_2)
FNF:3
FNH:0
FNDA:0,(anonymous_0)
FNDA:0,(anonymous_1)
FNDA:0,(anonymous_2)
DA:1,1
DA:19,1
LF:2
LH:2
BRF:0
BRH:0
end_of_record
TN:
SF:src/templates/OrdersFilterOpenedWithDialogPage/OrdersFilterOpenedWithDialogPage.tsx
FN:13,RootComponent
FN:31,(anonymous_1)
FN:33,IndexComponent
FN:46,(anonymous_3)
FN:48,DialogComponent
FN:74,(anonymous_5)
FNF:6
FNH:5
FNDA:4,RootComponent
FNDA:1,(anonymous_1)
FNDA:4,IndexComponent
FNDA:1,(anonymous_3)
FNDA:0,DialogComponent
FNDA:4,(anonymous_5)
DA:2,1
DA:3,1
DA:4,1
DA:5,1
DA:6,1
DA:7,1
DA:8,1
DA:9,1
DA:10,1
DA:12,1
DA:14,4
DA:15,4
DA:30,1
DA:31,1
DA:34,4
DA:35,4
DA:45,1
DA:46,1
DA:49,0
DA:50,0
DA:66,1
DA:68,1
DA:72,1
DA:74,4
LF:24
LH:22
BRDA:15,0,0,1
BRDA:15,0,1,3
BRDA:36,1,0,4
BRDA:36,1,1,1
BRDA:50,2,0,0
BRDA:50,2,1,0
BRF:6
BRH:4
end_of_record
TN:
SF:src/templates/OrdersFilterOpenedWithDialogPage/data.ts
FN:5,(anonymous_0)
FN:10,(anonymous_1)
FN:15,(anonymous_2)
FNF:3
FNH:0
FNDA:0,(anonymous_0)
FNDA:0,(anonymous_1)
FNDA:0,(anonymous_2)
DA:1,1
DA:19,1
LF:2
LH:2
BRF:0
BRH:0
end_of_record
TN:
SF:src/templates/WelcomePages/WelcomePage1/WelcomePage1.tsx
FN:8,(anonymous_0)
FNF:1
FNH:1
FNDA:4,(anonymous_0)
DA:2,1
DA:3,1
DA:4,1
DA:5,1
DA:6,1
DA:8,4
LF:6
LH:6
BRF:0
BRH:0
end_of_record
TN:
SF:src/templates/WelcomePages/WelcomePage1/data.ts
FN:28,(anonymous_1)
FN:33,(anonymous_2)
FN:38,(anonymous_3)
FN:43,(anonymous_4)
FN:44,(anonymous_5)
FNF:5
FNH:0
FNDA:0,(anonymous_1)
FNDA:0,(anonymous_2)
FNDA:0,(anonymous_3)
FNDA:0,(anonymous_4)
FNDA:0,(anonymous_5)
DA:1,1
DA:2,1
DA:3,1
DA:4,1
DA:17,1
DA:24,1
DA:42,1
LF:7
LH:7
BRF:0
BRH:0
end_of_record
TN:
SF:src/templates/WelcomePages/WelcomePage2/WelcomePage2.tsx
FN:10,(anonymous_1)
FNF:1
FNH:1
FNDA:4,(anonymous_1)
DA:2,1
DA:3,1
DA:4,1
DA:5,1
DA:6,1
DA:7,1
DA:8,1
DA:10,4
LF:8
LH:8
BRF:0
BRH:0
end_of_record
TN:
SF:src/templates/WelcomePages/WelcomePage2/data.ts
FN:28,(anonymous_1)
FN:33,(anonymous_2)
FN:38,(anonymous_3)
FN:43,(anonymous_4)
FN:44,(anonymous_5)
FN:45,(anonymous_6)
FN:46,(anonymous_7)
FN:47,(anonymous_8)
FN:48,(anonymous_9)
FN:49,(anonymous_10)
FN:50,(anonymous_11)
FN:51,(anonymous_12)
FN:52,(anonymous_13)
FNF:13
FNH:0
FNDA:0,(anonymous_1)
FNDA:0,(anonymous_2)
FNDA:0,(anonymous_3)
FNDA:0,(anonymous_4)
FNDA:0,(anonymous_5)
FNDA:0,(anonymous_6)
FNDA:0,(anonymous_7)
FNDA:0,(anonymous_8)
FNDA:0,(anonymous_9)
FNDA:0,(anonymous_10)
FNDA:0,(anonymous_11)
FNDA:0,(anonymous_12)
FNDA:0,(anonymous_13)
DA:1,1
DA:2,1
DA:3,1
DA:4,1
DA:17,1
DA:24,1
DA:42,1
LF:7
LH:7
BRF:0
BRH:0
end_of_record
TN:
SF:src/templates/WelcomePages/WelcomePage3/WelcomePage3.tsx
FN:10,(anonymous_1)
FNF:1
FNH:1
FNDA:4,(anonymous_1)
DA:2,1
DA:3,1
DA:4,1
DA:5,1
DA:6,1
DA:7,1
DA:8,1
DA:10,4
LF:8
LH:8
BRF:0
BRH:0
end_of_record
TN:
SF:src/templates/WelcomePages/WelcomePage3/data.ts
FN:28,(anonymous_1)
FN:33,(anonymous_2)
FN:38,(anonymous_3)
FN:43,(anonymous_4)
FN:44,(anonymous_5)
FN:45,(anonymous_6)
FN:46,(anonymous_7)
FN:47,(anonymous_8)
FN:48,(anonymous_9)
FN:49,(anonymous_10)
FN:50,(anonymous_11)
FN:51,(anonymous_12)
FN:52,(anonymous_13)
FNF:13
FNH:0
FNDA:0,(anonymous_1)
FNDA:0,(anonymous_2)
FNDA:0,(anonymous_3)
FNDA:0,(anonymous_4)
FNDA:0,(anonymous_5)
FNDA:0,(anonymous_6)
FNDA:0,(anonymous_7)
FNDA:0,(anonymous_8)
FNDA:0,(anonymous_9)
FNDA:0,(anonymous_10)
FNDA:0,(anonymous_11)
FNDA:0,(anonymous_12)
FNDA:0,(anonymous_13)
DA:1,1
DA:2,1
DA:3,1
DA:4,1
DA:17,1
DA:24,1
DA:42,1
LF:7
LH:7
BRF:0
BRH:0
end_of_record
TN:
SF:src/templates/WelcomePages/WelcomePage4/WelcomePage4.tsx
FN:8,(anonymous_0)
FNF:1
FNH:1
FNDA:4,(anonymous_0)
DA:2,1
DA:3,1
DA:4,1
DA:5,1
DA:6,1
DA:8,4
LF:6
LH:6
BRF:0
BRH:0
end_of_record
TN:
SF:src/templates/WelcomePages/WelcomePage4/data.ts
FN:28,(anonymous_1)
FN:33,(anonymous_2)
FN:38,(anonymous_3)
FN:43,(anonymous_4)
FN:44,(anonymous_5)
FN:45,(anonymous_6)
FN:46,(anonymous_7)
FN:47,(anonymous_8)
FN:48,(anonymous_9)
FN:49,(anonymous_10)
FN:50,(anonymous_11)
FN:51,(anonymous_12)
FN:52,(anonymous_13)
FNF:13
FNH:0
FNDA:0,(anonymous_1)
FNDA:0,(anonymous_2)
FNDA:0,(anonymous_3)
FNDA:0,(anonymous_4)
FNDA:0,(anonymous_5)
FNDA:0,(anonymous_6)
FNDA:0,(anonymous_7)
FNDA:0,(anonymous_8)
FNDA:0,(anonymous_9)
FNDA:0,(anonymous_10)
FNDA:0,(anonymous_11)
FNDA:0,(anonymous_12)
FNDA:0,(anonymous_13)
DA:1,1
DA:2,1
DA:3,1
DA:4,1
DA:17,1
DA:24,1
DA:42,1
LF:7
LH:7
BRF:0
BRH:0
end_of_record
TN:
SF:src/templates/WelcomePages/WelcomePage5/WelcomePage5.tsx
FN:11,(anonymous_1)
FNF:1
FNH:1
FNDA:4,(anonymous_1)
DA:2,1
DA:3,1
DA:4,1
DA:5,1
DA:6,1
DA:7,1
DA:8,1
DA:9,1
DA:11,4
LF:9
LH:9
BRF:0
BRH:0
end_of_record
TN:
SF:src/templates/WelcomePages/WelcomePage5/data.ts
FN:11,(anonymous_0)
FN:16,(anonymous_1)
FN:21,(anonymous_2)
FN:26,(anonymous_3)
FN:27,(anonymous_4)
FNF:5
FNH:0
FNDA:0,(anonymous_0)
FNDA:0,(anonymous_1)
FNDA:0,(anonymous_2)
FNDA:0,(anonymous_3)
FNDA:0,(anonymous_4)
DA:7,1
DA:25,1
LF:2
LH:2
BRF:0
BRH:0
end_of_record
TN:
SF:src/templates/WelcomePages/WelcomePage6/WelcomePage6.tsx
FN:11,(anonymous_1)
FNF:1
FNH:1
FNDA:4,(anonymous_1)
DA:2,1
DA:3,1
DA:4,1
DA:5,1
DA:6,1
DA:7,1
DA:8,1
DA:9,1
DA:11,4
LF:9
LH:9
BRF:0
BRH:0
end_of_record
TN:
SF:src/templates/WelcomePages/WelcomePage6/data.ts
FN:11,(anonymous_0)
FN:16,(anonymous_1)
FN:21,(anonymous_2)
FN:26,(anonymous_3)
FN:27,(anonymous_4)
FN:28,(anonymous_5)
FN:29,(anonymous_6)
FN:30,(anonymous_7)
FN:31,(anonymous_8)
FN:32,(anonymous_9)
FN:33,(anonymous_10)
FN:34,(anonymous_11)
FN:35,(anonymous_12)
FNF:13
FNH:0
FNDA:0,(anonymous_0)
FNDA:0,(anonymous_1)
FNDA:0,(anonymous_2)
FNDA:0,(anonymous_3)
FNDA:0,(anonymous_4)
FNDA:0,(anonymous_5)
FNDA:0,(anonymous_6)
FNDA:0,(anonymous_7)
FNDA:0,(anonymous_8)
FNDA:0,(anonymous_9)
FNDA:0,(anonymous_10)
FNDA:0,(anonymous_11)
FNDA:0,(anonymous_12)
DA:7,1
DA:25,1
LF:2
LH:2
BRF:0
BRH:0
end_of_record
TN:
SF:src/templates/WelcomePages/WelcomePage7/WelcomePage7.tsx
FN:11,(anonymous_1)
FNF:1
FNH:1
FNDA:4,(anonymous_1)
DA:2,1
DA:3,1
DA:4,1
DA:5,1
DA:6,1
DA:7,1
DA:8,1
DA:9,1
DA:11,4
LF:9
LH:9
BRF:0
BRH:0
end_of_record
TN:
SF:src/templates/WelcomePages/WelcomePage7/data.ts
FN:11,(anonymous_0)
FN:16,(anonymous_1)
FN:21,(anonymous_2)
FN:26,(anonymous_3)
FN:27,(anonymous_4)
FN:28,(anonymous_5)
FN:29,(anonymous_6)
FN:30,(anonymous_7)
FN:31,(anonymous_8)
FN:32,(anonymous_9)
FN:33,(anonymous_10)
FN:34,(anonymous_11)
FN:35,(anonymous_12)
FNF:13
FNH:0
FNDA:0,(anonymous_0)
FNDA:0,(anonymous_1)
FNDA:0,(anonymous_2)
FNDA:0,(anonymous_3)
FNDA:0,(anonymous_4)
FNDA:0,(anonymous_5)
FNDA:0,(anonymous_6)
FNDA:0,(anonymous_7)
FNDA:0,(anonymous_8)
FNDA:0,(anonymous_9)
FNDA:0,(anonymous_10)
FNDA:0,(anonymous_11)
FNDA:0,(anonymous_12)
DA:7,1
DA:25,1
LF:2
LH:2
BRF:0
BRH:0
end_of_record
TN:
SF:src/templates/WelcomePages/WelcomePage8/WelcomePage8.tsx
FN:9,(anonymous_1)
FNF:1
FNH:1
FNDA:4,(anonymous_1)
DA:2,1
DA:3,1
DA:4,1
DA:5,1
DA:6,1
DA:7,1
DA:9,4
LF:7
LH:7
BRF:0
BRH:0
end_of_record
TN:
SF:src/templates/WelcomePages/WelcomePage8/data.ts
FN:11,(anonymous_0)
FN:16,(anonymous_1)
FN:21,(anonymous_2)
FN:26,(anonymous_3)
FN:27,(anonymous_4)
FN:28,(anonymous_5)
FN:29,(anonymous_6)
FN:30,(anonymous_7)
FN:31,(anonymous_8)
FN:32,(anonymous_9)
FN:33,(anonymous_10)
FN:34,(anonymous_11)
FN:35,(anonymous_12)
FNF:13
FNH:0
FNDA:0,(anonymous_0)
FNDA:0,(anonymous_1)
FNDA:0,(anonymous_2)
FNDA:0,(anonymous_3)
FNDA:0,(anonymous_4)
FNDA:0,(anonymous_5)
FNDA:0,(anonymous_6)
FNDA:0,(anonymous_7)
FNDA:0,(anonymous_8)
FNDA:0,(anonymous_9)
FNDA:0,(anonymous_10)
FNDA:0,(anonymous_11)
FNDA:0,(anonymous_12)
DA:7,1
DA:25,1
LF:2
LH:2
BRF:0
BRH:0
end_of_record
